CRITICAL - 2022-06-15 13:09:06 --> Undefined variable $currentPage
#0 C:\xampp\htdocs\si_inventaris_ci4\app\Views\supplier\supplier.php(63): CodeIgniter\Debug\Exceptions->errorHandler(2, 'Undefined varia...', 'C:\\xampp\\htdocs...', 63)
#1 C:\xampp\htdocs\si_inventaris_ci4\system\View\View.php(210): include('C:\\xampp\\htdocs...')
#2 C:\xampp\htdocs\si_inventaris_ci4\system\View\View.php(213): CodeIgniter\View\View->CodeIgniter\View\{closure}()
#3 C:\xampp\htdocs\si_inventaris_ci4\system\Common.php(1089): CodeIgniter\View\View->render('supplier/suppli...', Array, true)
#4 C:\xampp\htdocs\si_inventaris_ci4\app\Controllers\Supplier.php(67): view('supplier/suppli...', Array)
#5 C:\xampp\htdocs\si_inventaris_ci4\system\CodeIgniter.php(832): App\Controllers\Supplier->index()
#6 C:\xampp\htdocs\si_inventaris_ci4\system\CodeIgniter.php(419): CodeIgniter\CodeIgniter->runController(Object(App\Controllers\Supplier))
#7 C:\xampp\htdocs\si_inventaris_ci4\system\CodeIgniter.php(326): CodeIgniter\CodeIgniter->handleRequest(NULL, Object(Config\Cache), false)
#8 C:\xampp\htdocs\si_inventaris_ci4\public\index.php(37): CodeIgniter\CodeIgniter->run()
#9 C:\xampp\htdocs\si_inventaris_ci4\system\Commands\Server\rewrite.php(43): require_once('C:\\xampp\\htdocs...')
#10 {main}
CRITICAL - 2022-06-15 15:50:35 --> Undefined property: stdClass::$barang_bagus
#0 C:\xampp\htdocs\si_inventaris_ci4\app\Views\menyimpan\edit.php(82): CodeIgniter\Debug\Exceptions->errorHandler(2, 'Undefined prope...', 'C:\\xampp\\htdocs...', 82)
#1 C:\xampp\htdocs\si_inventaris_ci4\system\View\View.php(210): include('C:\\xampp\\htdocs...')
#2 C:\xampp\htdocs\si_inventaris_ci4\system\View\View.php(213): CodeIgniter\View\View->CodeIgniter\View\{closure}()
#3 C:\xampp\htdocs\si_inventaris_ci4\system\Common.php(1089): CodeIgniter\View\View->render('menyimpan/edit', Array, true)
#4 C:\xampp\htdocs\si_inventaris_ci4\app\Controllers\Penyimpanan.php(156): view('menyimpan/edit', Array)
#5 C:\xampp\htdocs\si_inventaris_ci4\system\CodeIgniter.php(832): App\Controllers\Penyimpanan->edit('5')
#6 C:\xampp\htdocs\si_inventaris_ci4\system\CodeIgniter.php(419): CodeIgniter\CodeIgniter->runController(Object(App\Controllers\Penyimpanan))
#7 C:\xampp\htdocs\si_inventaris_ci4\system\CodeIgniter.php(326): CodeIgniter\CodeIgniter->handleRequest(NULL, Object(Config\Cache), false)
#8 C:\xampp\htdocs\si_inventaris_ci4\public\index.php(37): CodeIgniter\CodeIgniter->run()
#9 C:\xampp\htdocs\si_inventaris_ci4\system\Commands\Server\rewrite.php(43): require_once('C:\\xampp\\htdocs...')
#10 {main}
CRITICAL - 2022-06-15 16:09:03 --> syntax error, unexpected token ";"
#0 C:\xampp\htdocs\si_inventaris_ci4\system\View\View.php(213): CodeIgniter\View\View->CodeIgniter\View\{closure}()
#1 C:\xampp\htdocs\si_inventaris_ci4\system\Common.php(1089): CodeIgniter\View\View->render('ruangan/view', Array, true)
#2 C:\xampp\htdocs\si_inventaris_ci4\app\Controllers\Ruangan.php(295): view('ruangan/view', Array)
#3 C:\xampp\htdocs\si_inventaris_ci4\system\CodeIgniter.php(832): App\Controllers\Ruangan->view('11')
#4 C:\xampp\htdocs\si_inventaris_ci4\system\CodeIgniter.php(419): CodeIgniter\CodeIgniter->runController(Object(App\Controllers\Ruangan))
#5 C:\xampp\htdocs\si_inventaris_ci4\system\CodeIgniter.php(326): CodeIgniter\CodeIgniter->handleRequest(NULL, Object(Config\Cache), false)
#6 C:\xampp\htdocs\si_inventaris_ci4\public\index.php(37): CodeIgniter\CodeIgniter->run()
#7 C:\xampp\htdocs\si_inventaris_ci4\system\Commands\Server\rewrite.php(43): require_once('C:\\xampp\\htdocs...')
#8 {main}
CRITICAL - 2022-06-15 16:44:23 --> Attempt to read property "id_barang" on null
#0 C:\xampp\htdocs\si_inventaris_ci4\app\Views\qrcode\pdf.php(183): CodeIgniter\Debug\Exceptions->errorHandler(2, 'Attempt to read...', 'C:\\xampp\\htdocs...', 183)
#1 C:\xampp\htdocs\si_inventaris_ci4\system\View\View.php(210): include('C:\\xampp\\htdocs...')
#2 C:\xampp\htdocs\si_inventaris_ci4\system\View\View.php(213): CodeIgniter\View\View->CodeIgniter\View\{closure}()
#3 C:\xampp\htdocs\si_inventaris_ci4\system\Common.php(1089): CodeIgniter\View\View->render('qrcode/pdf', Array, true)
#4 C:\xampp\htdocs\si_inventaris_ci4\app\Controllers\Scan.php(40): view('qrcode/pdf', Array)
#5 C:\xampp\htdocs\si_inventaris_ci4\system\CodeIgniter.php(832): App\Controllers\Scan->pdf('dimension.png')
#6 C:\xampp\htdocs\si_inventaris_ci4\system\CodeIgniter.php(419): CodeIgniter\CodeIgniter->runController(Object(App\Controllers\Scan))
#7 C:\xampp\htdocs\si_inventaris_ci4\system\CodeIgniter.php(326): CodeIgniter\CodeIgniter->handleRequest(NULL, Object(Config\Cache), false)
#8 C:\xampp\htdocs\si_inventaris_ci4\public\index.php(37): CodeIgniter\CodeIgniter->run()
#9 C:\xampp\htdocs\si_inventaris_ci4\system\Commands\Server\rewrite.php(43): require_once('C:\\xampp\\htdocs...')
#10 {main}
CRITICAL - 2022-06-15 16:44:45 --> Attempt to read property "id_barang" on null
#0 C:\xampp\htdocs\si_inventaris_ci4\app\Views\qrcode\pdf.php(183): CodeIgniter\Debug\Exceptions->errorHandler(2, 'Attempt to read...', 'C:\\xampp\\htdocs...', 183)
#1 C:\xampp\htdocs\si_inventaris_ci4\system\View\View.php(210): include('C:\\xampp\\htdocs...')
#2 C:\xampp\htdocs\si_inventaris_ci4\system\View\View.php(213): CodeIgniter\View\View->CodeIgniter\View\{closure}()
#3 C:\xampp\htdocs\si_inventaris_ci4\system\Common.php(1089): CodeIgniter\View\View->render('qrcode/pdf', Array, true)
#4 C:\xampp\htdocs\si_inventaris_ci4\app\Controllers\Scan.php(40): view('qrcode/pdf', Array)
#5 C:\xampp\htdocs\si_inventaris_ci4\system\CodeIgniter.php(832): App\Controllers\Scan->pdf('dimension.png')
#6 C:\xampp\htdocs\si_inventaris_ci4\system\CodeIgniter.php(419): CodeIgniter\CodeIgniter->runController(Object(App\Controllers\Scan))
#7 C:\xampp\htdocs\si_inventaris_ci4\system\CodeIgniter.php(326): CodeIgniter\CodeIgniter->handleRequest(NULL, Object(Config\Cache), false)
#8 C:\xampp\htdocs\si_inventaris_ci4\public\index.php(37): CodeIgniter\CodeIgniter->run()
#9 C:\xampp\htdocs\si_inventaris_ci4\system\Commands\Server\rewrite.php(43): require_once('C:\\xampp\\htdocs...')
#10 {main}
CRITICAL - 2022-06-15 16:45:35 --> Attempt to read property "id_barang" on null
#0 C:\xampp\htdocs\si_inventaris_ci4\app\Views\qrcode\pdf.php(183): CodeIgniter\Debug\Exceptions->errorHandler(2, 'Attempt to read...', 'C:\\xampp\\htdocs...', 183)
#1 C:\xampp\htdocs\si_inventaris_ci4\system\View\View.php(210): include('C:\\xampp\\htdocs...')
#2 C:\xampp\htdocs\si_inventaris_ci4\system\View\View.php(213): CodeIgniter\View\View->CodeIgniter\View\{closure}()
#3 C:\xampp\htdocs\si_inventaris_ci4\system\Common.php(1089): CodeIgniter\View\View->render('qrcode/pdf', Array, true)
#4 C:\xampp\htdocs\si_inventaris_ci4\app\Controllers\Scan.php(40): view('qrcode/pdf', Array)
#5 C:\xampp\htdocs\si_inventaris_ci4\system\CodeIgniter.php(832): App\Controllers\Scan->pdf('dimension.png')
#6 C:\xampp\htdocs\si_inventaris_ci4\system\CodeIgniter.php(419): CodeIgniter\CodeIgniter->runController(Object(App\Controllers\Scan))
#7 C:\xampp\htdocs\si_inventaris_ci4\system\CodeIgniter.php(326): CodeIgniter\CodeIgniter->handleRequest(NULL, Object(Config\Cache), false)
#8 C:\xampp\htdocs\si_inventaris_ci4\public\index.php(37): CodeIgniter\CodeIgniter->run()
#9 C:\xampp\htdocs\si_inventaris_ci4\system\Commands\Server\rewrite.php(43): require_once('C:\\xampp\\htdocs...')
#10 {main}
CRITICAL - 2022-06-15 16:46:38 --> Attempt to read property "id_barang" on null
#0 C:\xampp\htdocs\si_inventaris_ci4\app\Views\qrcode\pdf.php(183): CodeIgniter\Debug\Exceptions->errorHandler(2, 'Attempt to read...', 'C:\\xampp\\htdocs...', 183)
#1 C:\xampp\htdocs\si_inventaris_ci4\system\View\View.php(210): include('C:\\xampp\\htdocs...')
#2 C:\xampp\htdocs\si_inventaris_ci4\system\View\View.php(213): CodeIgniter\View\View->CodeIgniter\View\{closure}()
#3 C:\xampp\htdocs\si_inventaris_ci4\system\Common.php(1089): CodeIgniter\View\View->render('qrcode/pdf', Array, true)
#4 C:\xampp\htdocs\si_inventaris_ci4\app\Controllers\Scan.php(40): view('qrcode/pdf', Array)
#5 C:\xampp\htdocs\si_inventaris_ci4\system\CodeIgniter.php(832): App\Controllers\Scan->pdf('dimension.png')
#6 C:\xampp\htdocs\si_inventaris_ci4\system\CodeIgniter.php(419): CodeIgniter\CodeIgniter->runController(Object(App\Controllers\Scan))
#7 C:\xampp\htdocs\si_inventaris_ci4\system\CodeIgniter.php(326): CodeIgniter\CodeIgniter->handleRequest(NULL, Object(Config\Cache), false)
#8 C:\xampp\htdocs\si_inventaris_ci4\public\index.php(37): CodeIgniter\CodeIgniter->run()
#9 C:\xampp\htdocs\si_inventaris_ci4\system\Commands\Server\rewrite.php(43): require_once('C:\\xampp\\htdocs...')
#10 {main}
CRITICAL - 2022-06-15 16:46:53 --> Attempt to read property "id_barang" on null
#0 C:\xampp\htdocs\si_inventaris_ci4\app\Views\qrcode\pdf.php(183): CodeIgniter\Debug\Exceptions->errorHandler(2, 'Attempt to read...', 'C:\\xampp\\htdocs...', 183)
#1 C:\xampp\htdocs\si_inventaris_ci4\system\View\View.php(210): include('C:\\xampp\\htdocs...')
#2 C:\xampp\htdocs\si_inventaris_ci4\system\View\View.php(213): CodeIgniter\View\View->CodeIgniter\View\{closure}()
#3 C:\xampp\htdocs\si_inventaris_ci4\system\Common.php(1089): CodeIgniter\View\View->render('qrcode/pdf', Array, true)
#4 C:\xampp\htdocs\si_inventaris_ci4\app\Controllers\Scan.php(40): view('qrcode/pdf', Array)
#5 C:\xampp\htdocs\si_inventaris_ci4\system\CodeIgniter.php(832): App\Controllers\Scan->pdf('dimension.png')
#6 C:\xampp\htdocs\si_inventaris_ci4\system\CodeIgniter.php(419): CodeIgniter\CodeIgniter->runController(Object(App\Controllers\Scan))
#7 C:\xampp\htdocs\si_inventaris_ci4\system\CodeIgniter.php(326): CodeIgniter\CodeIgniter->handleRequest(NULL, Object(Config\Cache), false)
#8 C:\xampp\htdocs\si_inventaris_ci4\public\index.php(37): CodeIgniter\CodeIgniter->run()
#9 C:\xampp\htdocs\si_inventaris_ci4\system\Commands\Server\rewrite.php(43): require_once('C:\\xampp\\htdocs...')
#10 {main}
CRITICAL - 2022-06-15 16:47:31 --> Attempt to read property "id_barang" on null
#0 C:\xampp\htdocs\si_inventaris_ci4\app\Views\qrcode\pdf.php(183): CodeIgniter\Debug\Exceptions->errorHandler(2, 'Attempt to read...', 'C:\\xampp\\htdocs...', 183)
#1 C:\xampp\htdocs\si_inventaris_ci4\system\View\View.php(210): include('C:\\xampp\\htdocs...')
#2 C:\xampp\htdocs\si_inventaris_ci4\system\View\View.php(213): CodeIgniter\View\View->CodeIgniter\View\{closure}()
#3 C:\xampp\htdocs\si_inventaris_ci4\system\Common.php(1089): CodeIgniter\View\View->render('qrcode/pdf', Array, true)
#4 C:\xampp\htdocs\si_inventaris_ci4\app\Controllers\Scan.php(40): view('qrcode/pdf', Array)
#5 C:\xampp\htdocs\si_inventaris_ci4\system\CodeIgniter.php(832): App\Controllers\Scan->pdf('dimension.png')
#6 C:\xampp\htdocs\si_inventaris_ci4\system\CodeIgniter.php(419): CodeIgniter\CodeIgniter->runController(Object(App\Controllers\Scan))
#7 C:\xampp\htdocs\si_inventaris_ci4\system\CodeIgniter.php(326): CodeIgniter\CodeIgniter->handleRequest(NULL, Object(Config\Cache), false)
#8 C:\xampp\htdocs\si_inventaris_ci4\public\index.php(37): CodeIgniter\CodeIgniter->run()
#9 C:\xampp\htdocs\si_inventaris_ci4\system\Commands\Server\rewrite.php(43): require_once('C:\\xampp\\htdocs...')
#10 {main}
CRITICAL - 2022-06-15 16:48:03 --> Attempt to read property "id_barang" on null
#0 C:\xampp\htdocs\si_inventaris_ci4\app\Views\qrcode\pdf.php(183): CodeIgniter\Debug\Exceptions->errorHandler(2, 'Attempt to read...', 'C:\\xampp\\htdocs...', 183)
#1 C:\xampp\htdocs\si_inventaris_ci4\system\View\View.php(210): include('C:\\xampp\\htdocs...')
#2 C:\xampp\htdocs\si_inventaris_ci4\system\View\View.php(213): CodeIgniter\View\View->CodeIgniter\View\{closure}()
#3 C:\xampp\htdocs\si_inventaris_ci4\system\Common.php(1089): CodeIgniter\View\View->render('qrcode/pdf', Array, true)
#4 C:\xampp\htdocs\si_inventaris_ci4\app\Controllers\Scan.php(40): view('qrcode/pdf', Array)
#5 C:\xampp\htdocs\si_inventaris_ci4\system\CodeIgniter.php(832): App\Controllers\Scan->pdf('dimension.png')
#6 C:\xampp\htdocs\si_inventaris_ci4\system\CodeIgniter.php(419): CodeIgniter\CodeIgniter->runController(Object(App\Controllers\Scan))
#7 C:\xampp\htdocs\si_inventaris_ci4\system\CodeIgniter.php(326): CodeIgniter\CodeIgniter->handleRequest(NULL, Object(Config\Cache), false)
#8 C:\xampp\htdocs\si_inventaris_ci4\public\index.php(37): CodeIgniter\CodeIgniter->run()
#9 C:\xampp\htdocs\si_inventaris_ci4\system\Commands\Server\rewrite.php(43): require_once('C:\\xampp\\htdocs...')
#10 {main}
CRITICAL - 2022-06-15 16:48:07 --> Attempt to read property "id_barang" on null
#0 C:\xampp\htdocs\si_inventaris_ci4\app\Views\qrcode\pdf.php(183): CodeIgniter\Debug\Exceptions->errorHandler(2, 'Attempt to read...', 'C:\\xampp\\htdocs...', 183)
#1 C:\xampp\htdocs\si_inventaris_ci4\system\View\View.php(210): include('C:\\xampp\\htdocs...')
#2 C:\xampp\htdocs\si_inventaris_ci4\system\View\View.php(213): CodeIgniter\View\View->CodeIgniter\View\{closure}()
#3 C:\xampp\htdocs\si_inventaris_ci4\system\Common.php(1089): CodeIgniter\View\View->render('qrcode/pdf', Array, true)
#4 C:\xampp\htdocs\si_inventaris_ci4\app\Controllers\Scan.php(40): view('qrcode/pdf', Array)
#5 C:\xampp\htdocs\si_inventaris_ci4\system\CodeIgniter.php(832): App\Controllers\Scan->pdf('dimension.png')
#6 C:\xampp\htdocs\si_inventaris_ci4\system\CodeIgniter.php(419): CodeIgniter\CodeIgniter->runController(Object(App\Controllers\Scan))
#7 C:\xampp\htdocs\si_inventaris_ci4\system\CodeIgniter.php(326): CodeIgniter\CodeIgniter->handleRequest(NULL, Object(Config\Cache), false)
#8 C:\xampp\htdocs\si_inventaris_ci4\public\index.php(37): CodeIgniter\CodeIgniter->run()
#9 C:\xampp\htdocs\si_inventaris_ci4\system\Commands\Server\rewrite.php(43): require_once('C:\\xampp\\htdocs...')
#10 {main}
CRITICAL - 2022-06-15 16:48:44 --> Attempt to read property "id_barang" on null
#0 C:\xampp\htdocs\si_inventaris_ci4\app\Views\qrcode\pdf.php(183): CodeIgniter\Debug\Exceptions->errorHandler(2, 'Attempt to read...', 'C:\\xampp\\htdocs...', 183)
#1 C:\xampp\htdocs\si_inventaris_ci4\system\View\View.php(210): include('C:\\xampp\\htdocs...')
#2 C:\xampp\htdocs\si_inventaris_ci4\system\View\View.php(213): CodeIgniter\View\View->CodeIgniter\View\{closure}()
#3 C:\xampp\htdocs\si_inventaris_ci4\system\Common.php(1089): CodeIgniter\View\View->render('qrcode/pdf', Array, true)
#4 C:\xampp\htdocs\si_inventaris_ci4\app\Controllers\Scan.php(40): view('qrcode/pdf', Array)
#5 C:\xampp\htdocs\si_inventaris_ci4\system\CodeIgniter.php(832): App\Controllers\Scan->pdf('dimension.png')
#6 C:\xampp\htdocs\si_inventaris_ci4\system\CodeIgniter.php(419): CodeIgniter\CodeIgniter->runController(Object(App\Controllers\Scan))
#7 C:\xampp\htdocs\si_inventaris_ci4\system\CodeIgniter.php(326): CodeIgniter\CodeIgniter->handleRequest(NULL, Object(Config\Cache), false)
#8 C:\xampp\htdocs\si_inventaris_ci4\public\index.php(37): CodeIgniter\CodeIgniter->run()
#9 C:\xampp\htdocs\si_inventaris_ci4\system\Commands\Server\rewrite.php(43): require_once('C:\\xampp\\htdocs...')
#10 {main}
CRITICAL - 2022-06-15 16:48:58 --> Attempt to read property "id_barang" on null
#0 C:\xampp\htdocs\si_inventaris_ci4\app\Views\qrcode\pdf.php(183): CodeIgniter\Debug\Exceptions->errorHandler(2, 'Attempt to read...', 'C:\\xampp\\htdocs...', 183)
#1 C:\xampp\htdocs\si_inventaris_ci4\system\View\View.php(210): include('C:\\xampp\\htdocs...')
#2 C:\xampp\htdocs\si_inventaris_ci4\system\View\View.php(213): CodeIgniter\View\View->CodeIgniter\View\{closure}()
#3 C:\xampp\htdocs\si_inventaris_ci4\system\Common.php(1089): CodeIgniter\View\View->render('qrcode/pdf', Array, true)
#4 C:\xampp\htdocs\si_inventaris_ci4\app\Controllers\Scan.php(40): view('qrcode/pdf', Array)
#5 C:\xampp\htdocs\si_inventaris_ci4\system\CodeIgniter.php(832): App\Controllers\Scan->pdf('dimension.png')
#6 C:\xampp\htdocs\si_inventaris_ci4\system\CodeIgniter.php(419): CodeIgniter\CodeIgniter->runController(Object(App\Controllers\Scan))
#7 C:\xampp\htdocs\si_inventaris_ci4\system\CodeIgniter.php(326): CodeIgniter\CodeIgniter->handleRequest(NULL, Object(Config\Cache), false)
#8 C:\xampp\htdocs\si_inventaris_ci4\public\index.php(37): CodeIgniter\CodeIgniter->run()
#9 C:\xampp\htdocs\si_inventaris_ci4\system\Commands\Server\rewrite.php(43): require_once('C:\\xampp\\htdocs...')
#10 {main}
CRITICAL - 2022-06-15 16:49:18 --> Attempt to read property "id_barang" on null
#0 C:\xampp\htdocs\si_inventaris_ci4\app\Views\qrcode\pdf.php(183): CodeIgniter\Debug\Exceptions->errorHandler(2, 'Attempt to read...', 'C:\\xampp\\htdocs...', 183)
#1 C:\xampp\htdocs\si_inventaris_ci4\system\View\View.php(210): include('C:\\xampp\\htdocs...')
#2 C:\xampp\htdocs\si_inventaris_ci4\system\View\View.php(213): CodeIgniter\View\View->CodeIgniter\View\{closure}()
#3 C:\xampp\htdocs\si_inventaris_ci4\system\Common.php(1089): CodeIgniter\View\View->render('qrcode/pdf', Array, true)
#4 C:\xampp\htdocs\si_inventaris_ci4\app\Controllers\Scan.php(40): view('qrcode/pdf', Array)
#5 C:\xampp\htdocs\si_inventaris_ci4\system\CodeIgniter.php(832): App\Controllers\Scan->pdf('dimension.png')
#6 C:\xampp\htdocs\si_inventaris_ci4\system\CodeIgniter.php(419): CodeIgniter\CodeIgniter->runController(Object(App\Controllers\Scan))
#7 C:\xampp\htdocs\si_inventaris_ci4\system\CodeIgniter.php(326): CodeIgniter\CodeIgniter->handleRequest(NULL, Object(Config\Cache), false)
#8 C:\xampp\htdocs\si_inventaris_ci4\public\index.php(37): CodeIgniter\CodeIgniter->run()
#9 C:\xampp\htdocs\si_inventaris_ci4\system\Commands\Server\rewrite.php(43): require_once('C:\\xampp\\htdocs...')
#10 {main}
CRITICAL - 2022-06-15 16:49:57 --> Attempt to read property "id_barang" on null
#0 C:\xampp\htdocs\si_inventaris_ci4\app\Views\qrcode\pdf.php(183): CodeIgniter\Debug\Exceptions->errorHandler(2, 'Attempt to read...', 'C:\\xampp\\htdocs...', 183)
#1 C:\xampp\htdocs\si_inventaris_ci4\system\View\View.php(210): include('C:\\xampp\\htdocs...')
#2 C:\xampp\htdocs\si_inventaris_ci4\system\View\View.php(213): CodeIgniter\View\View->CodeIgniter\View\{closure}()
#3 C:\xampp\htdocs\si_inventaris_ci4\system\Common.php(1089): CodeIgniter\View\View->render('qrcode/pdf', Array, true)
#4 C:\xampp\htdocs\si_inventaris_ci4\app\Controllers\Scan.php(40): view('qrcode/pdf', Array)
#5 C:\xampp\htdocs\si_inventaris_ci4\system\CodeIgniter.php(832): App\Controllers\Scan->pdf('dimension.png')
#6 C:\xampp\htdocs\si_inventaris_ci4\system\CodeIgniter.php(419): CodeIgniter\CodeIgniter->runController(Object(App\Controllers\Scan))
#7 C:\xampp\htdocs\si_inventaris_ci4\system\CodeIgniter.php(326): CodeIgniter\CodeIgniter->handleRequest(NULL, Object(Config\Cache), false)
#8 C:\xampp\htdocs\si_inventaris_ci4\public\index.php(37): CodeIgniter\CodeIgniter->run()
#9 C:\xampp\htdocs\si_inventaris_ci4\system\Commands\Server\rewrite.php(43): require_once('C:\\xampp\\htdocs...')
#10 {main}
CRITICAL - 2022-06-15 16:50:14 --> Attempt to read property "id_barang" on null
#0 C:\xampp\htdocs\si_inventaris_ci4\app\Views\qrcode\pdf.php(183): CodeIgniter\Debug\Exceptions->errorHandler(2, 'Attempt to read...', 'C:\\xampp\\htdocs...', 183)
#1 C:\xampp\htdocs\si_inventaris_ci4\system\View\View.php(210): include('C:\\xampp\\htdocs...')
#2 C:\xampp\htdocs\si_inventaris_ci4\system\View\View.php(213): CodeIgniter\View\View->CodeIgniter\View\{closure}()
#3 C:\xampp\htdocs\si_inventaris_ci4\system\Common.php(1089): CodeIgniter\View\View->render('qrcode/pdf', Array, true)
#4 C:\xampp\htdocs\si_inventaris_ci4\app\Controllers\Scan.php(40): view('qrcode/pdf', Array)
#5 C:\xampp\htdocs\si_inventaris_ci4\system\CodeIgniter.php(832): App\Controllers\Scan->pdf('dimension.png')
#6 C:\xampp\htdocs\si_inventaris_ci4\system\CodeIgniter.php(419): CodeIgniter\CodeIgniter->runController(Object(App\Controllers\Scan))
#7 C:\xampp\htdocs\si_inventaris_ci4\system\CodeIgniter.php(326): CodeIgniter\CodeIgniter->handleRequest(NULL, Object(Config\Cache), false)
#8 C:\xampp\htdocs\si_inventaris_ci4\public\index.php(37): CodeIgniter\CodeIgniter->run()
#9 C:\xampp\htdocs\si_inventaris_ci4\system\Commands\Server\rewrite.php(43): require_once('C:\\xampp\\htdocs...')
#10 {main}
CRITICAL - 2022-06-15 16:50:31 --> Attempt to read property "id_barang" on null
#0 C:\xampp\htdocs\si_inventaris_ci4\app\Views\qrcode\pdf.php(183): CodeIgniter\Debug\Exceptions->errorHandler(2, 'Attempt to read...', 'C:\\xampp\\htdocs...', 183)
#1 C:\xampp\htdocs\si_inventaris_ci4\system\View\View.php(210): include('C:\\xampp\\htdocs...')
#2 C:\xampp\htdocs\si_inventaris_ci4\system\View\View.php(213): CodeIgniter\View\View->CodeIgniter\View\{closure}()
#3 C:\xampp\htdocs\si_inventaris_ci4\system\Common.php(1089): CodeIgniter\View\View->render('qrcode/pdf', Array, true)
#4 C:\xampp\htdocs\si_inventaris_ci4\app\Controllers\Scan.php(40): view('qrcode/pdf', Array)
#5 C:\xampp\htdocs\si_inventaris_ci4\system\CodeIgniter.php(832): App\Controllers\Scan->pdf('dimension.png')
#6 C:\xampp\htdocs\si_inventaris_ci4\system\CodeIgniter.php(419): CodeIgniter\CodeIgniter->runController(Object(App\Controllers\Scan))
#7 C:\xampp\htdocs\si_inventaris_ci4\system\CodeIgniter.php(326): CodeIgniter\CodeIgniter->handleRequest(NULL, Object(Config\Cache), false)
#8 C:\xampp\htdocs\si_inventaris_ci4\public\index.php(37): CodeIgniter\CodeIgniter->run()
#9 C:\xampp\htdocs\si_inventaris_ci4\system\Commands\Server\rewrite.php(43): require_once('C:\\xampp\\htdocs...')
#10 {main}
CRITICAL - 2022-06-15 16:50:57 --> Attempt to read property "id_barang" on null
#0 C:\xampp\htdocs\si_inventaris_ci4\app\Views\qrcode\pdf.php(183): CodeIgniter\Debug\Exceptions->errorHandler(2, 'Attempt to read...', 'C:\\xampp\\htdocs...', 183)
#1 C:\xampp\htdocs\si_inventaris_ci4\system\View\View.php(210): include('C:\\xampp\\htdocs...')
#2 C:\xampp\htdocs\si_inventaris_ci4\system\View\View.php(213): CodeIgniter\View\View->CodeIgniter\View\{closure}()
#3 C:\xampp\htdocs\si_inventaris_ci4\system\Common.php(1089): CodeIgniter\View\View->render('qrcode/pdf', Array, true)
#4 C:\xampp\htdocs\si_inventaris_ci4\app\Controllers\Scan.php(40): view('qrcode/pdf', Array)
#5 C:\xampp\htdocs\si_inventaris_ci4\system\CodeIgniter.php(832): App\Controllers\Scan->pdf('dimension.png')
#6 C:\xampp\htdocs\si_inventaris_ci4\system\CodeIgniter.php(419): CodeIgniter\CodeIgniter->runController(Object(App\Controllers\Scan))
#7 C:\xampp\htdocs\si_inventaris_ci4\system\CodeIgniter.php(326): CodeIgniter\CodeIgniter->handleRequest(NULL, Object(Config\Cache), false)
#8 C:\xampp\htdocs\si_inventaris_ci4\public\index.php(37): CodeIgniter\CodeIgniter->run()
#9 C:\xampp\htdocs\si_inventaris_ci4\system\Commands\Server\rewrite.php(43): require_once('C:\\xampp\\htdocs...')
#10 {main}
CRITICAL - 2022-06-15 16:51:05 --> Attempt to read property "id_barang" on null
#0 C:\xampp\htdocs\si_inventaris_ci4\app\Views\qrcode\pdf.php(183): CodeIgniter\Debug\Exceptions->errorHandler(2, 'Attempt to read...', 'C:\\xampp\\htdocs...', 183)
#1 C:\xampp\htdocs\si_inventaris_ci4\system\View\View.php(210): include('C:\\xampp\\htdocs...')
#2 C:\xampp\htdocs\si_inventaris_ci4\system\View\View.php(213): CodeIgniter\View\View->CodeIgniter\View\{closure}()
#3 C:\xampp\htdocs\si_inventaris_ci4\system\Common.php(1089): CodeIgniter\View\View->render('qrcode/pdf', Array, true)
#4 C:\xampp\htdocs\si_inventaris_ci4\app\Controllers\Scan.php(40): view('qrcode/pdf', Array)
#5 C:\xampp\htdocs\si_inventaris_ci4\system\CodeIgniter.php(832): App\Controllers\Scan->pdf('dimension.png')
#6 C:\xampp\htdocs\si_inventaris_ci4\system\CodeIgniter.php(419): CodeIgniter\CodeIgniter->runController(Object(App\Controllers\Scan))
#7 C:\xampp\htdocs\si_inventaris_ci4\system\CodeIgniter.php(326): CodeIgniter\CodeIgniter->handleRequest(NULL, Object(Config\Cache), false)
#8 C:\xampp\htdocs\si_inventaris_ci4\public\index.php(37): CodeIgniter\CodeIgniter->run()
#9 C:\xampp\htdocs\si_inventaris_ci4\system\Commands\Server\rewrite.php(43): require_once('C:\\xampp\\htdocs...')
#10 {main}
CRITICAL - 2022-06-15 16:51:34 --> Attempt to read property "id_barang" on null
#0 C:\xampp\htdocs\si_inventaris_ci4\app\Views\qrcode\pdf.php(183): CodeIgniter\Debug\Exceptions->errorHandler(2, 'Attempt to read...', 'C:\\xampp\\htdocs...', 183)
#1 C:\xampp\htdocs\si_inventaris_ci4\system\View\View.php(210): include('C:\\xampp\\htdocs...')
#2 C:\xampp\htdocs\si_inventaris_ci4\system\View\View.php(213): CodeIgniter\View\View->CodeIgniter\View\{closure}()
#3 C:\xampp\htdocs\si_inventaris_ci4\system\Common.php(1089): CodeIgniter\View\View->render('qrcode/pdf', Array, true)
#4 C:\xampp\htdocs\si_inventaris_ci4\app\Controllers\Scan.php(40): view('qrcode/pdf', Array)
#5 C:\xampp\htdocs\si_inventaris_ci4\system\CodeIgniter.php(832): App\Controllers\Scan->pdf('dimension.png')
#6 C:\xampp\htdocs\si_inventaris_ci4\system\CodeIgniter.php(419): CodeIgniter\CodeIgniter->runController(Object(App\Controllers\Scan))
#7 C:\xampp\htdocs\si_inventaris_ci4\system\CodeIgniter.php(326): CodeIgniter\CodeIgniter->handleRequest(NULL, Object(Config\Cache), false)
#8 C:\xampp\htdocs\si_inventaris_ci4\public\index.php(37): CodeIgniter\CodeIgniter->run()
#9 C:\xampp\htdocs\si_inventaris_ci4\system\Commands\Server\rewrite.php(43): require_once('C:\\xampp\\htdocs...')
#10 {main}
CRITICAL - 2022-06-15 16:51:41 --> Attempt to read property "id_barang" on null
#0 C:\xampp\htdocs\si_inventaris_ci4\app\Views\qrcode\pdf.php(183): CodeIgniter\Debug\Exceptions->errorHandler(2, 'Attempt to read...', 'C:\\xampp\\htdocs...', 183)
#1 C:\xampp\htdocs\si_inventaris_ci4\system\View\View.php(210): include('C:\\xampp\\htdocs...')
#2 C:\xampp\htdocs\si_inventaris_ci4\system\View\View.php(213): CodeIgniter\View\View->CodeIgniter\View\{closure}()
#3 C:\xampp\htdocs\si_inventaris_ci4\system\Common.php(1089): CodeIgniter\View\View->render('qrcode/pdf', Array, true)
#4 C:\xampp\htdocs\si_inventaris_ci4\app\Controllers\Scan.php(40): view('qrcode/pdf', Array)
#5 C:\xampp\htdocs\si_inventaris_ci4\system\CodeIgniter.php(832): App\Controllers\Scan->pdf('dimension.png')
#6 C:\xampp\htdocs\si_inventaris_ci4\system\CodeIgniter.php(419): CodeIgniter\CodeIgniter->runController(Object(App\Controllers\Scan))
#7 C:\xampp\htdocs\si_inventaris_ci4\system\CodeIgniter.php(326): CodeIgniter\CodeIgniter->handleRequest(NULL, Object(Config\Cache), false)
#8 C:\xampp\htdocs\si_inventaris_ci4\public\index.php(37): CodeIgniter\CodeIgniter->run()
#9 C:\xampp\htdocs\si_inventaris_ci4\system\Commands\Server\rewrite.php(43): require_once('C:\\xampp\\htdocs...')
#10 {main}
CRITICAL - 2022-06-15 16:51:47 --> Attempt to read property "id_barang" on null
#0 C:\xampp\htdocs\si_inventaris_ci4\app\Views\qrcode\pdf.php(183): CodeIgniter\Debug\Exceptions->errorHandler(2, 'Attempt to read...', 'C:\\xampp\\htdocs...', 183)
#1 C:\xampp\htdocs\si_inventaris_ci4\system\View\View.php(210): include('C:\\xampp\\htdocs...')
#2 C:\xampp\htdocs\si_inventaris_ci4\system\View\View.php(213): CodeIgniter\View\View->CodeIgniter\View\{closure}()
#3 C:\xampp\htdocs\si_inventaris_ci4\system\Common.php(1089): CodeIgniter\View\View->render('qrcode/pdf', Array, true)
#4 C:\xampp\htdocs\si_inventaris_ci4\app\Controllers\Scan.php(40): view('qrcode/pdf', Array)
#5 C:\xampp\htdocs\si_inventaris_ci4\system\CodeIgniter.php(832): App\Controllers\Scan->pdf('dimension.png')
#6 C:\xampp\htdocs\si_inventaris_ci4\system\CodeIgniter.php(419): CodeIgniter\CodeIgniter->runController(Object(App\Controllers\Scan))
#7 C:\xampp\htdocs\si_inventaris_ci4\system\CodeIgniter.php(326): CodeIgniter\CodeIgniter->handleRequest(NULL, Object(Config\Cache), false)
#8 C:\xampp\htdocs\si_inventaris_ci4\public\index.php(37): CodeIgniter\CodeIgniter->run()
#9 C:\xampp\htdocs\si_inventaris_ci4\system\Commands\Server\rewrite.php(43): require_once('C:\\xampp\\htdocs...')
#10 {main}
CRITICAL - 2022-06-15 16:52:03 --> Attempt to read property "id_barang" on null
#0 C:\xampp\htdocs\si_inventaris_ci4\app\Views\qrcode\pdf.php(183): CodeIgniter\Debug\Exceptions->errorHandler(2, 'Attempt to read...', 'C:\\xampp\\htdocs...', 183)
#1 C:\xampp\htdocs\si_inventaris_ci4\system\View\View.php(210): include('C:\\xampp\\htdocs...')
#2 C:\xampp\htdocs\si_inventaris_ci4\system\View\View.php(213): CodeIgniter\View\View->CodeIgniter\View\{closure}()
#3 C:\xampp\htdocs\si_inventaris_ci4\system\Common.php(1089): CodeIgniter\View\View->render('qrcode/pdf', Array, true)
#4 C:\xampp\htdocs\si_inventaris_ci4\app\Controllers\Scan.php(40): view('qrcode/pdf', Array)
#5 C:\xampp\htdocs\si_inventaris_ci4\system\CodeIgniter.php(832): App\Controllers\Scan->pdf('dimension.png')
#6 C:\xampp\htdocs\si_inventaris_ci4\system\CodeIgniter.php(419): CodeIgniter\CodeIgniter->runController(Object(App\Controllers\Scan))
#7 C:\xampp\htdocs\si_inventaris_ci4\system\CodeIgniter.php(326): CodeIgniter\CodeIgniter->handleRequest(NULL, Object(Config\Cache), false)
#8 C:\xampp\htdocs\si_inventaris_ci4\public\index.php(37): CodeIgniter\CodeIgniter->run()
#9 C:\xampp\htdocs\si_inventaris_ci4\system\Commands\Server\rewrite.php(43): require_once('C:\\xampp\\htdocs...')
#10 {main}
CRITICAL - 2022-06-15 16:52:16 --> Attempt to read property "id_barang" on null
#0 C:\xampp\htdocs\si_inventaris_ci4\app\Views\qrcode\pdf.php(183): CodeIgniter\Debug\Exceptions->errorHandler(2, 'Attempt to read...', 'C:\\xampp\\htdocs...', 183)
#1 C:\xampp\htdocs\si_inventaris_ci4\system\View\View.php(210): include('C:\\xampp\\htdocs...')
#2 C:\xampp\htdocs\si_inventaris_ci4\system\View\View.php(213): CodeIgniter\View\View->CodeIgniter\View\{closure}()
#3 C:\xampp\htdocs\si_inventaris_ci4\system\Common.php(1089): CodeIgniter\View\View->render('qrcode/pdf', Array, true)
#4 C:\xampp\htdocs\si_inventaris_ci4\app\Controllers\Scan.php(40): view('qrcode/pdf', Array)
#5 C:\xampp\htdocs\si_inventaris_ci4\system\CodeIgniter.php(832): App\Controllers\Scan->pdf('dimension.png')
#6 C:\xampp\htdocs\si_inventaris_ci4\system\CodeIgniter.php(419): CodeIgniter\CodeIgniter->runController(Object(App\Controllers\Scan))
#7 C:\xampp\htdocs\si_inventaris_ci4\system\CodeIgniter.php(326): CodeIgniter\CodeIgniter->handleRequest(NULL, Object(Config\Cache), false)
#8 C:\xampp\htdocs\si_inventaris_ci4\public\index.php(37): CodeIgniter\CodeIgniter->run()
#9 C:\xampp\htdocs\si_inventaris_ci4\system\Commands\Server\rewrite.php(43): require_once('C:\\xampp\\htdocs...')
#10 {main}
CRITICAL - 2022-06-15 16:52:48 --> Attempt to read property "id_barang" on null
#0 C:\xampp\htdocs\si_inventaris_ci4\app\Views\qrcode\pdf.php(183): CodeIgniter\Debug\Exceptions->errorHandler(2, 'Attempt to read...', 'C:\\xampp\\htdocs...', 183)
#1 C:\xampp\htdocs\si_inventaris_ci4\system\View\View.php(210): include('C:\\xampp\\htdocs...')
#2 C:\xampp\htdocs\si_inventaris_ci4\system\View\View.php(213): CodeIgniter\View\View->CodeIgniter\View\{closure}()
#3 C:\xampp\htdocs\si_inventaris_ci4\system\Common.php(1089): CodeIgniter\View\View->render('qrcode/pdf', Array, true)
#4 C:\xampp\htdocs\si_inventaris_ci4\app\Controllers\Scan.php(40): view('qrcode/pdf', Array)
#5 C:\xampp\htdocs\si_inventaris_ci4\system\CodeIgniter.php(832): App\Controllers\Scan->pdf('dimension.png')
#6 C:\xampp\htdocs\si_inventaris_ci4\system\CodeIgniter.php(419): CodeIgniter\CodeIgniter->runController(Object(App\Controllers\Scan))
#7 C:\xampp\htdocs\si_inventaris_ci4\system\CodeIgniter.php(326): CodeIgniter\CodeIgniter->handleRequest(NULL, Object(Config\Cache), false)
#8 C:\xampp\htdocs\si_inventaris_ci4\public\index.php(37): CodeIgniter\CodeIgniter->run()
#9 C:\xampp\htdocs\si_inventaris_ci4\system\Commands\Server\rewrite.php(43): require_once('C:\\xampp\\htdocs...')
#10 {main}
CRITICAL - 2022-06-15 16:52:58 --> Attempt to read property "id_barang" on null
#0 C:\xampp\htdocs\si_inventaris_ci4\app\Views\qrcode\pdf.php(183): CodeIgniter\Debug\Exceptions->errorHandler(2, 'Attempt to read...', 'C:\\xampp\\htdocs...', 183)
#1 C:\xampp\htdocs\si_inventaris_ci4\system\View\View.php(210): include('C:\\xampp\\htdocs...')
#2 C:\xampp\htdocs\si_inventaris_ci4\system\View\View.php(213): CodeIgniter\View\View->CodeIgniter\View\{closure}()
#3 C:\xampp\htdocs\si_inventaris_ci4\system\Common.php(1089): CodeIgniter\View\View->render('qrcode/pdf', Array, true)
#4 C:\xampp\htdocs\si_inventaris_ci4\app\Controllers\Scan.php(40): view('qrcode/pdf', Array)
#5 C:\xampp\htdocs\si_inventaris_ci4\system\CodeIgniter.php(832): App\Controllers\Scan->pdf('dimension.png')
#6 C:\xampp\htdocs\si_inventaris_ci4\system\CodeIgniter.php(419): CodeIgniter\CodeIgniter->runController(Object(App\Controllers\Scan))
#7 C:\xampp\htdocs\si_inventaris_ci4\system\CodeIgniter.php(326): CodeIgniter\CodeIgniter->handleRequest(NULL, Object(Config\Cache), false)
#8 C:\xampp\htdocs\si_inventaris_ci4\public\index.php(37): CodeIgniter\CodeIgniter->run()
#9 C:\xampp\htdocs\si_inventaris_ci4\system\Commands\Server\rewrite.php(43): require_once('C:\\xampp\\htdocs...')
#10 {main}
CRITICAL - 2022-06-15 16:54:51 --> Attempt to read property "id_barang" on null
#0 C:\xampp\htdocs\si_inventaris_ci4\app\Views\qrcode\pdf.php(183): CodeIgniter\Debug\Exceptions->errorHandler(2, 'Attempt to read...', 'C:\\xampp\\htdocs...', 183)
#1 C:\xampp\htdocs\si_inventaris_ci4\system\View\View.php(210): include('C:\\xampp\\htdocs...')
#2 C:\xampp\htdocs\si_inventaris_ci4\system\View\View.php(213): CodeIgniter\View\View->CodeIgniter\View\{closure}()
#3 C:\xampp\htdocs\si_inventaris_ci4\system\Common.php(1089): CodeIgniter\View\View->render('qrcode/pdf', Array, true)
#4 C:\xampp\htdocs\si_inventaris_ci4\app\Controllers\Scan.php(40): view('qrcode/pdf', Array)
#5 C:\xampp\htdocs\si_inventaris_ci4\system\CodeIgniter.php(832): App\Controllers\Scan->pdf('dimension.png')
#6 C:\xampp\htdocs\si_inventaris_ci4\system\CodeIgniter.php(419): CodeIgniter\CodeIgniter->runController(Object(App\Controllers\Scan))
#7 C:\xampp\htdocs\si_inventaris_ci4\system\CodeIgniter.php(326): CodeIgniter\CodeIgniter->handleRequest(NULL, Object(Config\Cache), false)
#8 C:\xampp\htdocs\si_inventaris_ci4\public\index.php(37): CodeIgniter\CodeIgniter->run()
#9 C:\xampp\htdocs\si_inventaris_ci4\system\Commands\Server\rewrite.php(43): require_once('C:\\xampp\\htdocs...')
#10 {main}
CRITICAL - 2022-06-15 16:56:08 --> Attempt to read property "id_barang" on null
#0 C:\xampp\htdocs\si_inventaris_ci4\app\Views\qrcode\pdf.php(183): CodeIgniter\Debug\Exceptions->errorHandler(2, 'Attempt to read...', 'C:\\xampp\\htdocs...', 183)
#1 C:\xampp\htdocs\si_inventaris_ci4\system\View\View.php(210): include('C:\\xampp\\htdocs...')
#2 C:\xampp\htdocs\si_inventaris_ci4\system\View\View.php(213): CodeIgniter\View\View->CodeIgniter\View\{closure}()
#3 C:\xampp\htdocs\si_inventaris_ci4\system\Common.php(1089): CodeIgniter\View\View->render('qrcode/pdf', Array, true)
#4 C:\xampp\htdocs\si_inventaris_ci4\app\Controllers\Scan.php(40): view('qrcode/pdf', Array)
#5 C:\xampp\htdocs\si_inventaris_ci4\system\CodeIgniter.php(832): App\Controllers\Scan->pdf('dimension.png')
#6 C:\xampp\htdocs\si_inventaris_ci4\system\CodeIgniter.php(419): CodeIgniter\CodeIgniter->runController(Object(App\Controllers\Scan))
#7 C:\xampp\htdocs\si_inventaris_ci4\system\CodeIgniter.php(326): CodeIgniter\CodeIgniter->handleRequest(NULL, Object(Config\Cache), false)
#8 C:\xampp\htdocs\si_inventaris_ci4\public\index.php(37): CodeIgniter\CodeIgniter->run()
#9 C:\xampp\htdocs\si_inventaris_ci4\system\Commands\Server\rewrite.php(43): require_once('C:\\xampp\\htdocs...')
#10 {main}
CRITICAL - 2022-06-15 16:57:37 --> Attempt to read property "id_barang" on null
#0 C:\xampp\htdocs\si_inventaris_ci4\app\Views\qrcode\pdf.php(183): CodeIgniter\Debug\Exceptions->errorHandler(2, 'Attempt to read...', 'C:\\xampp\\htdocs...', 183)
#1 C:\xampp\htdocs\si_inventaris_ci4\system\View\View.php(210): include('C:\\xampp\\htdocs...')
#2 C:\xampp\htdocs\si_inventaris_ci4\system\View\View.php(213): CodeIgniter\View\View->CodeIgniter\View\{closure}()
#3 C:\xampp\htdocs\si_inventaris_ci4\system\Common.php(1089): CodeIgniter\View\View->render('qrcode/pdf', Array, true)
#4 C:\xampp\htdocs\si_inventaris_ci4\app\Controllers\Scan.php(40): view('qrcode/pdf', Array)
#5 C:\xampp\htdocs\si_inventaris_ci4\system\CodeIgniter.php(832): App\Controllers\Scan->pdf('dimension.png')
#6 C:\xampp\htdocs\si_inventaris_ci4\system\CodeIgniter.php(419): CodeIgniter\CodeIgniter->runController(Object(App\Controllers\Scan))
#7 C:\xampp\htdocs\si_inventaris_ci4\system\CodeIgniter.php(326): CodeIgniter\CodeIgniter->handleRequest(NULL, Object(Config\Cache), false)
#8 C:\xampp\htdocs\si_inventaris_ci4\public\index.php(37): CodeIgniter\CodeIgniter->run()
#9 C:\xampp\htdocs\si_inventaris_ci4\system\Commands\Server\rewrite.php(43): require_once('C:\\xampp\\htdocs...')
#10 {main}
CRITICAL - 2022-06-15 17:00:10 --> Attempt to read property "id_barang" on null
#0 C:\xampp\htdocs\si_inventaris_ci4\app\Views\qrcode\pdf.php(183): CodeIgniter\Debug\Exceptions->errorHandler(2, 'Attempt to read...', 'C:\\xampp\\htdocs...', 183)
#1 C:\xampp\htdocs\si_inventaris_ci4\system\View\View.php(210): include('C:\\xampp\\htdocs...')
#2 C:\xampp\htdocs\si_inventaris_ci4\system\View\View.php(213): CodeIgniter\View\View->CodeIgniter\View\{closure}()
#3 C:\xampp\htdocs\si_inventaris_ci4\system\Common.php(1089): CodeIgniter\View\View->render('qrcode/pdf', Array, true)
#4 C:\xampp\htdocs\si_inventaris_ci4\app\Controllers\Scan.php(40): view('qrcode/pdf', Array)
#5 C:\xampp\htdocs\si_inventaris_ci4\system\CodeIgniter.php(832): App\Controllers\Scan->pdf('dimension.png')
#6 C:\xampp\htdocs\si_inventaris_ci4\system\CodeIgniter.php(419): CodeIgniter\CodeIgniter->runController(Object(App\Controllers\Scan))
#7 C:\xampp\htdocs\si_inventaris_ci4\system\CodeIgniter.php(326): CodeIgniter\CodeIgniter->handleRequest(NULL, Object(Config\Cache), false)
#8 C:\xampp\htdocs\si_inventaris_ci4\public\index.php(37): CodeIgniter\CodeIgniter->run()
#9 C:\xampp\htdocs\si_inventaris_ci4\system\Commands\Server\rewrite.php(43): require_once('C:\\xampp\\htdocs...')
#10 {main}
CRITICAL - 2022-06-15 17:00:24 --> Attempt to read property "id_barang" on null
#0 C:\xampp\htdocs\si_inventaris_ci4\app\Views\qrcode\pdf.php(183): CodeIgniter\Debug\Exceptions->errorHandler(2, 'Attempt to read...', 'C:\\xampp\\htdocs...', 183)
#1 C:\xampp\htdocs\si_inventaris_ci4\system\View\View.php(210): include('C:\\xampp\\htdocs...')
#2 C:\xampp\htdocs\si_inventaris_ci4\system\View\View.php(213): CodeIgniter\View\View->CodeIgniter\View\{closure}()
#3 C:\xampp\htdocs\si_inventaris_ci4\system\Common.php(1089): CodeIgniter\View\View->render('qrcode/pdf', Array, true)
#4 C:\xampp\htdocs\si_inventaris_ci4\app\Controllers\Scan.php(40): view('qrcode/pdf', Array)
#5 C:\xampp\htdocs\si_inventaris_ci4\system\CodeIgniter.php(832): App\Controllers\Scan->pdf('dimension.png')
#6 C:\xampp\htdocs\si_inventaris_ci4\system\CodeIgniter.php(419): CodeIgniter\CodeIgniter->runController(Object(App\Controllers\Scan))
#7 C:\xampp\htdocs\si_inventaris_ci4\system\CodeIgniter.php(326): CodeIgniter\CodeIgniter->handleRequest(NULL, Object(Config\Cache), false)
#8 C:\xampp\htdocs\si_inventaris_ci4\public\index.php(37): CodeIgniter\CodeIgniter->run()
#9 C:\xampp\htdocs\si_inventaris_ci4\system\Commands\Server\rewrite.php(43): require_once('C:\\xampp\\htdocs...')
#10 {main}
CRITICAL - 2022-06-15 17:24:57 --> Attempt to read property "id_barang" on null
#0 C:\xampp\htdocs\si_inventaris_ci4\app\Views\qrcode\pdf.php(183): CodeIgniter\Debug\Exceptions->errorHandler(2, 'Attempt to read...', 'C:\\xampp\\htdocs...', 183)
#1 C:\xampp\htdocs\si_inventaris_ci4\system\View\View.php(210): include('C:\\xampp\\htdocs...')
#2 C:\xampp\htdocs\si_inventaris_ci4\system\View\View.php(213): CodeIgniter\View\View->CodeIgniter\View\{closure}()
#3 C:\xampp\htdocs\si_inventaris_ci4\system\Common.php(1089): CodeIgniter\View\View->render('qrcode/pdf', Array, true)
#4 C:\xampp\htdocs\si_inventaris_ci4\app\Controllers\Scan.php(40): view('qrcode/pdf', Array)
#5 C:\xampp\htdocs\si_inventaris_ci4\system\CodeIgniter.php(832): App\Controllers\Scan->pdf('dimension.png')
#6 C:\xampp\htdocs\si_inventaris_ci4\system\CodeIgniter.php(419): CodeIgniter\CodeIgniter->runController(Object(App\Controllers\Scan))
#7 C:\xampp\htdocs\si_inventaris_ci4\system\CodeIgniter.php(326): CodeIgniter\CodeIgniter->handleRequest(NULL, Object(Config\Cache), false)
#8 C:\xampp\htdocs\si_inventaris_ci4\public\index.php(37): CodeIgniter\CodeIgniter->run()
#9 C:\xampp\htdocs\si_inventaris_ci4\system\Commands\Server\rewrite.php(43): require_once('C:\\xampp\\htdocs...')
#10 {main}
