CRITICAL - 2022-06-07 10:43:31 --> Undefined variable $total_products
#0 C:\xampp\htdocs\si_inventaris_ci4\app\Views\overview.php(30): CodeIgniter\Debug\Exceptions->errorHandler(2, 'Undefined varia...', 'C:\\xampp\\htdocs...', 30)
#1 C:\xampp\htdocs\si_inventaris_ci4\system\View\View.php(210): include('C:\\xampp\\htdocs...')
#2 C:\xampp\htdocs\si_inventaris_ci4\system\View\View.php(213): CodeIgniter\View\View->CodeIgniter\View\{closure}()
#3 C:\xampp\htdocs\si_inventaris_ci4\system\Common.php(1089): CodeIgniter\View\View->render('overview', Array, true)
#4 C:\xampp\htdocs\si_inventaris_ci4\app\Controllers\Home.php(9): view('overview')
#5 C:\xampp\htdocs\si_inventaris_ci4\system\CodeIgniter.php(832): App\Controllers\Home->index()
#6 C:\xampp\htdocs\si_inventaris_ci4\system\CodeIgniter.php(419): CodeIgniter\CodeIgniter->runController(Object(App\Controllers\Home))
#7 C:\xampp\htdocs\si_inventaris_ci4\system\CodeIgniter.php(326): CodeIgniter\CodeIgniter->handleRequest(NULL, Object(Config\Cache), false)
#8 C:\xampp\htdocs\si_inventaris_ci4\public\index.php(37): CodeIgniter\CodeIgniter->run()
#9 C:\xampp\htdocs\si_inventaris_ci4\system\Commands\Server\rewrite.php(43): require_once('C:\\xampp\\htdocs...')
#10 {main}
CRITICAL - 2022-06-07 10:48:23 --> Undefined variable $total_products
#0 C:\xampp\htdocs\si_inventaris_ci4\app\Views\overview.php(30): CodeIgniter\Debug\Exceptions->errorHandler(2, 'Undefined varia...', 'C:\\xampp\\htdocs...', 30)
#1 C:\xampp\htdocs\si_inventaris_ci4\system\View\View.php(210): include('C:\\xampp\\htdocs...')
#2 C:\xampp\htdocs\si_inventaris_ci4\system\View\View.php(213): CodeIgniter\View\View->CodeIgniter\View\{closure}()
#3 C:\xampp\htdocs\si_inventaris_ci4\system\Common.php(1089): CodeIgniter\View\View->render('overview', Array, true)
#4 C:\xampp\htdocs\si_inventaris_ci4\app\Controllers\Home.php(14): view('overview')
#5 C:\xampp\htdocs\si_inventaris_ci4\system\CodeIgniter.php(832): App\Controllers\Home->index()
#6 C:\xampp\htdocs\si_inventaris_ci4\system\CodeIgniter.php(419): CodeIgniter\CodeIgniter->runController(Object(App\Controllers\Home))
#7 C:\xampp\htdocs\si_inventaris_ci4\system\CodeIgniter.php(326): CodeIgniter\CodeIgniter->handleRequest(NULL, Object(Config\Cache), false)
#8 C:\xampp\htdocs\si_inventaris_ci4\public\index.php(37): CodeIgniter\CodeIgniter->run()
#9 C:\xampp\htdocs\si_inventaris_ci4\system\Commands\Server\rewrite.php(43): require_once('C:\\xampp\\htdocs...')
#10 {main}
CRITICAL - 2022-06-07 10:49:41 --> Undefined variable $total_products
#0 C:\xampp\htdocs\si_inventaris_ci4\app\Views\overview.php(30): CodeIgniter\Debug\Exceptions->errorHandler(2, 'Undefined varia...', 'C:\\xampp\\htdocs...', 30)
#1 C:\xampp\htdocs\si_inventaris_ci4\system\View\View.php(210): include('C:\\xampp\\htdocs...')
#2 C:\xampp\htdocs\si_inventaris_ci4\system\View\View.php(213): CodeIgniter\View\View->CodeIgniter\View\{closure}()
#3 C:\xampp\htdocs\si_inventaris_ci4\system\Common.php(1089): CodeIgniter\View\View->render('overview', Array, true)
#4 C:\xampp\htdocs\si_inventaris_ci4\app\Controllers\Home.php(14): view('overview')
#5 C:\xampp\htdocs\si_inventaris_ci4\system\CodeIgniter.php(832): App\Controllers\Home->index()
#6 C:\xampp\htdocs\si_inventaris_ci4\system\CodeIgniter.php(419): CodeIgniter\CodeIgniter->runController(Object(App\Controllers\Home))
#7 C:\xampp\htdocs\si_inventaris_ci4\system\CodeIgniter.php(326): CodeIgniter\CodeIgniter->handleRequest(NULL, Object(Config\Cache), false)
#8 C:\xampp\htdocs\si_inventaris_ci4\public\index.php(37): CodeIgniter\CodeIgniter->run()
#9 C:\xampp\htdocs\si_inventaris_ci4\system\Commands\Server\rewrite.php(43): require_once('C:\\xampp\\htdocs...')
#10 {main}
CRITICAL - 2022-06-07 10:50:33 --> Undefined variable $total_products
#0 C:\xampp\htdocs\si_inventaris_ci4\app\Views\overview.php(30): CodeIgniter\Debug\Exceptions->errorHandler(2, 'Undefined varia...', 'C:\\xampp\\htdocs...', 30)
#1 C:\xampp\htdocs\si_inventaris_ci4\system\View\View.php(210): include('C:\\xampp\\htdocs...')
#2 C:\xampp\htdocs\si_inventaris_ci4\system\View\View.php(213): CodeIgniter\View\View->CodeIgniter\View\{closure}()
#3 C:\xampp\htdocs\si_inventaris_ci4\system\Common.php(1089): CodeIgniter\View\View->render('overview', Array, true)
#4 C:\xampp\htdocs\si_inventaris_ci4\app\Controllers\Home.php(14): view('overview')
#5 C:\xampp\htdocs\si_inventaris_ci4\system\CodeIgniter.php(832): App\Controllers\Home->index()
#6 C:\xampp\htdocs\si_inventaris_ci4\system\CodeIgniter.php(419): CodeIgniter\CodeIgniter->runController(Object(App\Controllers\Home))
#7 C:\xampp\htdocs\si_inventaris_ci4\system\CodeIgniter.php(326): CodeIgniter\CodeIgniter->handleRequest(NULL, Object(Config\Cache), false)
#8 C:\xampp\htdocs\si_inventaris_ci4\public\index.php(37): CodeIgniter\CodeIgniter->run()
#9 C:\xampp\htdocs\si_inventaris_ci4\system\Commands\Server\rewrite.php(43): require_once('C:\\xampp\\htdocs...')
#10 {main}
CRITICAL - 2022-06-07 10:53:03 --> Undefined variable $total_products
#0 C:\xampp\htdocs\si_inventaris_ci4\app\Views\overview.php(30): CodeIgniter\Debug\Exceptions->errorHandler(2, 'Undefined varia...', 'C:\\xampp\\htdocs...', 30)
#1 C:\xampp\htdocs\si_inventaris_ci4\system\View\View.php(210): include('C:\\xampp\\htdocs...')
#2 C:\xampp\htdocs\si_inventaris_ci4\system\View\View.php(213): CodeIgniter\View\View->CodeIgniter\View\{closure}()
#3 C:\xampp\htdocs\si_inventaris_ci4\system\Common.php(1089): CodeIgniter\View\View->render('overview', Array, true)
#4 C:\xampp\htdocs\si_inventaris_ci4\app\Controllers\Home.php(14): view('overview')
#5 C:\xampp\htdocs\si_inventaris_ci4\system\CodeIgniter.php(832): App\Controllers\Home->index()
#6 C:\xampp\htdocs\si_inventaris_ci4\system\CodeIgniter.php(419): CodeIgniter\CodeIgniter->runController(Object(App\Controllers\Home))
#7 C:\xampp\htdocs\si_inventaris_ci4\system\CodeIgniter.php(326): CodeIgniter\CodeIgniter->handleRequest(NULL, Object(Config\Cache), false)
#8 C:\xampp\htdocs\si_inventaris_ci4\public\index.php(37): CodeIgniter\CodeIgniter->run()
#9 C:\xampp\htdocs\si_inventaris_ci4\system\Commands\Server\rewrite.php(43): require_once('C:\\xampp\\htdocs...')
#10 {main}
CRITICAL - 2022-06-07 10:57:04 --> Undefined variable $total_products
#0 C:\xampp\htdocs\si_inventaris_ci4\app\Views\overview.php(30): CodeIgniter\Debug\Exceptions->errorHandler(2, 'Undefined varia...', 'C:\\xampp\\htdocs...', 30)
#1 C:\xampp\htdocs\si_inventaris_ci4\system\View\View.php(210): include('C:\\xampp\\htdocs...')
#2 C:\xampp\htdocs\si_inventaris_ci4\system\View\View.php(213): CodeIgniter\View\View->CodeIgniter\View\{closure}()
#3 C:\xampp\htdocs\si_inventaris_ci4\system\Common.php(1089): CodeIgniter\View\View->render('overview', Array, true)
#4 C:\xampp\htdocs\si_inventaris_ci4\app\Controllers\Home.php(14): view('overview')
#5 C:\xampp\htdocs\si_inventaris_ci4\system\CodeIgniter.php(832): App\Controllers\Home->index()
#6 C:\xampp\htdocs\si_inventaris_ci4\system\CodeIgniter.php(419): CodeIgniter\CodeIgniter->runController(Object(App\Controllers\Home))
#7 C:\xampp\htdocs\si_inventaris_ci4\system\CodeIgniter.php(326): CodeIgniter\CodeIgniter->handleRequest(NULL, Object(Config\Cache), false)
#8 C:\xampp\htdocs\si_inventaris_ci4\public\index.php(37): CodeIgniter\CodeIgniter->run()
#9 C:\xampp\htdocs\si_inventaris_ci4\system\Commands\Server\rewrite.php(43): require_once('C:\\xampp\\htdocs...')
#10 {main}
CRITICAL - 2022-06-07 10:57:05 --> Undefined variable $total_products
#0 C:\xampp\htdocs\si_inventaris_ci4\app\Views\overview.php(30): CodeIgniter\Debug\Exceptions->errorHandler(2, 'Undefined varia...', 'C:\\xampp\\htdocs...', 30)
#1 C:\xampp\htdocs\si_inventaris_ci4\system\View\View.php(210): include('C:\\xampp\\htdocs...')
#2 C:\xampp\htdocs\si_inventaris_ci4\system\View\View.php(213): CodeIgniter\View\View->CodeIgniter\View\{closure}()
#3 C:\xampp\htdocs\si_inventaris_ci4\system\Common.php(1089): CodeIgniter\View\View->render('overview', Array, true)
#4 C:\xampp\htdocs\si_inventaris_ci4\app\Controllers\Home.php(14): view('overview')
#5 C:\xampp\htdocs\si_inventaris_ci4\system\CodeIgniter.php(832): App\Controllers\Home->index()
#6 C:\xampp\htdocs\si_inventaris_ci4\system\CodeIgniter.php(419): CodeIgniter\CodeIgniter->runController(Object(App\Controllers\Home))
#7 C:\xampp\htdocs\si_inventaris_ci4\system\CodeIgniter.php(326): CodeIgniter\CodeIgniter->handleRequest(NULL, Object(Config\Cache), false)
#8 C:\xampp\htdocs\si_inventaris_ci4\public\index.php(37): CodeIgniter\CodeIgniter->run()
#9 C:\xampp\htdocs\si_inventaris_ci4\system\Commands\Server\rewrite.php(43): require_once('C:\\xampp\\htdocs...')
#10 {main}
CRITICAL - 2022-06-07 10:59:39 --> Undefined variable $title
#0 C:\xampp\htdocs\si_inventaris_ci4\app\Views\header.php(12): CodeIgniter\Debug\Exceptions->errorHandler(2, 'Undefined varia...', 'C:\\xampp\\htdocs...', 12)
#1 C:\xampp\htdocs\si_inventaris_ci4\system\View\View.php(210): include('C:\\xampp\\htdocs...')
#2 C:\xampp\htdocs\si_inventaris_ci4\system\View\View.php(213): CodeIgniter\View\View->CodeIgniter\View\{closure}()
#3 C:\xampp\htdocs\si_inventaris_ci4\system\View\View.php(226): CodeIgniter\View\View->render('header', Array, true)
#4 C:\xampp\htdocs\si_inventaris_ci4\system\Common.php(1089): CodeIgniter\View\View->render('overview', Array, true)
#5 C:\xampp\htdocs\si_inventaris_ci4\app\Controllers\Home.php(14): view('overview')
#6 C:\xampp\htdocs\si_inventaris_ci4\system\CodeIgniter.php(832): App\Controllers\Home->index()
#7 C:\xampp\htdocs\si_inventaris_ci4\system\CodeIgniter.php(419): CodeIgniter\CodeIgniter->runController(Object(App\Controllers\Home))
#8 C:\xampp\htdocs\si_inventaris_ci4\system\CodeIgniter.php(326): CodeIgniter\CodeIgniter->handleRequest(NULL, Object(Config\Cache), false)
#9 C:\xampp\htdocs\si_inventaris_ci4\public\index.php(37): CodeIgniter\CodeIgniter->run()
#10 C:\xampp\htdocs\si_inventaris_ci4\system\Commands\Server\rewrite.php(43): require_once('C:\\xampp\\htdocs...')
#11 {main}
CRITICAL - 2022-06-07 11:01:02 --> Call to undefined function get_controller()
#0 C:\xampp\htdocs\si_inventaris_ci4\system\View\View.php(210): include()
#1 C:\xampp\htdocs\si_inventaris_ci4\system\View\View.php(213): CodeIgniter\View\View->CodeIgniter\View\{closure}()
#2 C:\xampp\htdocs\si_inventaris_ci4\system\View\View.php(226): CodeIgniter\View\View->render('header', Array, true)
#3 C:\xampp\htdocs\si_inventaris_ci4\system\Common.php(1089): CodeIgniter\View\View->render('overview', Array, true)
#4 C:\xampp\htdocs\si_inventaris_ci4\app\Controllers\Home.php(17): view('overview', Array)
#5 C:\xampp\htdocs\si_inventaris_ci4\system\CodeIgniter.php(832): App\Controllers\Home->index()
#6 C:\xampp\htdocs\si_inventaris_ci4\system\CodeIgniter.php(419): CodeIgniter\CodeIgniter->runController(Object(App\Controllers\Home))
#7 C:\xampp\htdocs\si_inventaris_ci4\system\CodeIgniter.php(326): CodeIgniter\CodeIgniter->handleRequest(NULL, Object(Config\Cache), false)
#8 C:\xampp\htdocs\si_inventaris_ci4\public\index.php(37): CodeIgniter\CodeIgniter->run()
#9 C:\xampp\htdocs\si_inventaris_ci4\system\Commands\Server\rewrite.php(43): require_once('C:\\xampp\\htdocs...')
#10 {main}
CRITICAL - 2022-06-07 12:20:55 --> Invalid file: admin/footer.php
#0 C:\xampp\htdocs\si_inventaris_ci4\system\View\View.php(198): CodeIgniter\Exceptions\FrameworkException::forInvalidFile('admin/footer.ph...')
#1 C:\xampp\htdocs\si_inventaris_ci4\system\View\View.php(424): CodeIgniter\View\View->render('admin/footer', NULL, true)
#2 C:\xampp\htdocs\si_inventaris_ci4\app\Views\gedung\gedung.php(78): CodeIgniter\View\View->include('admin/footer')
#3 C:\xampp\htdocs\si_inventaris_ci4\system\View\View.php(210): include('C:\\xampp\\htdocs...')
#4 C:\xampp\htdocs\si_inventaris_ci4\system\View\View.php(213): CodeIgniter\View\View->CodeIgniter\View\{closure}()
#5 C:\xampp\htdocs\si_inventaris_ci4\system\Common.php(1089): CodeIgniter\View\View->render('gedung/gedung', Array, true)
#6 C:\xampp\htdocs\si_inventaris_ci4\app\Controllers\Gedung.php(29): view('gedung/gedung', Array)
#7 C:\xampp\htdocs\si_inventaris_ci4\system\CodeIgniter.php(832): App\Controllers\Gedung->index()
#8 C:\xampp\htdocs\si_inventaris_ci4\system\CodeIgniter.php(419): CodeIgniter\CodeIgniter->runController(Object(App\Controllers\Gedung))
#9 C:\xampp\htdocs\si_inventaris_ci4\system\CodeIgniter.php(326): CodeIgniter\CodeIgniter->handleRequest(NULL, Object(Config\Cache), false)
#10 C:\xampp\htdocs\si_inventaris_ci4\public\index.php(37): CodeIgniter\CodeIgniter->run()
#11 C:\xampp\htdocs\si_inventaris_ci4\system\Commands\Server\rewrite.php(43): require_once('C:\\xampp\\htdocs...')
#12 {main}
CRITICAL - 2022-06-07 12:25:49 --> Call to undefined method App\Models\Gedung_model::get_all_categories
#0 C:\xampp\htdocs\si_inventaris_ci4\app\Controllers\Gedung.php(38): CodeIgniter\Model->__call('get_all_categor...', Array)
#1 C:\xampp\htdocs\si_inventaris_ci4\system\CodeIgniter.php(832): App\Controllers\Gedung->tambah()
#2 C:\xampp\htdocs\si_inventaris_ci4\system\CodeIgniter.php(419): CodeIgniter\CodeIgniter->runController(Object(App\Controllers\Gedung))
#3 C:\xampp\htdocs\si_inventaris_ci4\system\CodeIgniter.php(326): CodeIgniter\CodeIgniter->handleRequest(NULL, Object(Config\Cache), false)
#4 C:\xampp\htdocs\si_inventaris_ci4\public\index.php(37): CodeIgniter\CodeIgniter->run()
#5 C:\xampp\htdocs\si_inventaris_ci4\system\Commands\Server\rewrite.php(43): require_once('C:\\xampp\\htdocs...')
#6 {main}
CRITICAL - 2022-06-07 12:26:53 --> Invalid file: gedung/add_new_product.php
#0 C:\xampp\htdocs\si_inventaris_ci4\system\View\View.php(198): CodeIgniter\Exceptions\FrameworkException::forInvalidFile('gedung/add_new_...')
#1 C:\xampp\htdocs\si_inventaris_ci4\system\Common.php(1089): CodeIgniter\View\View->render('gedung/add_new_...', Array, true)
#2 C:\xampp\htdocs\si_inventaris_ci4\app\Controllers\Gedung.php(40): view('gedung/add_new_...', Array)
#3 C:\xampp\htdocs\si_inventaris_ci4\system\CodeIgniter.php(832): App\Controllers\Gedung->tambah()
#4 C:\xampp\htdocs\si_inventaris_ci4\system\CodeIgniter.php(419): CodeIgniter\CodeIgniter->runController(Object(App\Controllers\Gedung))
#5 C:\xampp\htdocs\si_inventaris_ci4\system\CodeIgniter.php(326): CodeIgniter\CodeIgniter->handleRequest(NULL, Object(Config\Cache), false)
#6 C:\xampp\htdocs\si_inventaris_ci4\public\index.php(37): CodeIgniter\CodeIgniter->run()
#7 C:\xampp\htdocs\si_inventaris_ci4\system\Commands\Server\rewrite.php(43): require_once('C:\\xampp\\htdocs...')
#8 {main}
CRITICAL - 2022-06-07 12:27:40 --> Call to undefined function form_open_multipart()
#0 C:\xampp\htdocs\si_inventaris_ci4\system\View\View.php(210): include()
#1 C:\xampp\htdocs\si_inventaris_ci4\system\View\View.php(213): CodeIgniter\View\View->CodeIgniter\View\{closure}()
#2 C:\xampp\htdocs\si_inventaris_ci4\system\Common.php(1089): CodeIgniter\View\View->render('gedung/add_new_...', Array, true)
#3 C:\xampp\htdocs\si_inventaris_ci4\app\Controllers\Gedung.php(40): view('gedung/add_new_...', Array)
#4 C:\xampp\htdocs\si_inventaris_ci4\system\CodeIgniter.php(832): App\Controllers\Gedung->tambah()
#5 C:\xampp\htdocs\si_inventaris_ci4\system\CodeIgniter.php(419): CodeIgniter\CodeIgniter->runController(Object(App\Controllers\Gedung))
#6 C:\xampp\htdocs\si_inventaris_ci4\system\CodeIgniter.php(326): CodeIgniter\CodeIgniter->handleRequest(NULL, Object(Config\Cache), false)
#7 C:\xampp\htdocs\si_inventaris_ci4\public\index.php(37): CodeIgniter\CodeIgniter->run()
#8 C:\xampp\htdocs\si_inventaris_ci4\system\Commands\Server\rewrite.php(43): require_once('C:\\xampp\\htdocs...')
#9 {main}
CRITICAL - 2022-06-07 12:29:41 --> count(): Argument #1 ($value) must be of type Countable|array, null given
#0 C:\xampp\htdocs\si_inventaris_ci4\system\View\View.php(210): include()
#1 C:\xampp\htdocs\si_inventaris_ci4\system\View\View.php(213): CodeIgniter\View\View->CodeIgniter\View\{closure}()
#2 C:\xampp\htdocs\si_inventaris_ci4\system\Common.php(1089): CodeIgniter\View\View->render('gedung/add_new_...', Array, true)
#3 C:\xampp\htdocs\si_inventaris_ci4\app\Controllers\Gedung.php(40): view('gedung/add_new_...', Array)
#4 C:\xampp\htdocs\si_inventaris_ci4\system\CodeIgniter.php(832): App\Controllers\Gedung->tambah()
#5 C:\xampp\htdocs\si_inventaris_ci4\system\CodeIgniter.php(419): CodeIgniter\CodeIgniter->runController(Object(App\Controllers\Gedung))
#6 C:\xampp\htdocs\si_inventaris_ci4\system\CodeIgniter.php(326): CodeIgniter\CodeIgniter->handleRequest(NULL, Object(Config\Cache), false)
#7 C:\xampp\htdocs\si_inventaris_ci4\public\index.php(37): CodeIgniter\CodeIgniter->run()
#8 C:\xampp\htdocs\si_inventaris_ci4\system\Commands\Server\rewrite.php(43): require_once('C:\\xampp\\htdocs...')
#9 {main}
ERROR - 2022-06-07 13:06:58 --> Unknown column 'id' in 'where clause'
CRITICAL - 2022-06-07 13:06:58 --> Unknown column 'id' in 'where clause'
#0 C:\xampp\htdocs\si_inventaris_ci4\system\Database\MySQLi\Connection.php(292): mysqli->query('SELECT COUNT(*)...', 0)
#1 C:\xampp\htdocs\si_inventaris_ci4\system\Database\BaseConnection.php(670): CodeIgniter\Database\MySQLi\Connection->execute('SELECT COUNT(*)...')
#2 C:\xampp\htdocs\si_inventaris_ci4\system\Database\BaseConnection.php(598): CodeIgniter\Database\BaseConnection->simpleQuery('SELECT COUNT(*)...')
#3 C:\xampp\htdocs\si_inventaris_ci4\system\Database\BaseBuilder.php(1539): CodeIgniter\Database\BaseConnection->query('SELECT COUNT(*)...', Array, false)
#4 C:\xampp\htdocs\si_inventaris_ci4\app\Models\Gedung_model.php(52): CodeIgniter\Database\BaseBuilder->countAllResults()
#5 C:\xampp\htdocs\si_inventaris_ci4\app\Controllers\Gedung.php(234): App\Models\Gedung_model->is_gedung_exist('4')
#6 C:\xampp\htdocs\si_inventaris_ci4\system\CodeIgniter.php(832): App\Controllers\Gedung->view('4')
#7 C:\xampp\htdocs\si_inventaris_ci4\system\CodeIgniter.php(419): CodeIgniter\CodeIgniter->runController(Object(App\Controllers\Gedung))
#8 C:\xampp\htdocs\si_inventaris_ci4\system\CodeIgniter.php(326): CodeIgniter\CodeIgniter->handleRequest(NULL, Object(Config\Cache), false)
#9 C:\xampp\htdocs\si_inventaris_ci4\public\index.php(37): CodeIgniter\CodeIgniter->run()
#10 C:\xampp\htdocs\si_inventaris_ci4\system\Commands\Server\rewrite.php(43): require_once('C:\\xampp\\htdocs...')
#11 {main}
CRITICAL - 2022-06-07 13:07:21 --> Call to undefined method App\Models\Gedung_model::rungan_in_gedung
#0 C:\xampp\htdocs\si_inventaris_ci4\app\Controllers\Gedung.php(234): CodeIgniter\Model->__call('rungan_in_gedun...', Array)
#1 C:\xampp\htdocs\si_inventaris_ci4\system\CodeIgniter.php(832): App\Controllers\Gedung->view('4')
#2 C:\xampp\htdocs\si_inventaris_ci4\system\CodeIgniter.php(419): CodeIgniter\CodeIgniter->runController(Object(App\Controllers\Gedung))
#3 C:\xampp\htdocs\si_inventaris_ci4\system\CodeIgniter.php(326): CodeIgniter\CodeIgniter->handleRequest(NULL, Object(Config\Cache), false)
#4 C:\xampp\htdocs\si_inventaris_ci4\public\index.php(37): CodeIgniter\CodeIgniter->run()
#5 C:\xampp\htdocs\si_inventaris_ci4\system\Commands\Server\rewrite.php(43): require_once('C:\\xampp\\htdocs...')
#6 {main}
ERROR - 2022-06-07 13:08:09 --> Unknown column 'id' in 'where clause'
CRITICAL - 2022-06-07 13:08:09 --> Unknown column 'id' in 'where clause'
#0 C:\xampp\htdocs\si_inventaris_ci4\system\Database\MySQLi\Connection.php(292): mysqli->query('SELECT COUNT(*)...', 0)
#1 C:\xampp\htdocs\si_inventaris_ci4\system\Database\BaseConnection.php(670): CodeIgniter\Database\MySQLi\Connection->execute('SELECT COUNT(*)...')
#2 C:\xampp\htdocs\si_inventaris_ci4\system\Database\BaseConnection.php(598): CodeIgniter\Database\BaseConnection->simpleQuery('SELECT COUNT(*)...')
#3 C:\xampp\htdocs\si_inventaris_ci4\system\Database\BaseBuilder.php(1539): CodeIgniter\Database\BaseConnection->query('SELECT COUNT(*)...', Array, false)
#4 C:\xampp\htdocs\si_inventaris_ci4\app\Models\Gedung_model.php(52): CodeIgniter\Database\BaseBuilder->countAllResults()
#5 C:\xampp\htdocs\si_inventaris_ci4\app\Controllers\Gedung.php(234): App\Models\Gedung_model->is_gedung_exist('4')
#6 C:\xampp\htdocs\si_inventaris_ci4\system\CodeIgniter.php(832): App\Controllers\Gedung->view('4')
#7 C:\xampp\htdocs\si_inventaris_ci4\system\CodeIgniter.php(419): CodeIgniter\CodeIgniter->runController(Object(App\Controllers\Gedung))
#8 C:\xampp\htdocs\si_inventaris_ci4\system\CodeIgniter.php(326): CodeIgniter\CodeIgniter->handleRequest(NULL, Object(Config\Cache), false)
#9 C:\xampp\htdocs\si_inventaris_ci4\public\index.php(37): CodeIgniter\CodeIgniter->run()
#10 C:\xampp\htdocs\si_inventaris_ci4\system\Commands\Server\rewrite.php(43): require_once('C:\\xampp\\htdocs...')
#11 {main}
CRITICAL - 2022-06-07 13:08:21 --> Undefined variable $product
#0 C:\xampp\htdocs\si_inventaris_ci4\app\Views\gedung\view.php(10): CodeIgniter\Debug\Exceptions->errorHandler(2, 'Undefined varia...', 'C:\\xampp\\htdocs...', 10)
#1 C:\xampp\htdocs\si_inventaris_ci4\system\View\View.php(210): include('C:\\xampp\\htdocs...')
#2 C:\xampp\htdocs\si_inventaris_ci4\system\View\View.php(213): CodeIgniter\View\View->CodeIgniter\View\{closure}()
#3 C:\xampp\htdocs\si_inventaris_ci4\system\Common.php(1089): CodeIgniter\View\View->render('gedung/view', Array, true)
#4 C:\xampp\htdocs\si_inventaris_ci4\app\Controllers\Gedung.php(243): view('gedung/view', Array)
#5 C:\xampp\htdocs\si_inventaris_ci4\system\CodeIgniter.php(832): App\Controllers\Gedung->view('4')
#6 C:\xampp\htdocs\si_inventaris_ci4\system\CodeIgniter.php(419): CodeIgniter\CodeIgniter->runController(Object(App\Controllers\Gedung))
#7 C:\xampp\htdocs\si_inventaris_ci4\system\CodeIgniter.php(326): CodeIgniter\CodeIgniter->handleRequest(NULL, Object(Config\Cache), false)
#8 C:\xampp\htdocs\si_inventaris_ci4\public\index.php(37): CodeIgniter\CodeIgniter->run()
#9 C:\xampp\htdocs\si_inventaris_ci4\system\Commands\Server\rewrite.php(43): require_once('C:\\xampp\\htdocs...')
#10 {main}
ERROR - 2022-06-07 13:16:54 --> Unknown column 'g.id_gedung' in 'on clause'
CRITICAL - 2022-06-07 13:16:54 --> Unknown column 'g.id_gedung' in 'on clause'
#0 C:\xampp\htdocs\si_inventaris_ci4\system\Database\MySQLi\Connection.php(292): mysqli->query('SELECT COUNT(*)...', 0)
#1 C:\xampp\htdocs\si_inventaris_ci4\system\Database\BaseConnection.php(670): CodeIgniter\Database\MySQLi\Connection->execute('SELECT COUNT(*)...')
#2 C:\xampp\htdocs\si_inventaris_ci4\system\Database\BaseConnection.php(598): CodeIgniter\Database\BaseConnection->simpleQuery('SELECT COUNT(*)...')
#3 C:\xampp\htdocs\si_inventaris_ci4\system\Database\BaseBuilder.php(1539): CodeIgniter\Database\BaseConnection->query('SELECT COUNT(*)...', Array, false)
#4 C:\xampp\htdocs\si_inventaris_ci4\app\Models\Ruangan_model.php(30): CodeIgniter\Database\BaseBuilder->countAllResults()
#5 C:\xampp\htdocs\si_inventaris_ci4\app\Controllers\Gedung.php(240): App\Models\Ruangan_model->count_ruangan_in_gedung('4')
#6 C:\xampp\htdocs\si_inventaris_ci4\system\CodeIgniter.php(832): App\Controllers\Gedung->view('4')
#7 C:\xampp\htdocs\si_inventaris_ci4\system\CodeIgniter.php(419): CodeIgniter\CodeIgniter->runController(Object(App\Controllers\Gedung))
#8 C:\xampp\htdocs\si_inventaris_ci4\system\CodeIgniter.php(326): CodeIgniter\CodeIgniter->handleRequest(NULL, Object(Config\Cache), false)
#9 C:\xampp\htdocs\si_inventaris_ci4\public\index.php(37): CodeIgniter\CodeIgniter->run()
#10 C:\xampp\htdocs\si_inventaris_ci4\system\Commands\Server\rewrite.php(43): require_once('C:\\xampp\\htdocs...')
#11 {main}
CRITICAL - 2022-06-07 13:17:24 --> Undefined property: stdClass::$picture_name
#0 C:\xampp\htdocs\si_inventaris_ci4\app\Views\gedung\view.php(42): CodeIgniter\Debug\Exceptions->errorHandler(2, 'Undefined prope...', 'C:\\xampp\\htdocs...', 42)
#1 C:\xampp\htdocs\si_inventaris_ci4\system\View\View.php(210): include('C:\\xampp\\htdocs...')
#2 C:\xampp\htdocs\si_inventaris_ci4\system\View\View.php(213): CodeIgniter\View\View->CodeIgniter\View\{closure}()
#3 C:\xampp\htdocs\si_inventaris_ci4\system\Common.php(1089): CodeIgniter\View\View->render('gedung/view', Array, true)
#4 C:\xampp\htdocs\si_inventaris_ci4\app\Controllers\Gedung.php(244): view('gedung/view', Array)
#5 C:\xampp\htdocs\si_inventaris_ci4\system\CodeIgniter.php(832): App\Controllers\Gedung->view('4')
#6 C:\xampp\htdocs\si_inventaris_ci4\system\CodeIgniter.php(419): CodeIgniter\CodeIgniter->runController(Object(App\Controllers\Gedung))
#7 C:\xampp\htdocs\si_inventaris_ci4\system\CodeIgniter.php(326): CodeIgniter\CodeIgniter->handleRequest(NULL, Object(Config\Cache), false)
#8 C:\xampp\htdocs\si_inventaris_ci4\public\index.php(37): CodeIgniter\CodeIgniter->run()
#9 C:\xampp\htdocs\si_inventaris_ci4\system\Commands\Server\rewrite.php(43): require_once('C:\\xampp\\htdocs...')
#10 {main}
CRITICAL - 2022-06-07 13:18:40 --> Undefined property: stdClass::$id
#0 C:\xampp\htdocs\si_inventaris_ci4\app\Views\gedung\view.php(64): CodeIgniter\Debug\Exceptions->errorHandler(2, 'Undefined prope...', 'C:\\xampp\\htdocs...', 64)
#1 C:\xampp\htdocs\si_inventaris_ci4\system\View\View.php(210): include('C:\\xampp\\htdocs...')
#2 C:\xampp\htdocs\si_inventaris_ci4\system\View\View.php(213): CodeIgniter\View\View->CodeIgniter\View\{closure}()
#3 C:\xampp\htdocs\si_inventaris_ci4\system\Common.php(1089): CodeIgniter\View\View->render('gedung/view', Array, true)
#4 C:\xampp\htdocs\si_inventaris_ci4\app\Controllers\Gedung.php(244): view('gedung/view', Array)
#5 C:\xampp\htdocs\si_inventaris_ci4\system\CodeIgniter.php(832): App\Controllers\Gedung->view('4')
#6 C:\xampp\htdocs\si_inventaris_ci4\system\CodeIgniter.php(419): CodeIgniter\CodeIgniter->runController(Object(App\Controllers\Gedung))
#7 C:\xampp\htdocs\si_inventaris_ci4\system\CodeIgniter.php(326): CodeIgniter\CodeIgniter->handleRequest(NULL, Object(Config\Cache), false)
#8 C:\xampp\htdocs\si_inventaris_ci4\public\index.php(37): CodeIgniter\CodeIgniter->run()
#9 C:\xampp\htdocs\si_inventaris_ci4\system\Commands\Server\rewrite.php(43): require_once('C:\\xampp\\htdocs...')
#10 {main}
CRITICAL - 2022-06-07 13:24:36 --> Undefined property: stdClass::$id
#0 C:\xampp\htdocs\si_inventaris_ci4\app\Views\gedung\view.php(121): CodeIgniter\Debug\Exceptions->errorHandler(2, 'Undefined prope...', 'C:\\xampp\\htdocs...', 121)
#1 C:\xampp\htdocs\si_inventaris_ci4\system\View\View.php(210): include('C:\\xampp\\htdocs...')
#2 C:\xampp\htdocs\si_inventaris_ci4\system\View\View.php(213): CodeIgniter\View\View->CodeIgniter\View\{closure}()
#3 C:\xampp\htdocs\si_inventaris_ci4\system\Common.php(1089): CodeIgniter\View\View->render('gedung/view', Array, true)
#4 C:\xampp\htdocs\si_inventaris_ci4\app\Controllers\Gedung.php(244): view('gedung/view', Array)
#5 C:\xampp\htdocs\si_inventaris_ci4\system\CodeIgniter.php(832): App\Controllers\Gedung->view('4')
#6 C:\xampp\htdocs\si_inventaris_ci4\system\CodeIgniter.php(419): CodeIgniter\CodeIgniter->runController(Object(App\Controllers\Gedung))
#7 C:\xampp\htdocs\si_inventaris_ci4\system\CodeIgniter.php(326): CodeIgniter\CodeIgniter->handleRequest(NULL, Object(Config\Cache), false)
#8 C:\xampp\htdocs\si_inventaris_ci4\public\index.php(37): CodeIgniter\CodeIgniter->run()
#9 C:\xampp\htdocs\si_inventaris_ci4\system\Commands\Server\rewrite.php(43): require_once('C:\\xampp\\htdocs...')
#10 {main}
CRITICAL - 2022-06-07 13:24:58 --> Invalid file: admin/footer.php
#0 C:\xampp\htdocs\si_inventaris_ci4\system\View\View.php(198): CodeIgniter\Exceptions\FrameworkException::forInvalidFile('admin/footer.ph...')
#1 C:\xampp\htdocs\si_inventaris_ci4\system\View\View.php(424): CodeIgniter\View\View->render('admin/footer', NULL, true)
#2 C:\xampp\htdocs\si_inventaris_ci4\app\Views\gedung\view.php(174): CodeIgniter\View\View->include('admin/footer')
#3 C:\xampp\htdocs\si_inventaris_ci4\system\View\View.php(210): include('C:\\xampp\\htdocs...')
#4 C:\xampp\htdocs\si_inventaris_ci4\system\View\View.php(213): CodeIgniter\View\View->CodeIgniter\View\{closure}()
#5 C:\xampp\htdocs\si_inventaris_ci4\system\Common.php(1089): CodeIgniter\View\View->render('gedung/view', Array, true)
#6 C:\xampp\htdocs\si_inventaris_ci4\app\Controllers\Gedung.php(244): view('gedung/view', Array)
#7 C:\xampp\htdocs\si_inventaris_ci4\system\CodeIgniter.php(832): App\Controllers\Gedung->view('4')
#8 C:\xampp\htdocs\si_inventaris_ci4\system\CodeIgniter.php(419): CodeIgniter\CodeIgniter->runController(Object(App\Controllers\Gedung))
#9 C:\xampp\htdocs\si_inventaris_ci4\system\CodeIgniter.php(326): CodeIgniter\CodeIgniter->handleRequest(NULL, Object(Config\Cache), false)
#10 C:\xampp\htdocs\si_inventaris_ci4\public\index.php(37): CodeIgniter\CodeIgniter->run()
#11 C:\xampp\htdocs\si_inventaris_ci4\system\Commands\Server\rewrite.php(43): require_once('C:\\xampp\\htdocs...')
#12 {main}
CRITICAL - 2022-06-07 13:27:04 --> Call to undefined method App\Models\Gedung_model::is_product_exist
#0 C:\xampp\htdocs\si_inventaris_ci4\app\Controllers\Gedung.php(80): CodeIgniter\Model->__call('is_product_exis...', Array)
#1 C:\xampp\htdocs\si_inventaris_ci4\system\CodeIgniter.php(832): App\Controllers\Gedung->edit('2')
#2 C:\xampp\htdocs\si_inventaris_ci4\system\CodeIgniter.php(419): CodeIgniter\CodeIgniter->runController(Object(App\Controllers\Gedung))
#3 C:\xampp\htdocs\si_inventaris_ci4\system\CodeIgniter.php(326): CodeIgniter\CodeIgniter->handleRequest(NULL, Object(Config\Cache), false)
#4 C:\xampp\htdocs\si_inventaris_ci4\public\index.php(37): CodeIgniter\CodeIgniter->run()
#5 C:\xampp\htdocs\si_inventaris_ci4\system\Commands\Server\rewrite.php(43): require_once('C:\\xampp\\htdocs...')
#6 {main}
CRITICAL - 2022-06-07 13:30:49 --> Call to undefined method App\Models\Gedung_model::delete_product
#0 C:\xampp\htdocs\si_inventaris_ci4\app\Controllers\Gedung.php(219): CodeIgniter\Model->__call('delete_product', Array)
#1 C:\xampp\htdocs\si_inventaris_ci4\system\CodeIgniter.php(832): App\Controllers\Gedung->product_api()
#2 C:\xampp\htdocs\si_inventaris_ci4\system\CodeIgniter.php(419): CodeIgniter\CodeIgniter->runController(Object(App\Controllers\Gedung))
#3 C:\xampp\htdocs\si_inventaris_ci4\system\CodeIgniter.php(326): CodeIgniter\CodeIgniter->handleRequest(NULL, Object(Config\Cache), false)
#4 C:\xampp\htdocs\si_inventaris_ci4\public\index.php(37): CodeIgniter\CodeIgniter->run()
#5 C:\xampp\htdocs\si_inventaris_ci4\system\Commands\Server\rewrite.php(43): require_once('C:\\xampp\\htdocs...')
#6 {main}
ERROR - 2022-06-07 13:31:23 --> Unknown column 'id' in 'where clause'
CRITICAL - 2022-06-07 13:31:23 --> Unknown column 'id' in 'where clause'
#0 C:\xampp\htdocs\si_inventaris_ci4\system\Database\MySQLi\Connection.php(292): mysqli->query('DELETE FROM `tb...', 0)
#1 C:\xampp\htdocs\si_inventaris_ci4\system\Database\BaseConnection.php(670): CodeIgniter\Database\MySQLi\Connection->execute('DELETE FROM `tb...')
#2 C:\xampp\htdocs\si_inventaris_ci4\system\Database\BaseConnection.php(598): CodeIgniter\Database\BaseConnection->simpleQuery('DELETE FROM `tb...')
#3 C:\xampp\htdocs\si_inventaris_ci4\system\Database\BaseBuilder.php(2225): CodeIgniter\Database\BaseConnection->query('DELETE FROM `tb...', Array, false)
#4 C:\xampp\htdocs\si_inventaris_ci4\app\Models\Gedung_model.php(92): CodeIgniter\Database\BaseBuilder->delete()
#5 C:\xampp\htdocs\si_inventaris_ci4\app\Controllers\Gedung.php(219): App\Models\Gedung_model->delete_gedung('2')
#6 C:\xampp\htdocs\si_inventaris_ci4\system\CodeIgniter.php(832): App\Controllers\Gedung->product_api()
#7 C:\xampp\htdocs\si_inventaris_ci4\system\CodeIgniter.php(419): CodeIgniter\CodeIgniter->runController(Object(App\Controllers\Gedung))
#8 C:\xampp\htdocs\si_inventaris_ci4\system\CodeIgniter.php(326): CodeIgniter\CodeIgniter->handleRequest(NULL, Object(Config\Cache), false)
#9 C:\xampp\htdocs\si_inventaris_ci4\public\index.php(37): CodeIgniter\CodeIgniter->run()
#10 C:\xampp\htdocs\si_inventaris_ci4\system\Commands\Server\rewrite.php(43): require_once('C:\\xampp\\htdocs...')
#11 {main}
ERROR - 2022-06-07 13:31:40 --> Unknown column 'id' in 'where clause'
CRITICAL - 2022-06-07 13:31:40 --> Unknown column 'id' in 'where clause'
#0 C:\xampp\htdocs\si_inventaris_ci4\system\Database\MySQLi\Connection.php(292): mysqli->query('DELETE FROM `tb...', 0)
#1 C:\xampp\htdocs\si_inventaris_ci4\system\Database\BaseConnection.php(670): CodeIgniter\Database\MySQLi\Connection->execute('DELETE FROM `tb...')
#2 C:\xampp\htdocs\si_inventaris_ci4\system\Database\BaseConnection.php(598): CodeIgniter\Database\BaseConnection->simpleQuery('DELETE FROM `tb...')
#3 C:\xampp\htdocs\si_inventaris_ci4\system\Database\BaseBuilder.php(2225): CodeIgniter\Database\BaseConnection->query('DELETE FROM `tb...', Array, false)
#4 C:\xampp\htdocs\si_inventaris_ci4\app\Models\Gedung_model.php(92): CodeIgniter\Database\BaseBuilder->delete()
#5 C:\xampp\htdocs\si_inventaris_ci4\app\Controllers\Gedung.php(219): App\Models\Gedung_model->delete_gedung('2')
#6 C:\xampp\htdocs\si_inventaris_ci4\system\CodeIgniter.php(832): App\Controllers\Gedung->product_api()
#7 C:\xampp\htdocs\si_inventaris_ci4\system\CodeIgniter.php(419): CodeIgniter\CodeIgniter->runController(Object(App\Controllers\Gedung))
#8 C:\xampp\htdocs\si_inventaris_ci4\system\CodeIgniter.php(326): CodeIgniter\CodeIgniter->handleRequest(NULL, Object(Config\Cache), false)
#9 C:\xampp\htdocs\si_inventaris_ci4\public\index.php(37): CodeIgniter\CodeIgniter->run()
#10 C:\xampp\htdocs\si_inventaris_ci4\system\Commands\Server\rewrite.php(43): require_once('C:\\xampp\\htdocs...')
#11 {main}
CRITICAL - 2022-06-07 13:46:35 --> Undefined property: stdClass::$id
#0 C:\xampp\htdocs\si_inventaris_ci4\app\Views\gedung\edit_gedung.php(17): CodeIgniter\Debug\Exceptions->errorHandler(2, 'Undefined prope...', 'C:\\xampp\\htdocs...', 17)
#1 C:\xampp\htdocs\si_inventaris_ci4\system\View\View.php(210): include('C:\\xampp\\htdocs...')
#2 C:\xampp\htdocs\si_inventaris_ci4\system\View\View.php(213): CodeIgniter\View\View->CodeIgniter\View\{closure}()
#3 C:\xampp\htdocs\si_inventaris_ci4\system\Common.php(1089): CodeIgniter\View\View->render('gedung/edit_ged...', Array, true)
#4 C:\xampp\htdocs\si_inventaris_ci4\app\Controllers\Gedung.php(88): view('gedung/edit_ged...', Array)
#5 C:\xampp\htdocs\si_inventaris_ci4\system\CodeIgniter.php(832): App\Controllers\Gedung->edit('4')
#6 C:\xampp\htdocs\si_inventaris_ci4\system\CodeIgniter.php(419): CodeIgniter\CodeIgniter->runController(Object(App\Controllers\Gedung))
#7 C:\xampp\htdocs\si_inventaris_ci4\system\CodeIgniter.php(326): CodeIgniter\CodeIgniter->handleRequest(NULL, Object(Config\Cache), false)
#8 C:\xampp\htdocs\si_inventaris_ci4\public\index.php(37): CodeIgniter\CodeIgniter->run()
#9 C:\xampp\htdocs\si_inventaris_ci4\system\Commands\Server\rewrite.php(43): require_once('C:\\xampp\\htdocs...')
#10 {main}
CRITICAL - 2022-06-07 13:46:53 --> Undefined property: stdClass::$name
#0 C:\xampp\htdocs\si_inventaris_ci4\app\Views\gedung\edit_gedung.php(86): CodeIgniter\Debug\Exceptions->errorHandler(2, 'Undefined prope...', 'C:\\xampp\\htdocs...', 86)
#1 C:\xampp\htdocs\si_inventaris_ci4\system\View\View.php(210): include('C:\\xampp\\htdocs...')
#2 C:\xampp\htdocs\si_inventaris_ci4\system\View\View.php(213): CodeIgniter\View\View->CodeIgniter\View\{closure}()
#3 C:\xampp\htdocs\si_inventaris_ci4\system\Common.php(1089): CodeIgniter\View\View->render('gedung/edit_ged...', Array, true)
#4 C:\xampp\htdocs\si_inventaris_ci4\app\Controllers\Gedung.php(88): view('gedung/edit_ged...', Array)
#5 C:\xampp\htdocs\si_inventaris_ci4\system\CodeIgniter.php(832): App\Controllers\Gedung->edit('4')
#6 C:\xampp\htdocs\si_inventaris_ci4\system\CodeIgniter.php(419): CodeIgniter\CodeIgniter->runController(Object(App\Controllers\Gedung))
#7 C:\xampp\htdocs\si_inventaris_ci4\system\CodeIgniter.php(326): CodeIgniter\CodeIgniter->handleRequest(NULL, Object(Config\Cache), false)
#8 C:\xampp\htdocs\si_inventaris_ci4\public\index.php(37): CodeIgniter\CodeIgniter->run()
#9 C:\xampp\htdocs\si_inventaris_ci4\system\Commands\Server\rewrite.php(43): require_once('C:\\xampp\\htdocs...')
#10 {main}
CRITICAL - 2022-06-07 13:47:22 --> Call to undefined method App\Models\Gedung_model::product_data
#0 C:\xampp\htdocs\si_inventaris_ci4\app\Controllers\Gedung.php(112): CodeIgniter\Model->__call('product_data', Array)
#1 C:\xampp\htdocs\si_inventaris_ci4\system\CodeIgniter.php(832): App\Controllers\Gedung->edit_gedung()
#2 C:\xampp\htdocs\si_inventaris_ci4\system\CodeIgniter.php(419): CodeIgniter\CodeIgniter->runController(Object(App\Controllers\Gedung))
#3 C:\xampp\htdocs\si_inventaris_ci4\system\CodeIgniter.php(326): CodeIgniter\CodeIgniter->handleRequest(NULL, Object(Config\Cache), false)
#4 C:\xampp\htdocs\si_inventaris_ci4\public\index.php(37): CodeIgniter\CodeIgniter->run()
#5 C:\xampp\htdocs\si_inventaris_ci4\system\Commands\Server\rewrite.php(43): require_once('C:\\xampp\\htdocs...')
#6 {main}
CRITICAL - 2022-06-07 13:51:15 --> Call to undefined method App\Models\Gedung_model::is_product_have_image
#0 C:\xampp\htdocs\si_inventaris_ci4\app\Controllers\Gedung.php(142): CodeIgniter\Model->__call('is_product_have...', Array)
#1 C:\xampp\htdocs\si_inventaris_ci4\system\CodeIgniter.php(832): App\Controllers\Gedung->edit_gedung()
#2 C:\xampp\htdocs\si_inventaris_ci4\system\CodeIgniter.php(419): CodeIgniter\CodeIgniter->runController(Object(App\Controllers\Gedung))
#3 C:\xampp\htdocs\si_inventaris_ci4\system\CodeIgniter.php(326): CodeIgniter\CodeIgniter->handleRequest(NULL, Object(Config\Cache), false)
#4 C:\xampp\htdocs\si_inventaris_ci4\public\index.php(37): CodeIgniter\CodeIgniter->run()
#5 C:\xampp\htdocs\si_inventaris_ci4\system\Commands\Server\rewrite.php(43): require_once('C:\\xampp\\htdocs...')
#6 {main}
CRITICAL - 2022-06-07 13:54:22 --> Call to undefined method App\Models\Gedung_model::product_data
#0 C:\xampp\htdocs\si_inventaris_ci4\app\Controllers\Gedung.php(163): CodeIgniter\Model->__call('product_data', Array)
#1 C:\xampp\htdocs\si_inventaris_ci4\system\CodeIgniter.php(832): App\Controllers\Gedung->product_api()
#2 C:\xampp\htdocs\si_inventaris_ci4\system\CodeIgniter.php(419): CodeIgniter\CodeIgniter->runController(Object(App\Controllers\Gedung))
#3 C:\xampp\htdocs\si_inventaris_ci4\system\CodeIgniter.php(326): CodeIgniter\CodeIgniter->handleRequest(NULL, Object(Config\Cache), false)
#4 C:\xampp\htdocs\si_inventaris_ci4\public\index.php(37): CodeIgniter\CodeIgniter->run()
#5 C:\xampp\htdocs\si_inventaris_ci4\system\Commands\Server\rewrite.php(43): require_once('C:\\xampp\\htdocs...')
#6 {main}
