ERROR - 2022-06-14 07:10:36 --> Unknown column 'nama_supplier' in 'order clause'
CRITICAL - 2022-06-14 07:10:36 --> Unknown column 'nama_supplier' in 'order clause'
#0 C:\xampp\htdocs\si_inventaris_ci4\system\Database\MySQLi\Connection.php(292): mysqli->query('SELECT *\nFROM `...', 0)
#1 C:\xampp\htdocs\si_inventaris_ci4\system\Database\BaseConnection.php(670): CodeIgniter\Database\MySQLi\Connection->execute('SELECT *\nFROM `...')
#2 C:\xampp\htdocs\si_inventaris_ci4\system\Database\BaseConnection.php(598): CodeIgniter\Database\BaseConnection->simpleQuery('SELECT *\nFROM `...')
#3 C:\xampp\htdocs\si_inventaris_ci4\system\Database\BaseBuilder.php(1455): CodeIgniter\Database\BaseConnection->query('SELECT *\nFROM `...', Array, false)
#4 C:\xampp\htdocs\si_inventaris_ci4\system\Model.php(183): CodeIgniter\Database\BaseBuilder->get()
#5 C:\xampp\htdocs\si_inventaris_ci4\system\BaseModel.php(584): CodeIgniter\Model->doFindAll(8, 0)
#6 C:\xampp\htdocs\si_inventaris_ci4\system\BaseModel.php(1088): CodeIgniter\BaseModel->findAll(8, 0)
#7 C:\xampp\htdocs\si_inventaris_ci4\app\Controllers\Supplier.php(34): CodeIgniter\BaseModel->paginate(8, 'table')
#8 C:\xampp\htdocs\si_inventaris_ci4\system\CodeIgniter.php(832): App\Controllers\Supplier->index()
#9 C:\xampp\htdocs\si_inventaris_ci4\system\CodeIgniter.php(419): CodeIgniter\CodeIgniter->runController(Object(App\Controllers\Supplier))
#10 C:\xampp\htdocs\si_inventaris_ci4\system\CodeIgniter.php(326): CodeIgniter\CodeIgniter->handleRequest(NULL, Object(Config\Cache), false)
#11 C:\xampp\htdocs\si_inventaris_ci4\public\index.php(37): CodeIgniter\CodeIgniter->run()
#12 C:\xampp\htdocs\si_inventaris_ci4\system\Commands\Server\rewrite.php(43): require_once('C:\\xampp\\htdocs...')
#13 {main}
ERROR - 2022-06-14 07:12:04 --> Unknown column 'nama_supplier' in 'order clause'
CRITICAL - 2022-06-14 07:12:04 --> Unknown column 'nama_supplier' in 'order clause'
#0 C:\xampp\htdocs\si_inventaris_ci4\system\Database\MySQLi\Connection.php(292): mysqli->query('SELECT *\nFROM `...', 0)
#1 C:\xampp\htdocs\si_inventaris_ci4\system\Database\BaseConnection.php(670): CodeIgniter\Database\MySQLi\Connection->execute('SELECT *\nFROM `...')
#2 C:\xampp\htdocs\si_inventaris_ci4\system\Database\BaseConnection.php(598): CodeIgniter\Database\BaseConnection->simpleQuery('SELECT *\nFROM `...')
#3 C:\xampp\htdocs\si_inventaris_ci4\system\Database\BaseBuilder.php(1455): CodeIgniter\Database\BaseConnection->query('SELECT *\nFROM `...', Array, false)
#4 C:\xampp\htdocs\si_inventaris_ci4\system\Model.php(183): CodeIgniter\Database\BaseBuilder->get()
#5 C:\xampp\htdocs\si_inventaris_ci4\system\BaseModel.php(584): CodeIgniter\Model->doFindAll(8, 0)
#6 C:\xampp\htdocs\si_inventaris_ci4\system\BaseModel.php(1088): CodeIgniter\BaseModel->findAll(8, 0)
#7 C:\xampp\htdocs\si_inventaris_ci4\app\Controllers\Supplier.php(34): CodeIgniter\BaseModel->paginate(8, 'table')
#8 C:\xampp\htdocs\si_inventaris_ci4\system\CodeIgniter.php(832): App\Controllers\Supplier->index()
#9 C:\xampp\htdocs\si_inventaris_ci4\system\CodeIgniter.php(419): CodeIgniter\CodeIgniter->runController(Object(App\Controllers\Supplier))
#10 C:\xampp\htdocs\si_inventaris_ci4\system\CodeIgniter.php(326): CodeIgniter\CodeIgniter->handleRequest(NULL, Object(Config\Cache), false)
#11 C:\xampp\htdocs\si_inventaris_ci4\public\index.php(37): CodeIgniter\CodeIgniter->run()
#12 C:\xampp\htdocs\si_inventaris_ci4\system\Commands\Server\rewrite.php(43): require_once('C:\\xampp\\htdocs...')
#13 {main}
ERROR - 2022-06-14 07:12:07 --> Unknown column 'nama_supplier' in 'order clause'
CRITICAL - 2022-06-14 07:12:07 --> Unknown column 'nama_supplier' in 'order clause'
#0 C:\xampp\htdocs\si_inventaris_ci4\system\Database\MySQLi\Connection.php(292): mysqli->query('SELECT *\nFROM `...', 0)
#1 C:\xampp\htdocs\si_inventaris_ci4\system\Database\BaseConnection.php(670): CodeIgniter\Database\MySQLi\Connection->execute('SELECT *\nFROM `...')
#2 C:\xampp\htdocs\si_inventaris_ci4\system\Database\BaseConnection.php(598): CodeIgniter\Database\BaseConnection->simpleQuery('SELECT *\nFROM `...')
#3 C:\xampp\htdocs\si_inventaris_ci4\system\Database\BaseBuilder.php(1455): CodeIgniter\Database\BaseConnection->query('SELECT *\nFROM `...', Array, false)
#4 C:\xampp\htdocs\si_inventaris_ci4\system\Model.php(183): CodeIgniter\Database\BaseBuilder->get()
#5 C:\xampp\htdocs\si_inventaris_ci4\system\BaseModel.php(584): CodeIgniter\Model->doFindAll(8, 0)
#6 C:\xampp\htdocs\si_inventaris_ci4\system\BaseModel.php(1088): CodeIgniter\BaseModel->findAll(8, 0)
#7 C:\xampp\htdocs\si_inventaris_ci4\app\Controllers\Supplier.php(34): CodeIgniter\BaseModel->paginate(8, 'table')
#8 C:\xampp\htdocs\si_inventaris_ci4\system\CodeIgniter.php(832): App\Controllers\Supplier->index()
#9 C:\xampp\htdocs\si_inventaris_ci4\system\CodeIgniter.php(419): CodeIgniter\CodeIgniter->runController(Object(App\Controllers\Supplier))
#10 C:\xampp\htdocs\si_inventaris_ci4\system\CodeIgniter.php(326): CodeIgniter\CodeIgniter->handleRequest(NULL, Object(Config\Cache), false)
#11 C:\xampp\htdocs\si_inventaris_ci4\public\index.php(37): CodeIgniter\CodeIgniter->run()
#12 C:\xampp\htdocs\si_inventaris_ci4\system\Commands\Server\rewrite.php(43): require_once('C:\\xampp\\htdocs...')
#13 {main}
CRITICAL - 2022-06-14 07:12:45 --> Call to undefined function get_theme_uri()
#0 C:\xampp\htdocs\si_inventaris_ci4\system\View\View.php(210): include()
#1 C:\xampp\htdocs\si_inventaris_ci4\system\View\View.php(213): CodeIgniter\View\View->CodeIgniter\View\{closure}()
#2 C:\xampp\htdocs\si_inventaris_ci4\system\Common.php(1089): CodeIgniter\View\View->render('supplier/suppli...', Array, true)
#3 C:\xampp\htdocs\si_inventaris_ci4\app\Controllers\Supplier.php(39): view('supplier/suppli...', Array)
#4 C:\xampp\htdocs\si_inventaris_ci4\system\CodeIgniter.php(832): App\Controllers\Supplier->index()
#5 C:\xampp\htdocs\si_inventaris_ci4\system\CodeIgniter.php(419): CodeIgniter\CodeIgniter->runController(Object(App\Controllers\Supplier))
#6 C:\xampp\htdocs\si_inventaris_ci4\system\CodeIgniter.php(326): CodeIgniter\CodeIgniter->handleRequest(NULL, Object(Config\Cache), false)
#7 C:\xampp\htdocs\si_inventaris_ci4\public\index.php(37): CodeIgniter\CodeIgniter->run()
#8 C:\xampp\htdocs\si_inventaris_ci4\system\Commands\Server\rewrite.php(43): require_once('C:\\xampp\\htdocs...')
#9 {main}
CRITICAL - 2022-06-14 07:14:36 --> Undefined variable $review
#0 C:\xampp\htdocs\si_inventaris_ci4\app\Views\supplier\supplier.php(53): CodeIgniter\Debug\Exceptions->errorHandler(2, 'Undefined varia...', 'C:\\xampp\\htdocs...', 53)
#1 C:\xampp\htdocs\si_inventaris_ci4\system\View\View.php(210): include('C:\\xampp\\htdocs...')
#2 C:\xampp\htdocs\si_inventaris_ci4\system\View\View.php(213): CodeIgniter\View\View->CodeIgniter\View\{closure}()
#3 C:\xampp\htdocs\si_inventaris_ci4\system\Common.php(1089): CodeIgniter\View\View->render('supplier/suppli...', Array, true)
#4 C:\xampp\htdocs\si_inventaris_ci4\app\Controllers\Supplier.php(39): view('supplier/suppli...', Array)
#5 C:\xampp\htdocs\si_inventaris_ci4\system\CodeIgniter.php(832): App\Controllers\Supplier->index()
#6 C:\xampp\htdocs\si_inventaris_ci4\system\CodeIgniter.php(419): CodeIgniter\CodeIgniter->runController(Object(App\Controllers\Supplier))
#7 C:\xampp\htdocs\si_inventaris_ci4\system\CodeIgniter.php(326): CodeIgniter\CodeIgniter->handleRequest(NULL, Object(Config\Cache), false)
#8 C:\xampp\htdocs\si_inventaris_ci4\public\index.php(37): CodeIgniter\CodeIgniter->run()
#9 C:\xampp\htdocs\si_inventaris_ci4\system\Commands\Server\rewrite.php(43): require_once('C:\\xampp\\htdocs...')
#10 {main}
CRITICAL - 2022-06-14 07:15:00 --> Undefined variable $review
#0 C:\xampp\htdocs\si_inventaris_ci4\app\Views\supplier\supplier.php(53): CodeIgniter\Debug\Exceptions->errorHandler(2, 'Undefined varia...', 'C:\\xampp\\htdocs...', 53)
#1 C:\xampp\htdocs\si_inventaris_ci4\system\View\View.php(210): include('C:\\xampp\\htdocs...')
#2 C:\xampp\htdocs\si_inventaris_ci4\system\View\View.php(213): CodeIgniter\View\View->CodeIgniter\View\{closure}()
#3 C:\xampp\htdocs\si_inventaris_ci4\system\Common.php(1089): CodeIgniter\View\View->render('supplier/suppli...', Array, true)
#4 C:\xampp\htdocs\si_inventaris_ci4\app\Controllers\Supplier.php(39): view('supplier/suppli...', Array)
#5 C:\xampp\htdocs\si_inventaris_ci4\system\CodeIgniter.php(832): App\Controllers\Supplier->index()
#6 C:\xampp\htdocs\si_inventaris_ci4\system\CodeIgniter.php(419): CodeIgniter\CodeIgniter->runController(Object(App\Controllers\Supplier))
#7 C:\xampp\htdocs\si_inventaris_ci4\system\CodeIgniter.php(326): CodeIgniter\CodeIgniter->handleRequest(NULL, Object(Config\Cache), false)
#8 C:\xampp\htdocs\si_inventaris_ci4\public\index.php(37): CodeIgniter\CodeIgniter->run()
#9 C:\xampp\htdocs\si_inventaris_ci4\system\Commands\Server\rewrite.php(43): require_once('C:\\xampp\\htdocs...')
#10 {main}
CRITICAL - 2022-06-14 07:15:06 --> Undefined array key "kontak_supplier"
#0 C:\xampp\htdocs\si_inventaris_ci4\app\Views\supplier\supplier.php(53): CodeIgniter\Debug\Exceptions->errorHandler(2, 'Undefined array...', 'C:\\xampp\\htdocs...', 53)
#1 C:\xampp\htdocs\si_inventaris_ci4\system\View\View.php(210): include('C:\\xampp\\htdocs...')
#2 C:\xampp\htdocs\si_inventaris_ci4\system\View\View.php(213): CodeIgniter\View\View->CodeIgniter\View\{closure}()
#3 C:\xampp\htdocs\si_inventaris_ci4\system\Common.php(1089): CodeIgniter\View\View->render('supplier/suppli...', Array, true)
#4 C:\xampp\htdocs\si_inventaris_ci4\app\Controllers\Supplier.php(39): view('supplier/suppli...', Array)
#5 C:\xampp\htdocs\si_inventaris_ci4\system\CodeIgniter.php(832): App\Controllers\Supplier->index()
#6 C:\xampp\htdocs\si_inventaris_ci4\system\CodeIgniter.php(419): CodeIgniter\CodeIgniter->runController(Object(App\Controllers\Supplier))
#7 C:\xampp\htdocs\si_inventaris_ci4\system\CodeIgniter.php(326): CodeIgniter\CodeIgniter->handleRequest(NULL, Object(Config\Cache), false)
#8 C:\xampp\htdocs\si_inventaris_ci4\public\index.php(37): CodeIgniter\CodeIgniter->run()
#9 C:\xampp\htdocs\si_inventaris_ci4\system\Commands\Server\rewrite.php(43): require_once('C:\\xampp\\htdocs...')
#10 {main}
CRITICAL - 2022-06-14 07:24:19 --> Undefined property: stdClass::$nama_barang
#0 C:\xampp\htdocs\si_inventaris_ci4\app\Controllers\Supplier.php(138): CodeIgniter\Debug\Exceptions->errorHandler(2, 'Undefined prope...', 'C:\\xampp\\htdocs...', 138)
#1 C:\xampp\htdocs\si_inventaris_ci4\system\CodeIgniter.php(832): App\Controllers\Supplier->edit('1')
#2 C:\xampp\htdocs\si_inventaris_ci4\system\CodeIgniter.php(419): CodeIgniter\CodeIgniter->runController(Object(App\Controllers\Supplier))
#3 C:\xampp\htdocs\si_inventaris_ci4\system\CodeIgniter.php(326): CodeIgniter\CodeIgniter->handleRequest(NULL, Object(Config\Cache), false)
#4 C:\xampp\htdocs\si_inventaris_ci4\public\index.php(37): CodeIgniter\CodeIgniter->run()
#5 C:\xampp\htdocs\si_inventaris_ci4\system\Commands\Server\rewrite.php(43): require_once('C:\\xampp\\htdocs...')
#6 {main}
CRITICAL - 2022-06-14 07:24:27 --> Undefined property: stdClass::$foto
#0 C:\xampp\htdocs\si_inventaris_ci4\app\Views\supplier\edit.php(72): CodeIgniter\Debug\Exceptions->errorHandler(2, 'Undefined prope...', 'C:\\xampp\\htdocs...', 72)
#1 C:\xampp\htdocs\si_inventaris_ci4\system\View\View.php(210): include('C:\\xampp\\htdocs...')
#2 C:\xampp\htdocs\si_inventaris_ci4\system\View\View.php(213): CodeIgniter\View\View->CodeIgniter\View\{closure}()
#3 C:\xampp\htdocs\si_inventaris_ci4\system\Common.php(1089): CodeIgniter\View\View->render('supplier/edit', Array, true)
#4 C:\xampp\htdocs\si_inventaris_ci4\app\Controllers\Supplier.php(143): view('supplier/edit', Array)
#5 C:\xampp\htdocs\si_inventaris_ci4\system\CodeIgniter.php(832): App\Controllers\Supplier->edit('1')
#6 C:\xampp\htdocs\si_inventaris_ci4\system\CodeIgniter.php(419): CodeIgniter\CodeIgniter->runController(Object(App\Controllers\Supplier))
#7 C:\xampp\htdocs\si_inventaris_ci4\system\CodeIgniter.php(326): CodeIgniter\CodeIgniter->handleRequest(NULL, Object(Config\Cache), false)
#8 C:\xampp\htdocs\si_inventaris_ci4\public\index.php(37): CodeIgniter\CodeIgniter->run()
#9 C:\xampp\htdocs\si_inventaris_ci4\system\Commands\Server\rewrite.php(43): require_once('C:\\xampp\\htdocs...')
#10 {main}
CRITICAL - 2022-06-14 08:17:57 --> Call to undefined method App\Models\Barang_model::delete_supplier
#0 C:\xampp\htdocs\si_inventaris_ci4\app\Controllers\Supplier.php(252): CodeIgniter\Model->__call('delete_supplier', Array)
#1 C:\xampp\htdocs\si_inventaris_ci4\system\CodeIgniter.php(832): App\Controllers\Supplier->hapus('1')
#2 C:\xampp\htdocs\si_inventaris_ci4\system\CodeIgniter.php(419): CodeIgniter\CodeIgniter->runController(Object(App\Controllers\Supplier))
#3 C:\xampp\htdocs\si_inventaris_ci4\system\CodeIgniter.php(326): CodeIgniter\CodeIgniter->handleRequest(NULL, Object(Config\Cache), false)
#4 C:\xampp\htdocs\si_inventaris_ci4\public\index.php(37): CodeIgniter\CodeIgniter->run()
#5 C:\xampp\htdocs\si_inventaris_ci4\system\Commands\Server\rewrite.php(43): require_once('C:\\xampp\\htdocs...')
#6 {main}
CRITICAL - 2022-06-14 08:25:57 --> Call to undefined method App\Models\Barang_model::edit_supplier
#0 C:\xampp\htdocs\si_inventaris_ci4\app\Controllers\Supplier.php(172): CodeIgniter\Model->__call('edit_supplier', Array)
#1 C:\xampp\htdocs\si_inventaris_ci4\system\CodeIgniter.php(832): App\Controllers\Supplier->edit_supplier()
#2 C:\xampp\htdocs\si_inventaris_ci4\system\CodeIgniter.php(419): CodeIgniter\CodeIgniter->runController(Object(App\Controllers\Supplier))
#3 C:\xampp\htdocs\si_inventaris_ci4\system\CodeIgniter.php(326): CodeIgniter\CodeIgniter->handleRequest(NULL, Object(Config\Cache), false)
#4 C:\xampp\htdocs\si_inventaris_ci4\public\index.php(37): CodeIgniter\CodeIgniter->run()
#5 C:\xampp\htdocs\si_inventaris_ci4\system\Commands\Server\rewrite.php(43): require_once('C:\\xampp\\htdocs...')
#6 {main}
CRITICAL - 2022-06-14 08:34:13 --> Undefined variable $supplier
#0 C:\xampp\htdocs\si_inventaris_ci4\app\Views\supplier\tambah.php(30): CodeIgniter\Debug\Exceptions->errorHandler(2, 'Undefined varia...', 'C:\\xampp\\htdocs...', 30)
#1 C:\xampp\htdocs\si_inventaris_ci4\system\View\View.php(210): include('C:\\xampp\\htdocs...')
#2 C:\xampp\htdocs\si_inventaris_ci4\system\View\View.php(213): CodeIgniter\View\View->CodeIgniter\View\{closure}()
#3 C:\xampp\htdocs\si_inventaris_ci4\system\Common.php(1089): CodeIgniter\View\View->render('supplier/tambah', Array, true)
#4 C:\xampp\htdocs\si_inventaris_ci4\app\Controllers\Supplier.php(53): view('supplier/tambah', Array)
#5 C:\xampp\htdocs\si_inventaris_ci4\system\CodeIgniter.php(832): App\Controllers\Supplier->tambah()
#6 C:\xampp\htdocs\si_inventaris_ci4\system\CodeIgniter.php(419): CodeIgniter\CodeIgniter->runController(Object(App\Controllers\Supplier))
#7 C:\xampp\htdocs\si_inventaris_ci4\system\CodeIgniter.php(326): CodeIgniter\CodeIgniter->handleRequest(NULL, Object(Config\Cache), false)
#8 C:\xampp\htdocs\si_inventaris_ci4\public\index.php(37): CodeIgniter\CodeIgniter->run()
#9 C:\xampp\htdocs\si_inventaris_ci4\system\Commands\Server\rewrite.php(43): require_once('C:\\xampp\\htdocs...')
#10 {main}
CRITICAL - 2022-06-14 08:34:35 --> Undefined variable $supplier
#0 C:\xampp\htdocs\si_inventaris_ci4\app\Views\supplier\tambah.php(78): CodeIgniter\Debug\Exceptions->errorHandler(2, 'Undefined varia...', 'C:\\xampp\\htdocs...', 78)
#1 C:\xampp\htdocs\si_inventaris_ci4\system\View\View.php(210): include('C:\\xampp\\htdocs...')
#2 C:\xampp\htdocs\si_inventaris_ci4\system\View\View.php(213): CodeIgniter\View\View->CodeIgniter\View\{closure}()
#3 C:\xampp\htdocs\si_inventaris_ci4\system\Common.php(1089): CodeIgniter\View\View->render('supplier/tambah', Array, true)
#4 C:\xampp\htdocs\si_inventaris_ci4\app\Controllers\Supplier.php(53): view('supplier/tambah', Array)
#5 C:\xampp\htdocs\si_inventaris_ci4\system\CodeIgniter.php(832): App\Controllers\Supplier->tambah()
#6 C:\xampp\htdocs\si_inventaris_ci4\system\CodeIgniter.php(419): CodeIgniter\CodeIgniter->runController(Object(App\Controllers\Supplier))
#7 C:\xampp\htdocs\si_inventaris_ci4\system\CodeIgniter.php(326): CodeIgniter\CodeIgniter->handleRequest(NULL, Object(Config\Cache), false)
#8 C:\xampp\htdocs\si_inventaris_ci4\public\index.php(37): CodeIgniter\CodeIgniter->run()
#9 C:\xampp\htdocs\si_inventaris_ci4\system\Commands\Server\rewrite.php(43): require_once('C:\\xampp\\htdocs...')
#10 {main}
ERROR - 2022-06-14 10:27:09 --> Unknown column 'tb_ruangan.id_ruangan' in 'on clause'
CRITICAL - 2022-06-14 10:27:09 --> Unknown column 'tb_ruangan.id_ruangan' in 'on clause'
#0 C:\xampp\htdocs\si_inventaris_ci4\system\Database\MySQLi\Connection.php(292): mysqli->query('SELECT COUNT(*)...', 0)
#1 C:\xampp\htdocs\si_inventaris_ci4\system\Database\BaseConnection.php(670): CodeIgniter\Database\MySQLi\Connection->execute('SELECT COUNT(*)...')
#2 C:\xampp\htdocs\si_inventaris_ci4\system\Database\BaseConnection.php(598): CodeIgniter\Database\BaseConnection->simpleQuery('SELECT COUNT(*)...')
#3 C:\xampp\htdocs\si_inventaris_ci4\system\Database\BaseBuilder.php(1539): CodeIgniter\Database\BaseConnection->query('SELECT COUNT(*)...', Array, false)
#4 C:\xampp\htdocs\si_inventaris_ci4\system\Model.php(509): CodeIgniter\Database\BaseBuilder->countAllResults(false)
#5 C:\xampp\htdocs\si_inventaris_ci4\system\BaseModel.php(1084): CodeIgniter\Model->countAllResults(false)
#6 C:\xampp\htdocs\si_inventaris_ci4\app\Controllers\Penyimpanan.php(39): CodeIgniter\BaseModel->paginate(10, 'table')
#7 C:\xampp\htdocs\si_inventaris_ci4\system\CodeIgniter.php(832): App\Controllers\Penyimpanan->index()
#8 C:\xampp\htdocs\si_inventaris_ci4\system\CodeIgniter.php(419): CodeIgniter\CodeIgniter->runController(Object(App\Controllers\Penyimpanan))
#9 C:\xampp\htdocs\si_inventaris_ci4\system\CodeIgniter.php(326): CodeIgniter\CodeIgniter->handleRequest(NULL, Object(Config\Cache), false)
#10 C:\xampp\htdocs\si_inventaris_ci4\public\index.php(37): CodeIgniter\CodeIgniter->run()
#11 C:\xampp\htdocs\si_inventaris_ci4\system\Commands\Server\rewrite.php(43): require_once('C:\\xampp\\htdocs...')
#12 {main}
CRITICAL - 2022-06-14 10:27:46 --> Undefined property: App\Controllers\Penyimpanan::$supplier
#0 C:\xampp\htdocs\si_inventaris_ci4\app\Controllers\Penyimpanan.php(41): CodeIgniter\Debug\Exceptions->errorHandler(2, 'Undefined prope...', 'C:\\xampp\\htdocs...', 41)
#1 C:\xampp\htdocs\si_inventaris_ci4\system\CodeIgniter.php(832): App\Controllers\Penyimpanan->index()
#2 C:\xampp\htdocs\si_inventaris_ci4\system\CodeIgniter.php(419): CodeIgniter\CodeIgniter->runController(Object(App\Controllers\Penyimpanan))
#3 C:\xampp\htdocs\si_inventaris_ci4\system\CodeIgniter.php(326): CodeIgniter\CodeIgniter->handleRequest(NULL, Object(Config\Cache), false)
#4 C:\xampp\htdocs\si_inventaris_ci4\public\index.php(37): CodeIgniter\CodeIgniter->run()
#5 C:\xampp\htdocs\si_inventaris_ci4\system\Commands\Server\rewrite.php(43): require_once('C:\\xampp\\htdocs...')
#6 {main}
CRITICAL - 2022-06-14 10:28:24 --> Undefined array key "tgl_smpan"
#0 C:\xampp\htdocs\si_inventaris_ci4\app\Views\menyimpan\menyimpan.php(81): CodeIgniter\Debug\Exceptions->errorHandler(2, 'Undefined array...', 'C:\\xampp\\htdocs...', 81)
#1 C:\xampp\htdocs\si_inventaris_ci4\system\View\View.php(210): include('C:\\xampp\\htdocs...')
#2 C:\xampp\htdocs\si_inventaris_ci4\system\View\View.php(213): CodeIgniter\View\View->CodeIgniter\View\{closure}()
#3 C:\xampp\htdocs\si_inventaris_ci4\system\Common.php(1089): CodeIgniter\View\View->render('menyimpan/menyi...', Array, true)
#4 C:\xampp\htdocs\si_inventaris_ci4\app\Controllers\Penyimpanan.php(43): view('menyimpan/menyi...', Array)
#5 C:\xampp\htdocs\si_inventaris_ci4\system\CodeIgniter.php(832): App\Controllers\Penyimpanan->index()
#6 C:\xampp\htdocs\si_inventaris_ci4\system\CodeIgniter.php(419): CodeIgniter\CodeIgniter->runController(Object(App\Controllers\Penyimpanan))
#7 C:\xampp\htdocs\si_inventaris_ci4\system\CodeIgniter.php(326): CodeIgniter\CodeIgniter->handleRequest(NULL, Object(Config\Cache), false)
#8 C:\xampp\htdocs\si_inventaris_ci4\public\index.php(37): CodeIgniter\CodeIgniter->run()
#9 C:\xampp\htdocs\si_inventaris_ci4\system\Commands\Server\rewrite.php(43): require_once('C:\\xampp\\htdocs...')
#10 {main}
CRITICAL - 2022-06-14 10:28:38 --> Undefined array key "id_supplier"
#0 C:\xampp\htdocs\si_inventaris_ci4\app\Views\menyimpan\menyimpan.php(84): CodeIgniter\Debug\Exceptions->errorHandler(2, 'Undefined array...', 'C:\\xampp\\htdocs...', 84)
#1 C:\xampp\htdocs\si_inventaris_ci4\system\View\View.php(210): include('C:\\xampp\\htdocs...')
#2 C:\xampp\htdocs\si_inventaris_ci4\system\View\View.php(213): CodeIgniter\View\View->CodeIgniter\View\{closure}()
#3 C:\xampp\htdocs\si_inventaris_ci4\system\Common.php(1089): CodeIgniter\View\View->render('menyimpan/menyi...', Array, true)
#4 C:\xampp\htdocs\si_inventaris_ci4\app\Controllers\Penyimpanan.php(43): view('menyimpan/menyi...', Array)
#5 C:\xampp\htdocs\si_inventaris_ci4\system\CodeIgniter.php(832): App\Controllers\Penyimpanan->index()
#6 C:\xampp\htdocs\si_inventaris_ci4\system\CodeIgniter.php(419): CodeIgniter\CodeIgniter->runController(Object(App\Controllers\Penyimpanan))
#7 C:\xampp\htdocs\si_inventaris_ci4\system\CodeIgniter.php(326): CodeIgniter\CodeIgniter->handleRequest(NULL, Object(Config\Cache), false)
#8 C:\xampp\htdocs\si_inventaris_ci4\public\index.php(37): CodeIgniter\CodeIgniter->run()
#9 C:\xampp\htdocs\si_inventaris_ci4\system\Commands\Server\rewrite.php(43): require_once('C:\\xampp\\htdocs...')
#10 {main}
CRITICAL - 2022-06-14 10:29:15 --> Undefined array key "id_simpan"
#0 C:\xampp\htdocs\si_inventaris_ci4\app\Views\menyimpan\menyimpan.php(84): CodeIgniter\Debug\Exceptions->errorHandler(2, 'Undefined array...', 'C:\\xampp\\htdocs...', 84)
#1 C:\xampp\htdocs\si_inventaris_ci4\system\View\View.php(210): include('C:\\xampp\\htdocs...')
#2 C:\xampp\htdocs\si_inventaris_ci4\system\View\View.php(213): CodeIgniter\View\View->CodeIgniter\View\{closure}()
#3 C:\xampp\htdocs\si_inventaris_ci4\system\Common.php(1089): CodeIgniter\View\View->render('menyimpan/menyi...', Array, true)
#4 C:\xampp\htdocs\si_inventaris_ci4\app\Controllers\Penyimpanan.php(43): view('menyimpan/menyi...', Array)
#5 C:\xampp\htdocs\si_inventaris_ci4\system\CodeIgniter.php(832): App\Controllers\Penyimpanan->index()
#6 C:\xampp\htdocs\si_inventaris_ci4\system\CodeIgniter.php(419): CodeIgniter\CodeIgniter->runController(Object(App\Controllers\Penyimpanan))
#7 C:\xampp\htdocs\si_inventaris_ci4\system\CodeIgniter.php(326): CodeIgniter\CodeIgniter->handleRequest(NULL, Object(Config\Cache), false)
#8 C:\xampp\htdocs\si_inventaris_ci4\public\index.php(37): CodeIgniter\CodeIgniter->run()
#9 C:\xampp\htdocs\si_inventaris_ci4\system\Commands\Server\rewrite.php(43): require_once('C:\\xampp\\htdocs...')
#10 {main}
CRITICAL - 2022-06-14 10:29:18 --> Undefined array key "id_simpan"
#0 C:\xampp\htdocs\si_inventaris_ci4\app\Views\menyimpan\menyimpan.php(84): CodeIgniter\Debug\Exceptions->errorHandler(2, 'Undefined array...', 'C:\\xampp\\htdocs...', 84)
#1 C:\xampp\htdocs\si_inventaris_ci4\system\View\View.php(210): include('C:\\xampp\\htdocs...')
#2 C:\xampp\htdocs\si_inventaris_ci4\system\View\View.php(213): CodeIgniter\View\View->CodeIgniter\View\{closure}()
#3 C:\xampp\htdocs\si_inventaris_ci4\system\Common.php(1089): CodeIgniter\View\View->render('menyimpan/menyi...', Array, true)
#4 C:\xampp\htdocs\si_inventaris_ci4\app\Controllers\Penyimpanan.php(43): view('menyimpan/menyi...', Array)
#5 C:\xampp\htdocs\si_inventaris_ci4\system\CodeIgniter.php(832): App\Controllers\Penyimpanan->index()
#6 C:\xampp\htdocs\si_inventaris_ci4\system\CodeIgniter.php(419): CodeIgniter\CodeIgniter->runController(Object(App\Controllers\Penyimpanan))
#7 C:\xampp\htdocs\si_inventaris_ci4\system\CodeIgniter.php(326): CodeIgniter\CodeIgniter->handleRequest(NULL, Object(Config\Cache), false)
#8 C:\xampp\htdocs\si_inventaris_ci4\public\index.php(37): CodeIgniter\CodeIgniter->run()
#9 C:\xampp\htdocs\si_inventaris_ci4\system\Commands\Server\rewrite.php(43): require_once('C:\\xampp\\htdocs...')
#10 {main}
CRITICAL - 2022-06-14 11:17:08 --> count(): Argument #1 ($value) must be of type Countable|array, null given
#0 C:\xampp\htdocs\si_inventaris_ci4\system\View\View.php(210): include()
#1 C:\xampp\htdocs\si_inventaris_ci4\system\View\View.php(213): CodeIgniter\View\View->CodeIgniter\View\{closure}()
#2 C:\xampp\htdocs\si_inventaris_ci4\system\Common.php(1089): CodeIgniter\View\View->render('menyimpan/tamba...', Array, true)
#3 C:\xampp\htdocs\si_inventaris_ci4\app\Controllers\Penyimpanan.php(57): view('menyimpan/tamba...', Array)
#4 C:\xampp\htdocs\si_inventaris_ci4\system\CodeIgniter.php(832): App\Controllers\Penyimpanan->tambah()
#5 C:\xampp\htdocs\si_inventaris_ci4\system\CodeIgniter.php(419): CodeIgniter\CodeIgniter->runController(Object(App\Controllers\Penyimpanan))
#6 C:\xampp\htdocs\si_inventaris_ci4\system\CodeIgniter.php(326): CodeIgniter\CodeIgniter->handleRequest(NULL, Object(Config\Cache), false)
#7 C:\xampp\htdocs\si_inventaris_ci4\public\index.php(37): CodeIgniter\CodeIgniter->run()
#8 C:\xampp\htdocs\si_inventaris_ci4\system\Commands\Server\rewrite.php(43): require_once('C:\\xampp\\htdocs...')
#9 {main}
CRITICAL - 2022-06-14 11:23:41 --> Undefined property: App\Controllers\Penyimpanan::$supplier
#0 C:\xampp\htdocs\si_inventaris_ci4\app\Controllers\Penyimpanan.php(101): CodeIgniter\Debug\Exceptions->errorHandler(2, 'Undefined prope...', 'C:\\xampp\\htdocs...', 101)
#1 C:\xampp\htdocs\si_inventaris_ci4\system\CodeIgniter.php(832): App\Controllers\Penyimpanan->edit('2')
#2 C:\xampp\htdocs\si_inventaris_ci4\system\CodeIgniter.php(419): CodeIgniter\CodeIgniter->runController(Object(App\Controllers\Penyimpanan))
#3 C:\xampp\htdocs\si_inventaris_ci4\system\CodeIgniter.php(326): CodeIgniter\CodeIgniter->handleRequest(NULL, Object(Config\Cache), false)
#4 C:\xampp\htdocs\si_inventaris_ci4\public\index.php(37): CodeIgniter\CodeIgniter->run()
#5 C:\xampp\htdocs\si_inventaris_ci4\system\Commands\Server\rewrite.php(43): require_once('C:\\xampp\\htdocs...')
#6 {main}
ERROR - 2022-06-14 11:32:24 --> Unknown column 'id_menyimpan' in 'where clause'
CRITICAL - 2022-06-14 11:32:24 --> Unknown column 'id_menyimpan' in 'where clause'
#0 C:\xampp\htdocs\si_inventaris_ci4\system\Database\MySQLi\Connection.php(292): mysqli->query('SELECT COUNT(*)...', 0)
#1 C:\xampp\htdocs\si_inventaris_ci4\system\Database\BaseConnection.php(670): CodeIgniter\Database\MySQLi\Connection->execute('SELECT COUNT(*)...')
#2 C:\xampp\htdocs\si_inventaris_ci4\system\Database\BaseConnection.php(598): CodeIgniter\Database\BaseConnection->simpleQuery('SELECT COUNT(*)...')
#3 C:\xampp\htdocs\si_inventaris_ci4\system\Database\BaseBuilder.php(1539): CodeIgniter\Database\BaseConnection->query('SELECT COUNT(*)...', Array, false)
#4 C:\xampp\htdocs\si_inventaris_ci4\app\Models\Penyimpanan_model.php(52): CodeIgniter\Database\BaseBuilder->countAllResults()
#5 C:\xampp\htdocs\si_inventaris_ci4\app\Controllers\Penyimpanan.php(101): App\Models\Penyimpanan_model->is_menyimpan_exist('2')
#6 C:\xampp\htdocs\si_inventaris_ci4\system\CodeIgniter.php(832): App\Controllers\Penyimpanan->edit('2')
#7 C:\xampp\htdocs\si_inventaris_ci4\system\CodeIgniter.php(419): CodeIgniter\CodeIgniter->runController(Object(App\Controllers\Penyimpanan))
#8 C:\xampp\htdocs\si_inventaris_ci4\system\CodeIgniter.php(326): CodeIgniter\CodeIgniter->handleRequest(NULL, Object(Config\Cache), false)
#9 C:\xampp\htdocs\si_inventaris_ci4\public\index.php(37): CodeIgniter\CodeIgniter->run()
#10 C:\xampp\htdocs\si_inventaris_ci4\system\Commands\Server\rewrite.php(43): require_once('C:\\xampp\\htdocs...')
#11 {main}
CRITICAL - 2022-06-14 11:33:06 --> Undefined property: stdClass::$nama_supplier
#0 C:\xampp\htdocs\si_inventaris_ci4\app\Controllers\Penyimpanan.php(104): CodeIgniter\Debug\Exceptions->errorHandler(2, 'Undefined prope...', 'C:\\xampp\\htdocs...', 104)
#1 C:\xampp\htdocs\si_inventaris_ci4\system\CodeIgniter.php(832): App\Controllers\Penyimpanan->edit('2')
#2 C:\xampp\htdocs\si_inventaris_ci4\system\CodeIgniter.php(419): CodeIgniter\CodeIgniter->runController(Object(App\Controllers\Penyimpanan))
#3 C:\xampp\htdocs\si_inventaris_ci4\system\CodeIgniter.php(326): CodeIgniter\CodeIgniter->handleRequest(NULL, Object(Config\Cache), false)
#4 C:\xampp\htdocs\si_inventaris_ci4\public\index.php(37): CodeIgniter\CodeIgniter->run()
#5 C:\xampp\htdocs\si_inventaris_ci4\system\Commands\Server\rewrite.php(43): require_once('C:\\xampp\\htdocs...')
#6 {main}
CRITICAL - 2022-06-14 11:38:32 --> Attempt to read property "id_simpan" on array
#0 C:\xampp\htdocs\si_inventaris_ci4\app\Controllers\Penyimpanan.php(106): CodeIgniter\Debug\Exceptions->errorHandler(2, 'Attempt to read...', 'C:\\xampp\\htdocs...', 106)
#1 C:\xampp\htdocs\si_inventaris_ci4\system\CodeIgniter.php(832): App\Controllers\Penyimpanan->edit('2')
#2 C:\xampp\htdocs\si_inventaris_ci4\system\CodeIgniter.php(419): CodeIgniter\CodeIgniter->runController(Object(App\Controllers\Penyimpanan))
#3 C:\xampp\htdocs\si_inventaris_ci4\system\CodeIgniter.php(326): CodeIgniter\CodeIgniter->handleRequest(NULL, Object(Config\Cache), false)
#4 C:\xampp\htdocs\si_inventaris_ci4\public\index.php(37): CodeIgniter\CodeIgniter->run()
#5 C:\xampp\htdocs\si_inventaris_ci4\system\Commands\Server\rewrite.php(43): require_once('C:\\xampp\\htdocs...')
#6 {main}
CRITICAL - 2022-06-14 11:39:02 --> Undefined array key "id_simpan"
#0 C:\xampp\htdocs\si_inventaris_ci4\app\Controllers\Penyimpanan.php(106): CodeIgniter\Debug\Exceptions->errorHandler(2, 'Undefined array...', 'C:\\xampp\\htdocs...', 106)
#1 C:\xampp\htdocs\si_inventaris_ci4\system\CodeIgniter.php(832): App\Controllers\Penyimpanan->edit('2')
#2 C:\xampp\htdocs\si_inventaris_ci4\system\CodeIgniter.php(419): CodeIgniter\CodeIgniter->runController(Object(App\Controllers\Penyimpanan))
#3 C:\xampp\htdocs\si_inventaris_ci4\system\CodeIgniter.php(326): CodeIgniter\CodeIgniter->handleRequest(NULL, Object(Config\Cache), false)
#4 C:\xampp\htdocs\si_inventaris_ci4\public\index.php(37): CodeIgniter\CodeIgniter->run()
#5 C:\xampp\htdocs\si_inventaris_ci4\system\Commands\Server\rewrite.php(43): require_once('C:\\xampp\\htdocs...')
#6 {main}
CRITICAL - 2022-06-14 11:39:18 --> Attempt to read property "id_simpan" on array
#0 C:\xampp\htdocs\si_inventaris_ci4\app\Controllers\Penyimpanan.php(106): CodeIgniter\Debug\Exceptions->errorHandler(2, 'Attempt to read...', 'C:\\xampp\\htdocs...', 106)
#1 C:\xampp\htdocs\si_inventaris_ci4\system\CodeIgniter.php(832): App\Controllers\Penyimpanan->edit('2')
#2 C:\xampp\htdocs\si_inventaris_ci4\system\CodeIgniter.php(419): CodeIgniter\CodeIgniter->runController(Object(App\Controllers\Penyimpanan))
#3 C:\xampp\htdocs\si_inventaris_ci4\system\CodeIgniter.php(326): CodeIgniter\CodeIgniter->handleRequest(NULL, Object(Config\Cache), false)
#4 C:\xampp\htdocs\si_inventaris_ci4\public\index.php(37): CodeIgniter\CodeIgniter->run()
#5 C:\xampp\htdocs\si_inventaris_ci4\system\Commands\Server\rewrite.php(43): require_once('C:\\xampp\\htdocs...')
#6 {main}
CRITICAL - 2022-06-14 11:40:49 --> Undefined property: stdClass::$id_ruangan
#0 C:\xampp\htdocs\si_inventaris_ci4\app\Views\menyimpan\edit.php(51): CodeIgniter\Debug\Exceptions->errorHandler(2, 'Undefined prope...', 'C:\\xampp\\htdocs...', 51)
#1 C:\xampp\htdocs\si_inventaris_ci4\system\View\View.php(210): include('C:\\xampp\\htdocs...')
#2 C:\xampp\htdocs\si_inventaris_ci4\system\View\View.php(213): CodeIgniter\View\View->CodeIgniter\View\{closure}()
#3 C:\xampp\htdocs\si_inventaris_ci4\system\Common.php(1089): CodeIgniter\View\View->render('menyimpan/edit', Array, true)
#4 C:\xampp\htdocs\si_inventaris_ci4\app\Controllers\Penyimpanan.php(112): view('menyimpan/edit', Array)
#5 C:\xampp\htdocs\si_inventaris_ci4\system\CodeIgniter.php(832): App\Controllers\Penyimpanan->edit('2')
#6 C:\xampp\htdocs\si_inventaris_ci4\system\CodeIgniter.php(419): CodeIgniter\CodeIgniter->runController(Object(App\Controllers\Penyimpanan))
#7 C:\xampp\htdocs\si_inventaris_ci4\system\CodeIgniter.php(326): CodeIgniter\CodeIgniter->handleRequest(NULL, Object(Config\Cache), false)
#8 C:\xampp\htdocs\si_inventaris_ci4\public\index.php(37): CodeIgniter\CodeIgniter->run()
#9 C:\xampp\htdocs\si_inventaris_ci4\system\Commands\Server\rewrite.php(43): require_once('C:\\xampp\\htdocs...')
#10 {main}
CRITICAL - 2022-06-14 11:41:13 --> Cannot use object of type stdClass as array
#0 C:\xampp\htdocs\si_inventaris_ci4\system\View\View.php(210): include()
#1 C:\xampp\htdocs\si_inventaris_ci4\system\View\View.php(213): CodeIgniter\View\View->CodeIgniter\View\{closure}()
#2 C:\xampp\htdocs\si_inventaris_ci4\system\Common.php(1089): CodeIgniter\View\View->render('menyimpan/edit', Array, true)
#3 C:\xampp\htdocs\si_inventaris_ci4\app\Controllers\Penyimpanan.php(112): view('menyimpan/edit', Array)
#4 C:\xampp\htdocs\si_inventaris_ci4\system\CodeIgniter.php(832): App\Controllers\Penyimpanan->edit('2')
#5 C:\xampp\htdocs\si_inventaris_ci4\system\CodeIgniter.php(419): CodeIgniter\CodeIgniter->runController(Object(App\Controllers\Penyimpanan))
#6 C:\xampp\htdocs\si_inventaris_ci4\system\CodeIgniter.php(326): CodeIgniter\CodeIgniter->handleRequest(NULL, Object(Config\Cache), false)
#7 C:\xampp\htdocs\si_inventaris_ci4\public\index.php(37): CodeIgniter\CodeIgniter->run()
#8 C:\xampp\htdocs\si_inventaris_ci4\system\Commands\Server\rewrite.php(43): require_once('C:\\xampp\\htdocs...')
#9 {main}
CRITICAL - 2022-06-14 11:41:23 --> Undefined property: stdClass::$id_ruangan
#0 C:\xampp\htdocs\si_inventaris_ci4\app\Views\menyimpan\edit.php(51): CodeIgniter\Debug\Exceptions->errorHandler(2, 'Undefined prope...', 'C:\\xampp\\htdocs...', 51)
#1 C:\xampp\htdocs\si_inventaris_ci4\system\View\View.php(210): include('C:\\xampp\\htdocs...')
#2 C:\xampp\htdocs\si_inventaris_ci4\system\View\View.php(213): CodeIgniter\View\View->CodeIgniter\View\{closure}()
#3 C:\xampp\htdocs\si_inventaris_ci4\system\Common.php(1089): CodeIgniter\View\View->render('menyimpan/edit', Array, true)
#4 C:\xampp\htdocs\si_inventaris_ci4\app\Controllers\Penyimpanan.php(112): view('menyimpan/edit', Array)
#5 C:\xampp\htdocs\si_inventaris_ci4\system\CodeIgniter.php(832): App\Controllers\Penyimpanan->edit('2')
#6 C:\xampp\htdocs\si_inventaris_ci4\system\CodeIgniter.php(419): CodeIgniter\CodeIgniter->runController(Object(App\Controllers\Penyimpanan))
#7 C:\xampp\htdocs\si_inventaris_ci4\system\CodeIgniter.php(326): CodeIgniter\CodeIgniter->handleRequest(NULL, Object(Config\Cache), false)
#8 C:\xampp\htdocs\si_inventaris_ci4\public\index.php(37): CodeIgniter\CodeIgniter->run()
#9 C:\xampp\htdocs\si_inventaris_ci4\system\Commands\Server\rewrite.php(43): require_once('C:\\xampp\\htdocs...')
#10 {main}
ERROR - 2022-06-14 11:42:14 --> Column 'id_ruangan' in field list is ambiguous
CRITICAL - 2022-06-14 11:42:14 --> Column 'id_ruangan' in field list is ambiguous
#0 C:\xampp\htdocs\si_inventaris_ci4\system\Database\MySQLi\Connection.php(292): mysqli->query('SELECT `id_simp...', 0)
#1 C:\xampp\htdocs\si_inventaris_ci4\system\Database\BaseConnection.php(670): CodeIgniter\Database\MySQLi\Connection->execute('SELECT `id_simp...')
#2 C:\xampp\htdocs\si_inventaris_ci4\system\Database\BaseConnection.php(598): CodeIgniter\Database\BaseConnection->simpleQuery('SELECT `id_simp...')
#3 C:\xampp\htdocs\si_inventaris_ci4\system\Database\BaseBuilder.php(1455): CodeIgniter\Database\BaseConnection->query('SELECT `id_simp...', Array, false)
#4 C:\xampp\htdocs\si_inventaris_ci4\system\Model.php(728): CodeIgniter\Database\BaseBuilder->get()
#5 C:\xampp\htdocs\si_inventaris_ci4\app\Controllers\Penyimpanan.php(104): CodeIgniter\Model->__call('get', Array)
#6 C:\xampp\htdocs\si_inventaris_ci4\system\CodeIgniter.php(832): App\Controllers\Penyimpanan->edit('2')
#7 C:\xampp\htdocs\si_inventaris_ci4\system\CodeIgniter.php(419): CodeIgniter\CodeIgniter->runController(Object(App\Controllers\Penyimpanan))
#8 C:\xampp\htdocs\si_inventaris_ci4\system\CodeIgniter.php(326): CodeIgniter\CodeIgniter->handleRequest(NULL, Object(Config\Cache), false)
#9 C:\xampp\htdocs\si_inventaris_ci4\public\index.php(37): CodeIgniter\CodeIgniter->run()
#10 C:\xampp\htdocs\si_inventaris_ci4\system\Commands\Server\rewrite.php(43): require_once('C:\\xampp\\htdocs...')
#11 {main}
CRITICAL - 2022-06-14 11:48:31 --> Unclosed '{' on line 84
#0 C:\xampp\htdocs\si_inventaris_ci4\system\View\View.php(213): CodeIgniter\View\View->CodeIgniter\View\{closure}()
#1 C:\xampp\htdocs\si_inventaris_ci4\system\Common.php(1089): CodeIgniter\View\View->render('menyimpan/edit', Array, true)
#2 C:\xampp\htdocs\si_inventaris_ci4\app\Controllers\Penyimpanan.php(112): view('menyimpan/edit', Array)
#3 C:\xampp\htdocs\si_inventaris_ci4\system\CodeIgniter.php(832): App\Controllers\Penyimpanan->edit('2')
#4 C:\xampp\htdocs\si_inventaris_ci4\system\CodeIgniter.php(419): CodeIgniter\CodeIgniter->runController(Object(App\Controllers\Penyimpanan))
#5 C:\xampp\htdocs\si_inventaris_ci4\system\CodeIgniter.php(326): CodeIgniter\CodeIgniter->handleRequest(NULL, Object(Config\Cache), false)
#6 C:\xampp\htdocs\si_inventaris_ci4\public\index.php(37): CodeIgniter\CodeIgniter->run()
#7 C:\xampp\htdocs\si_inventaris_ci4\system\Commands\Server\rewrite.php(43): require_once('C:\\xampp\\htdocs...')
#8 {main}
CRITICAL - 2022-06-14 11:55:43 --> Call to undefined method App\Models\Penyimpanan_model::edit_menyimpanan
#0 C:\xampp\htdocs\si_inventaris_ci4\app\Controllers\Penyimpanan.php(146): CodeIgniter\Model->__call('edit_menyimpana...', Array)
#1 C:\xampp\htdocs\si_inventaris_ci4\system\CodeIgniter.php(832): App\Controllers\Penyimpanan->edit_supplier()
#2 C:\xampp\htdocs\si_inventaris_ci4\system\CodeIgniter.php(419): CodeIgniter\CodeIgniter->runController(Object(App\Controllers\Penyimpanan))
#3 C:\xampp\htdocs\si_inventaris_ci4\system\CodeIgniter.php(326): CodeIgniter\CodeIgniter->handleRequest(NULL, Object(Config\Cache), false)
#4 C:\xampp\htdocs\si_inventaris_ci4\public\index.php(37): CodeIgniter\CodeIgniter->run()
#5 C:\xampp\htdocs\si_inventaris_ci4\system\Commands\Server\rewrite.php(43): require_once('C:\\xampp\\htdocs...')
#6 {main}
CRITICAL - 2022-06-14 12:01:09 --> Undefined property: App\Controllers\Penyimpanan::$supplier
#0 C:\xampp\htdocs\si_inventaris_ci4\app\Controllers\Penyimpanan.php(157): CodeIgniter\Debug\Exceptions->errorHandler(2, 'Undefined prope...', 'C:\\xampp\\htdocs...', 157)
#1 C:\xampp\htdocs\si_inventaris_ci4\system\CodeIgniter.php(832): App\Controllers\Penyimpanan->hapus('2')
#2 C:\xampp\htdocs\si_inventaris_ci4\system\CodeIgniter.php(419): CodeIgniter\CodeIgniter->runController(Object(App\Controllers\Penyimpanan))
#3 C:\xampp\htdocs\si_inventaris_ci4\system\CodeIgniter.php(326): CodeIgniter\CodeIgniter->handleRequest(NULL, Object(Config\Cache), false)
#4 C:\xampp\htdocs\si_inventaris_ci4\public\index.php(37): CodeIgniter\CodeIgniter->run()
#5 C:\xampp\htdocs\si_inventaris_ci4\system\Commands\Server\rewrite.php(43): require_once('C:\\xampp\\htdocs...')
#6 {main}
CRITICAL - 2022-06-14 12:12:51 --> Undefined property: App\Controllers\BarangMasuk::$penyimpanan
#0 C:\xampp\htdocs\si_inventaris_ci4\app\Controllers\BarangMasuk.php(40): CodeIgniter\Debug\Exceptions->errorHandler(2, 'Undefined prope...', 'C:\\xampp\\htdocs...', 40)
#1 C:\xampp\htdocs\si_inventaris_ci4\system\CodeIgniter.php(832): App\Controllers\BarangMasuk->index()
#2 C:\xampp\htdocs\si_inventaris_ci4\system\CodeIgniter.php(419): CodeIgniter\CodeIgniter->runController(Object(App\Controllers\BarangMasuk))
#3 C:\xampp\htdocs\si_inventaris_ci4\system\CodeIgniter.php(326): CodeIgniter\CodeIgniter->handleRequest(NULL, Object(Config\Cache), false)
#4 C:\xampp\htdocs\si_inventaris_ci4\public\index.php(37): CodeIgniter\CodeIgniter->run()
#5 C:\xampp\htdocs\si_inventaris_ci4\system\Commands\Server\rewrite.php(43): require_once('C:\\xampp\\htdocs...')
#6 {main}
CRITICAL - 2022-06-14 12:12:58 --> Undefined property: App\Controllers\BarangMasuk::$penyimpanan
#0 C:\xampp\htdocs\si_inventaris_ci4\app\Controllers\BarangMasuk.php(40): CodeIgniter\Debug\Exceptions->errorHandler(2, 'Undefined prope...', 'C:\\xampp\\htdocs...', 40)
#1 C:\xampp\htdocs\si_inventaris_ci4\system\CodeIgniter.php(832): App\Controllers\BarangMasuk->index()
#2 C:\xampp\htdocs\si_inventaris_ci4\system\CodeIgniter.php(419): CodeIgniter\CodeIgniter->runController(Object(App\Controllers\BarangMasuk))
#3 C:\xampp\htdocs\si_inventaris_ci4\system\CodeIgniter.php(326): CodeIgniter\CodeIgniter->handleRequest(NULL, Object(Config\Cache), false)
#4 C:\xampp\htdocs\si_inventaris_ci4\public\index.php(37): CodeIgniter\CodeIgniter->run()
#5 C:\xampp\htdocs\si_inventaris_ci4\system\Commands\Server\rewrite.php(43): require_once('C:\\xampp\\htdocs...')
#6 {main}
CRITICAL - 2022-06-14 12:13:47 --> Undefined variable $barangmasuks
#0 C:\xampp\htdocs\si_inventaris_ci4\app\Views\barangmasuk\masuk.php(65): CodeIgniter\Debug\Exceptions->errorHandler(2, 'Undefined varia...', 'C:\\xampp\\htdocs...', 65)
#1 C:\xampp\htdocs\si_inventaris_ci4\system\View\View.php(210): include('C:\\xampp\\htdocs...')
#2 C:\xampp\htdocs\si_inventaris_ci4\system\View\View.php(213): CodeIgniter\View\View->CodeIgniter\View\{closure}()
#3 C:\xampp\htdocs\si_inventaris_ci4\system\Common.php(1089): CodeIgniter\View\View->render('barangmasuk/mas...', Array, true)
#4 C:\xampp\htdocs\si_inventaris_ci4\app\Controllers\BarangMasuk.php(42): view('barangmasuk/mas...', Array)
#5 C:\xampp\htdocs\si_inventaris_ci4\system\CodeIgniter.php(832): App\Controllers\BarangMasuk->index()
#6 C:\xampp\htdocs\si_inventaris_ci4\system\CodeIgniter.php(419): CodeIgniter\CodeIgniter->runController(Object(App\Controllers\BarangMasuk))
#7 C:\xampp\htdocs\si_inventaris_ci4\system\CodeIgniter.php(326): CodeIgniter\CodeIgniter->handleRequest(NULL, Object(Config\Cache), false)
#8 C:\xampp\htdocs\si_inventaris_ci4\public\index.php(37): CodeIgniter\CodeIgniter->run()
#9 C:\xampp\htdocs\si_inventaris_ci4\system\Commands\Server\rewrite.php(43): require_once('C:\\xampp\\htdocs...')
#10 {main}
CRITICAL - 2022-06-14 12:25:48 --> Undefined property: App\Controllers\BarangMasuk::$penyimpanan
#0 C:\xampp\htdocs\si_inventaris_ci4\app\Controllers\BarangMasuk.php(98): CodeIgniter\Debug\Exceptions->errorHandler(2, 'Undefined prope...', 'C:\\xampp\\htdocs...', 98)
#1 C:\xampp\htdocs\si_inventaris_ci4\system\CodeIgniter.php(832): App\Controllers\BarangMasuk->add_simpan()
#2 C:\xampp\htdocs\si_inventaris_ci4\system\CodeIgniter.php(419): CodeIgniter\CodeIgniter->runController(Object(App\Controllers\BarangMasuk))
#3 C:\xampp\htdocs\si_inventaris_ci4\system\CodeIgniter.php(326): CodeIgniter\CodeIgniter->handleRequest(NULL, Object(Config\Cache), false)
#4 C:\xampp\htdocs\si_inventaris_ci4\public\index.php(37): CodeIgniter\CodeIgniter->run()
#5 C:\xampp\htdocs\si_inventaris_ci4\system\Commands\Server\rewrite.php(43): require_once('C:\\xampp\\htdocs...')
#6 {main}
CRITICAL - 2022-06-14 12:29:33 --> Undefined property: App\Controllers\BarangMasuk::$penyimpanan
#0 C:\xampp\htdocs\si_inventaris_ci4\app\Controllers\BarangMasuk.php(112): CodeIgniter\Debug\Exceptions->errorHandler(2, 'Undefined prope...', 'C:\\xampp\\htdocs...', 112)
#1 C:\xampp\htdocs\si_inventaris_ci4\system\CodeIgniter.php(832): App\Controllers\BarangMasuk->edit('3')
#2 C:\xampp\htdocs\si_inventaris_ci4\system\CodeIgniter.php(419): CodeIgniter\CodeIgniter->runController(Object(App\Controllers\BarangMasuk))
#3 C:\xampp\htdocs\si_inventaris_ci4\system\CodeIgniter.php(326): CodeIgniter\CodeIgniter->handleRequest(NULL, Object(Config\Cache), false)
#4 C:\xampp\htdocs\si_inventaris_ci4\public\index.php(37): CodeIgniter\CodeIgniter->run()
#5 C:\xampp\htdocs\si_inventaris_ci4\system\Commands\Server\rewrite.php(43): require_once('C:\\xampp\\htdocs...')
#6 {main}
CRITICAL - 2022-06-14 12:31:43 --> Undefined property: App\Controllers\BarangMasuk::$penyimpanan
#0 C:\xampp\htdocs\si_inventaris_ci4\app\Controllers\BarangMasuk.php(112): CodeIgniter\Debug\Exceptions->errorHandler(2, 'Undefined prope...', 'C:\\xampp\\htdocs...', 112)
#1 C:\xampp\htdocs\si_inventaris_ci4\system\CodeIgniter.php(832): App\Controllers\BarangMasuk->edit('3')
#2 C:\xampp\htdocs\si_inventaris_ci4\system\CodeIgniter.php(419): CodeIgniter\CodeIgniter->runController(Object(App\Controllers\BarangMasuk))
#3 C:\xampp\htdocs\si_inventaris_ci4\system\CodeIgniter.php(326): CodeIgniter\CodeIgniter->handleRequest(NULL, Object(Config\Cache), false)
#4 C:\xampp\htdocs\si_inventaris_ci4\public\index.php(37): CodeIgniter\CodeIgniter->run()
#5 C:\xampp\htdocs\si_inventaris_ci4\system\Commands\Server\rewrite.php(43): require_once('C:\\xampp\\htdocs...')
#6 {main}
CRITICAL - 2022-06-14 12:31:45 --> Undefined property: App\Controllers\BarangMasuk::$penyimpanan
#0 C:\xampp\htdocs\si_inventaris_ci4\app\Controllers\BarangMasuk.php(112): CodeIgniter\Debug\Exceptions->errorHandler(2, 'Undefined prope...', 'C:\\xampp\\htdocs...', 112)
#1 C:\xampp\htdocs\si_inventaris_ci4\system\CodeIgniter.php(832): App\Controllers\BarangMasuk->edit('3')
#2 C:\xampp\htdocs\si_inventaris_ci4\system\CodeIgniter.php(419): CodeIgniter\CodeIgniter->runController(Object(App\Controllers\BarangMasuk))
#3 C:\xampp\htdocs\si_inventaris_ci4\system\CodeIgniter.php(326): CodeIgniter\CodeIgniter->handleRequest(NULL, Object(Config\Cache), false)
#4 C:\xampp\htdocs\si_inventaris_ci4\public\index.php(37): CodeIgniter\CodeIgniter->run()
#5 C:\xampp\htdocs\si_inventaris_ci4\system\Commands\Server\rewrite.php(43): require_once('C:\\xampp\\htdocs...')
#6 {main}
CRITICAL - 2022-06-14 12:32:57 --> Undefined property: stdClass::$id_simpan
#0 C:\xampp\htdocs\si_inventaris_ci4\app\Views\barangmasuk\edit.php(17): CodeIgniter\Debug\Exceptions->errorHandler(2, 'Undefined prope...', 'C:\\xampp\\htdocs...', 17)
#1 C:\xampp\htdocs\si_inventaris_ci4\system\View\View.php(210): include('C:\\xampp\\htdocs...')
#2 C:\xampp\htdocs\si_inventaris_ci4\system\View\View.php(213): CodeIgniter\View\View->CodeIgniter\View\{closure}()
#3 C:\xampp\htdocs\si_inventaris_ci4\system\Common.php(1089): CodeIgniter\View\View->render('barangmasuk/edi...', Array, true)
#4 C:\xampp\htdocs\si_inventaris_ci4\app\Controllers\BarangMasuk.php(124): view('barangmasuk/edi...', Array)
#5 C:\xampp\htdocs\si_inventaris_ci4\system\CodeIgniter.php(832): App\Controllers\BarangMasuk->edit('3')
#6 C:\xampp\htdocs\si_inventaris_ci4\system\CodeIgniter.php(419): CodeIgniter\CodeIgniter->runController(Object(App\Controllers\BarangMasuk))
#7 C:\xampp\htdocs\si_inventaris_ci4\system\CodeIgniter.php(326): CodeIgniter\CodeIgniter->handleRequest(NULL, Object(Config\Cache), false)
#8 C:\xampp\htdocs\si_inventaris_ci4\public\index.php(37): CodeIgniter\CodeIgniter->run()
#9 C:\xampp\htdocs\si_inventaris_ci4\system\Commands\Server\rewrite.php(43): require_once('C:\\xampp\\htdocs...')
#10 {main}
CRITICAL - 2022-06-14 12:35:43 --> Undefined property: stdClass::$nama_ruangan
#0 C:\xampp\htdocs\si_inventaris_ci4\app\Views\barangmasuk\edit.php(51): CodeIgniter\Debug\Exceptions->errorHandler(2, 'Undefined prope...', 'C:\\xampp\\htdocs...', 51)
#1 C:\xampp\htdocs\si_inventaris_ci4\system\View\View.php(210): include('C:\\xampp\\htdocs...')
#2 C:\xampp\htdocs\si_inventaris_ci4\system\View\View.php(213): CodeIgniter\View\View->CodeIgniter\View\{closure}()
#3 C:\xampp\htdocs\si_inventaris_ci4\system\Common.php(1089): CodeIgniter\View\View->render('barangmasuk/edi...', Array, true)
#4 C:\xampp\htdocs\si_inventaris_ci4\app\Controllers\BarangMasuk.php(124): view('barangmasuk/edi...', Array)
#5 C:\xampp\htdocs\si_inventaris_ci4\system\CodeIgniter.php(832): App\Controllers\BarangMasuk->edit('3')
#6 C:\xampp\htdocs\si_inventaris_ci4\system\CodeIgniter.php(419): CodeIgniter\CodeIgniter->runController(Object(App\Controllers\BarangMasuk))
#7 C:\xampp\htdocs\si_inventaris_ci4\system\CodeIgniter.php(326): CodeIgniter\CodeIgniter->handleRequest(NULL, Object(Config\Cache), false)
#8 C:\xampp\htdocs\si_inventaris_ci4\public\index.php(37): CodeIgniter\CodeIgniter->run()
#9 C:\xampp\htdocs\si_inventaris_ci4\system\Commands\Server\rewrite.php(43): require_once('C:\\xampp\\htdocs...')
#10 {main}
CRITICAL - 2022-06-14 12:35:54 --> Undefined property: stdClass::$supplier
#0 C:\xampp\htdocs\si_inventaris_ci4\app\Views\barangmasuk\edit.php(55): CodeIgniter\Debug\Exceptions->errorHandler(2, 'Undefined prope...', 'C:\\xampp\\htdocs...', 55)
#1 C:\xampp\htdocs\si_inventaris_ci4\system\View\View.php(210): include('C:\\xampp\\htdocs...')
#2 C:\xampp\htdocs\si_inventaris_ci4\system\View\View.php(213): CodeIgniter\View\View->CodeIgniter\View\{closure}()
#3 C:\xampp\htdocs\si_inventaris_ci4\system\Common.php(1089): CodeIgniter\View\View->render('barangmasuk/edi...', Array, true)
#4 C:\xampp\htdocs\si_inventaris_ci4\app\Controllers\BarangMasuk.php(124): view('barangmasuk/edi...', Array)
#5 C:\xampp\htdocs\si_inventaris_ci4\system\CodeIgniter.php(832): App\Controllers\BarangMasuk->edit('3')
#6 C:\xampp\htdocs\si_inventaris_ci4\system\CodeIgniter.php(419): CodeIgniter\CodeIgniter->runController(Object(App\Controllers\BarangMasuk))
#7 C:\xampp\htdocs\si_inventaris_ci4\system\CodeIgniter.php(326): CodeIgniter\CodeIgniter->handleRequest(NULL, Object(Config\Cache), false)
#8 C:\xampp\htdocs\si_inventaris_ci4\public\index.php(37): CodeIgniter\CodeIgniter->run()
#9 C:\xampp\htdocs\si_inventaris_ci4\system\Commands\Server\rewrite.php(43): require_once('C:\\xampp\\htdocs...')
#10 {main}
CRITICAL - 2022-06-14 12:36:14 --> Undefined property: stdClass::$tgl_simpan
#0 C:\xampp\htdocs\si_inventaris_ci4\app\Views\barangmasuk\edit.php(82): CodeIgniter\Debug\Exceptions->errorHandler(2, 'Undefined prope...', 'C:\\xampp\\htdocs...', 82)
#1 C:\xampp\htdocs\si_inventaris_ci4\system\View\View.php(210): include('C:\\xampp\\htdocs...')
#2 C:\xampp\htdocs\si_inventaris_ci4\system\View\View.php(213): CodeIgniter\View\View->CodeIgniter\View\{closure}()
#3 C:\xampp\htdocs\si_inventaris_ci4\system\Common.php(1089): CodeIgniter\View\View->render('barangmasuk/edi...', Array, true)
#4 C:\xampp\htdocs\si_inventaris_ci4\app\Controllers\BarangMasuk.php(124): view('barangmasuk/edi...', Array)
#5 C:\xampp\htdocs\si_inventaris_ci4\system\CodeIgniter.php(832): App\Controllers\BarangMasuk->edit('3')
#6 C:\xampp\htdocs\si_inventaris_ci4\system\CodeIgniter.php(419): CodeIgniter\CodeIgniter->runController(Object(App\Controllers\BarangMasuk))
#7 C:\xampp\htdocs\si_inventaris_ci4\system\CodeIgniter.php(326): CodeIgniter\CodeIgniter->handleRequest(NULL, Object(Config\Cache), false)
#8 C:\xampp\htdocs\si_inventaris_ci4\public\index.php(37): CodeIgniter\CodeIgniter->run()
#9 C:\xampp\htdocs\si_inventaris_ci4\system\Commands\Server\rewrite.php(43): require_once('C:\\xampp\\htdocs...')
#10 {main}
CRITICAL - 2022-06-14 13:51:05 --> Undefined variable $data
#0 C:\xampp\htdocs\si_inventaris_ci4\app\Views\barang\pdf.php(7): CodeIgniter\Debug\Exceptions->errorHandler(2, 'Undefined varia...', 'C:\\xampp\\htdocs...', 7)
#1 C:\xampp\htdocs\si_inventaris_ci4\system\View\View.php(210): include('C:\\xampp\\htdocs...')
#2 C:\xampp\htdocs\si_inventaris_ci4\system\View\View.php(213): CodeIgniter\View\View->CodeIgniter\View\{closure}()
#3 C:\xampp\htdocs\si_inventaris_ci4\system\Common.php(1089): CodeIgniter\View\View->render('barang/pdf', Array, true)
#4 C:\xampp\htdocs\si_inventaris_ci4\app\Controllers\Barang.php(51): view('barang/pdf')
#5 C:\xampp\htdocs\si_inventaris_ci4\system\CodeIgniter.php(832): App\Controllers\Barang->pdf()
#6 C:\xampp\htdocs\si_inventaris_ci4\system\CodeIgniter.php(419): CodeIgniter\CodeIgniter->runController(Object(App\Controllers\Barang))
#7 C:\xampp\htdocs\si_inventaris_ci4\system\CodeIgniter.php(326): CodeIgniter\CodeIgniter->handleRequest(NULL, Object(Config\Cache), false)
#8 C:\xampp\htdocs\si_inventaris_ci4\public\index.php(37): CodeIgniter\CodeIgniter->run()
#9 C:\xampp\htdocs\si_inventaris_ci4\system\Commands\Server\rewrite.php(43): require_once('C:\\xampp\\htdocs...')
#10 {main}
CRITICAL - 2022-06-14 13:56:36 --> date() expects at least 1 argument, 0 given
#0 C:\xampp\htdocs\si_inventaris_ci4\app\Views\barang\pdf.php(170): date()
#1 C:\xampp\htdocs\si_inventaris_ci4\system\View\View.php(210): include('C:\\xampp\\htdocs...')
#2 C:\xampp\htdocs\si_inventaris_ci4\system\View\View.php(213): CodeIgniter\View\View->CodeIgniter\View\{closure}()
#3 C:\xampp\htdocs\si_inventaris_ci4\system\Common.php(1089): CodeIgniter\View\View->render('barang/pdf', Array, true)
#4 C:\xampp\htdocs\si_inventaris_ci4\app\Controllers\Barang.php(51): view('barang/pdf')
#5 C:\xampp\htdocs\si_inventaris_ci4\system\CodeIgniter.php(832): App\Controllers\Barang->pdf()
#6 C:\xampp\htdocs\si_inventaris_ci4\system\CodeIgniter.php(419): CodeIgniter\CodeIgniter->runController(Object(App\Controllers\Barang))
#7 C:\xampp\htdocs\si_inventaris_ci4\system\CodeIgniter.php(326): CodeIgniter\CodeIgniter->handleRequest(NULL, Object(Config\Cache), false)
#8 C:\xampp\htdocs\si_inventaris_ci4\public\index.php(37): CodeIgniter\CodeIgniter->run()
#9 C:\xampp\htdocs\si_inventaris_ci4\system\Commands\Server\rewrite.php(43): require_once('C:\\xampp\\htdocs...')
#10 {main}
CRITICAL - 2022-06-14 14:02:45 --> strtotime(): Argument #1 ($datetime) must be of type string, array given
#0 C:\xampp\htdocs\si_inventaris_ci4\app\Helpers\global_helper.php(44): strtotime(Array)
#1 C:\xampp\htdocs\si_inventaris_ci4\app\Views\barang\pdf.php(170): get_formatted_date(Array)
#2 C:\xampp\htdocs\si_inventaris_ci4\system\View\View.php(210): include('C:\\xampp\\htdocs...')
#3 C:\xampp\htdocs\si_inventaris_ci4\system\View\View.php(213): CodeIgniter\View\View->CodeIgniter\View\{closure}()
#4 C:\xampp\htdocs\si_inventaris_ci4\system\Common.php(1089): CodeIgniter\View\View->render('barang/pdf', Array, true)
#5 C:\xampp\htdocs\si_inventaris_ci4\app\Controllers\Barang.php(51): view('barang/pdf')
#6 C:\xampp\htdocs\si_inventaris_ci4\system\CodeIgniter.php(832): App\Controllers\Barang->pdf()
#7 C:\xampp\htdocs\si_inventaris_ci4\system\CodeIgniter.php(419): CodeIgniter\CodeIgniter->runController(Object(App\Controllers\Barang))
#8 C:\xampp\htdocs\si_inventaris_ci4\system\CodeIgniter.php(326): CodeIgniter\CodeIgniter->handleRequest(NULL, Object(Config\Cache), false)
#9 C:\xampp\htdocs\si_inventaris_ci4\public\index.php(37): CodeIgniter\CodeIgniter->run()
#10 C:\xampp\htdocs\si_inventaris_ci4\system\Commands\Server\rewrite.php(43): require_once('C:\\xampp\\htdocs...')
#11 {main}
CRITICAL - 2022-06-14 14:18:09 --> syntax error, unexpected end of file
#0 C:\xampp\htdocs\si_inventaris_ci4\system\View\View.php(213): CodeIgniter\View\View->CodeIgniter\View\{closure}()
#1 C:\xampp\htdocs\si_inventaris_ci4\system\Common.php(1089): CodeIgniter\View\View->render('barang/pdf', Array, true)
#2 C:\xampp\htdocs\si_inventaris_ci4\app\Controllers\Barang.php(51): view('barang/pdf')
#3 C:\xampp\htdocs\si_inventaris_ci4\system\CodeIgniter.php(832): App\Controllers\Barang->pdf()
#4 C:\xampp\htdocs\si_inventaris_ci4\system\CodeIgniter.php(419): CodeIgniter\CodeIgniter->runController(Object(App\Controllers\Barang))
#5 C:\xampp\htdocs\si_inventaris_ci4\system\CodeIgniter.php(326): CodeIgniter\CodeIgniter->handleRequest(NULL, Object(Config\Cache), false)
#6 C:\xampp\htdocs\si_inventaris_ci4\public\index.php(37): CodeIgniter\CodeIgniter->run()
#7 C:\xampp\htdocs\si_inventaris_ci4\system\Commands\Server\rewrite.php(43): require_once('C:\\xampp\\htdocs...')
#8 {main}
CRITICAL - 2022-06-14 14:18:23 --> Undefined variable $datas
#0 C:\xampp\htdocs\si_inventaris_ci4\app\Views\barang\pdf.php(197): CodeIgniter\Debug\Exceptions->errorHandler(2, 'Undefined varia...', 'C:\\xampp\\htdocs...', 197)
#1 C:\xampp\htdocs\si_inventaris_ci4\system\View\View.php(210): include('C:\\xampp\\htdocs...')
#2 C:\xampp\htdocs\si_inventaris_ci4\system\View\View.php(213): CodeIgniter\View\View->CodeIgniter\View\{closure}()
#3 C:\xampp\htdocs\si_inventaris_ci4\system\Common.php(1089): CodeIgniter\View\View->render('barang/pdf', Array, true)
#4 C:\xampp\htdocs\si_inventaris_ci4\app\Controllers\Barang.php(51): view('barang/pdf')
#5 C:\xampp\htdocs\si_inventaris_ci4\system\CodeIgniter.php(832): App\Controllers\Barang->pdf()
#6 C:\xampp\htdocs\si_inventaris_ci4\system\CodeIgniter.php(419): CodeIgniter\CodeIgniter->runController(Object(App\Controllers\Barang))
#7 C:\xampp\htdocs\si_inventaris_ci4\system\CodeIgniter.php(326): CodeIgniter\CodeIgniter->handleRequest(NULL, Object(Config\Cache), false)
#8 C:\xampp\htdocs\si_inventaris_ci4\public\index.php(37): CodeIgniter\CodeIgniter->run()
#9 C:\xampp\htdocs\si_inventaris_ci4\system\Commands\Server\rewrite.php(43): require_once('C:\\xampp\\htdocs...')
#10 {main}
CRITICAL - 2022-06-14 14:18:38 --> Undefined variable $data
#0 C:\xampp\htdocs\si_inventaris_ci4\app\Views\barang\pdf.php(201): CodeIgniter\Debug\Exceptions->errorHandler(2, 'Undefined varia...', 'C:\\xampp\\htdocs...', 201)
#1 C:\xampp\htdocs\si_inventaris_ci4\system\View\View.php(210): include('C:\\xampp\\htdocs...')
#2 C:\xampp\htdocs\si_inventaris_ci4\system\View\View.php(213): CodeIgniter\View\View->CodeIgniter\View\{closure}()
#3 C:\xampp\htdocs\si_inventaris_ci4\system\Common.php(1089): CodeIgniter\View\View->render('barang/pdf', Array, true)
#4 C:\xampp\htdocs\si_inventaris_ci4\app\Controllers\Barang.php(51): view('barang/pdf')
#5 C:\xampp\htdocs\si_inventaris_ci4\system\CodeIgniter.php(832): App\Controllers\Barang->pdf()
#6 C:\xampp\htdocs\si_inventaris_ci4\system\CodeIgniter.php(419): CodeIgniter\CodeIgniter->runController(Object(App\Controllers\Barang))
#7 C:\xampp\htdocs\si_inventaris_ci4\system\CodeIgniter.php(326): CodeIgniter\CodeIgniter->handleRequest(NULL, Object(Config\Cache), false)
#8 C:\xampp\htdocs\si_inventaris_ci4\public\index.php(37): CodeIgniter\CodeIgniter->run()
#9 C:\xampp\htdocs\si_inventaris_ci4\system\Commands\Server\rewrite.php(43): require_once('C:\\xampp\\htdocs...')
#10 {main}
CRITICAL - 2022-06-14 14:24:34 --> Undefined variable $datas
#0 C:\xampp\htdocs\si_inventaris_ci4\app\Views\barang\pdf.php(190): CodeIgniter\Debug\Exceptions->errorHandler(2, 'Undefined varia...', 'C:\\xampp\\htdocs...', 190)
#1 C:\xampp\htdocs\si_inventaris_ci4\system\View\View.php(210): include('C:\\xampp\\htdocs...')
#2 C:\xampp\htdocs\si_inventaris_ci4\system\View\View.php(213): CodeIgniter\View\View->CodeIgniter\View\{closure}()
#3 C:\xampp\htdocs\si_inventaris_ci4\system\Common.php(1089): CodeIgniter\View\View->render('barang/pdf', Array, true)
#4 C:\xampp\htdocs\si_inventaris_ci4\app\Controllers\Barang.php(50): view('barang/pdf', Array)
#5 C:\xampp\htdocs\si_inventaris_ci4\system\CodeIgniter.php(832): App\Controllers\Barang->pdf()
#6 C:\xampp\htdocs\si_inventaris_ci4\system\CodeIgniter.php(419): CodeIgniter\CodeIgniter->runController(Object(App\Controllers\Barang))
#7 C:\xampp\htdocs\si_inventaris_ci4\system\CodeIgniter.php(326): CodeIgniter\CodeIgniter->handleRequest(NULL, Object(Config\Cache), false)
#8 C:\xampp\htdocs\si_inventaris_ci4\public\index.php(37): CodeIgniter\CodeIgniter->run()
#9 C:\xampp\htdocs\si_inventaris_ci4\system\Commands\Server\rewrite.php(43): require_once('C:\\xampp\\htdocs...')
#10 {main}
CRITICAL - 2022-06-14 14:45:25 --> syntax error, unexpected token "}"
#0 C:\xampp\htdocs\si_inventaris_ci4\system\Router\Router.php(175): CodeIgniter\Router\Router->autoRoute('barang/pdf')
#1 C:\xampp\htdocs\si_inventaris_ci4\system\CodeIgniter.php(726): CodeIgniter\Router\Router->handle('barang/pdf')
#2 C:\xampp\htdocs\si_inventaris_ci4\system\CodeIgniter.php(368): CodeIgniter\CodeIgniter->tryToRouteIt(Object(CodeIgniter\Router\RouteCollection))
#3 C:\xampp\htdocs\si_inventaris_ci4\system\CodeIgniter.php(326): CodeIgniter\CodeIgniter->handleRequest(NULL, Object(Config\Cache), false)
#4 C:\xampp\htdocs\si_inventaris_ci4\public\index.php(37): CodeIgniter\CodeIgniter->run()
#5 C:\xampp\htdocs\si_inventaris_ci4\system\Commands\Server\rewrite.php(43): require_once('C:\\xampp\\htdocs...')
#6 {main}
CRITICAL - 2022-06-14 14:56:55 --> Undefined variable $dompdf
#0 C:\xampp\htdocs\si_inventaris_ci4\app\Controllers\Barang.php(54): CodeIgniter\Debug\Exceptions->errorHandler(2, 'Undefined varia...', 'C:\\xampp\\htdocs...', 54)
#1 C:\xampp\htdocs\si_inventaris_ci4\system\CodeIgniter.php(832): App\Controllers\Barang->pdf()
#2 C:\xampp\htdocs\si_inventaris_ci4\system\CodeIgniter.php(419): CodeIgniter\CodeIgniter->runController(Object(App\Controllers\Barang))
#3 C:\xampp\htdocs\si_inventaris_ci4\system\CodeIgniter.php(326): CodeIgniter\CodeIgniter->handleRequest(NULL, Object(Config\Cache), false)
#4 C:\xampp\htdocs\si_inventaris_ci4\public\index.php(37): CodeIgniter\CodeIgniter->run()
#5 C:\xampp\htdocs\si_inventaris_ci4\system\Commands\Server\rewrite.php(43): require_once('C:\\xampp\\htdocs...')
#6 {main}
CRITICAL - 2022-06-14 15:17:47 --> Undefined property: stdClass::$tahun
#0 C:\xampp\htdocs\si_inventaris_ci4\app\Views\barang\pdf.php(198): CodeIgniter\Debug\Exceptions->errorHandler(2, 'Undefined prope...', 'C:\\xampp\\htdocs...', 198)
#1 C:\xampp\htdocs\si_inventaris_ci4\system\View\View.php(210): include('C:\\xampp\\htdocs...')
#2 C:\xampp\htdocs\si_inventaris_ci4\system\View\View.php(213): CodeIgniter\View\View->CodeIgniter\View\{closure}()
#3 C:\xampp\htdocs\si_inventaris_ci4\system\Common.php(1089): CodeIgniter\View\View->render('barang/pdf', Array, true)
#4 C:\xampp\htdocs\si_inventaris_ci4\app\Controllers\BarangMasuk.php(37): view('barang/pdf', Array)
#5 C:\xampp\htdocs\si_inventaris_ci4\system\CodeIgniter.php(832): App\Controllers\BarangMasuk->pdf()
#6 C:\xampp\htdocs\si_inventaris_ci4\system\CodeIgniter.php(419): CodeIgniter\CodeIgniter->runController(Object(App\Controllers\BarangMasuk))
#7 C:\xampp\htdocs\si_inventaris_ci4\system\CodeIgniter.php(326): CodeIgniter\CodeIgniter->handleRequest(NULL, Object(Config\Cache), false)
#8 C:\xampp\htdocs\si_inventaris_ci4\public\index.php(37): CodeIgniter\CodeIgniter->run()
#9 C:\xampp\htdocs\si_inventaris_ci4\system\Commands\Server\rewrite.php(43): require_once('C:\\xampp\\htdocs...')
#10 {main}
CRITICAL - 2022-06-14 15:19:07 --> Undefined property: App\Controllers\BarangMasuk::$dompdf
#0 C:\xampp\htdocs\si_inventaris_ci4\app\Controllers\BarangMasuk.php(39): CodeIgniter\Debug\Exceptions->errorHandler(2, 'Undefined prope...', 'C:\\xampp\\htdocs...', 39)
#1 C:\xampp\htdocs\si_inventaris_ci4\system\CodeIgniter.php(832): App\Controllers\BarangMasuk->pdf()
#2 C:\xampp\htdocs\si_inventaris_ci4\system\CodeIgniter.php(419): CodeIgniter\CodeIgniter->runController(Object(App\Controllers\BarangMasuk))
#3 C:\xampp\htdocs\si_inventaris_ci4\system\CodeIgniter.php(326): CodeIgniter\CodeIgniter->handleRequest(NULL, Object(Config\Cache), false)
#4 C:\xampp\htdocs\si_inventaris_ci4\public\index.php(37): CodeIgniter\CodeIgniter->run()
#5 C:\xampp\htdocs\si_inventaris_ci4\system\Commands\Server\rewrite.php(43): require_once('C:\\xampp\\htdocs...')
#6 {main}
CRITICAL - 2022-06-14 15:19:42 --> Undefined property: App\Controllers\BarangMasuk::$dompdf
#0 C:\xampp\htdocs\si_inventaris_ci4\app\Controllers\BarangMasuk.php(39): CodeIgniter\Debug\Exceptions->errorHandler(2, 'Undefined prope...', 'C:\\xampp\\htdocs...', 39)
#1 C:\xampp\htdocs\si_inventaris_ci4\system\CodeIgniter.php(832): App\Controllers\BarangMasuk->pdf()
#2 C:\xampp\htdocs\si_inventaris_ci4\system\CodeIgniter.php(419): CodeIgniter\CodeIgniter->runController(Object(App\Controllers\BarangMasuk))
#3 C:\xampp\htdocs\si_inventaris_ci4\system\CodeIgniter.php(326): CodeIgniter\CodeIgniter->handleRequest(NULL, Object(Config\Cache), false)
#4 C:\xampp\htdocs\si_inventaris_ci4\public\index.php(37): CodeIgniter\CodeIgniter->run()
#5 C:\xampp\htdocs\si_inventaris_ci4\system\Commands\Server\rewrite.php(43): require_once('C:\\xampp\\htdocs...')
#6 {main}
CRITICAL - 2022-06-14 15:22:58 --> syntax error, unexpected identifier "format_rupiah", expecting "," or ";"
#0 C:\xampp\htdocs\si_inventaris_ci4\system\View\View.php(213): CodeIgniter\View\View->CodeIgniter\View\{closure}()
#1 C:\xampp\htdocs\si_inventaris_ci4\system\Common.php(1089): CodeIgniter\View\View->render('barangmasuk/pdf', Array, true)
#2 C:\xampp\htdocs\si_inventaris_ci4\app\Controllers\BarangMasuk.php(37): view('barangmasuk/pdf', Array)
#3 C:\xampp\htdocs\si_inventaris_ci4\system\CodeIgniter.php(832): App\Controllers\BarangMasuk->pdf()
#4 C:\xampp\htdocs\si_inventaris_ci4\system\CodeIgniter.php(419): CodeIgniter\CodeIgniter->runController(Object(App\Controllers\BarangMasuk))
#5 C:\xampp\htdocs\si_inventaris_ci4\system\CodeIgniter.php(326): CodeIgniter\CodeIgniter->handleRequest(NULL, Object(Config\Cache), false)
#6 C:\xampp\htdocs\si_inventaris_ci4\public\index.php(37): CodeIgniter\CodeIgniter->run()
#7 C:\xampp\htdocs\si_inventaris_ci4\system\Commands\Server\rewrite.php(43): require_once('C:\\xampp\\htdocs...')
#8 {main}
CRITICAL - 2022-06-14 15:25:03 --> syntax error, unexpected token ";", expecting ")"
#0 C:\xampp\htdocs\si_inventaris_ci4\system\View\View.php(213): CodeIgniter\View\View->CodeIgniter\View\{closure}()
#1 C:\xampp\htdocs\si_inventaris_ci4\system\Common.php(1089): CodeIgniter\View\View->render('barangmasuk/pdf', Array, true)
#2 C:\xampp\htdocs\si_inventaris_ci4\app\Controllers\BarangMasuk.php(37): view('barangmasuk/pdf', Array)
#3 C:\xampp\htdocs\si_inventaris_ci4\system\CodeIgniter.php(832): App\Controllers\BarangMasuk->pdf()
#4 C:\xampp\htdocs\si_inventaris_ci4\system\CodeIgniter.php(419): CodeIgniter\CodeIgniter->runController(Object(App\Controllers\BarangMasuk))
#5 C:\xampp\htdocs\si_inventaris_ci4\system\CodeIgniter.php(326): CodeIgniter\CodeIgniter->handleRequest(NULL, Object(Config\Cache), false)
#6 C:\xampp\htdocs\si_inventaris_ci4\public\index.php(37): CodeIgniter\CodeIgniter->run()
#7 C:\xampp\htdocs\si_inventaris_ci4\system\Commands\Server\rewrite.php(43): require_once('C:\\xampp\\htdocs...')
#8 {main}
CRITICAL - 2022-06-14 15:32:07 --> Undefined property: stdClass::$nama_gedung
#0 C:\xampp\htdocs\si_inventaris_ci4\app\Views\barang\pdf.php(194): CodeIgniter\Debug\Exceptions->errorHandler(2, 'Undefined prope...', 'C:\\xampp\\htdocs...', 194)
#1 C:\xampp\htdocs\si_inventaris_ci4\system\View\View.php(210): include('C:\\xampp\\htdocs...')
#2 C:\xampp\htdocs\si_inventaris_ci4\system\View\View.php(213): CodeIgniter\View\View->CodeIgniter\View\{closure}()
#3 C:\xampp\htdocs\si_inventaris_ci4\system\Common.php(1089): CodeIgniter\View\View->render('barang/pdf', Array, true)
#4 C:\xampp\htdocs\si_inventaris_ci4\app\Controllers\Barang.php(52): view('barang/pdf', Array)
#5 C:\xampp\htdocs\si_inventaris_ci4\system\CodeIgniter.php(832): App\Controllers\Barang->pdf()
#6 C:\xampp\htdocs\si_inventaris_ci4\system\CodeIgniter.php(419): CodeIgniter\CodeIgniter->runController(Object(App\Controllers\Barang))
#7 C:\xampp\htdocs\si_inventaris_ci4\system\CodeIgniter.php(326): CodeIgniter\CodeIgniter->handleRequest(NULL, Object(Config\Cache), false)
#8 C:\xampp\htdocs\si_inventaris_ci4\public\index.php(37): CodeIgniter\CodeIgniter->run()
#9 C:\xampp\htdocs\si_inventaris_ci4\system\Commands\Server\rewrite.php(43): require_once('C:\\xampp\\htdocs...')
#10 {main}
CRITICAL - 2022-06-14 15:34:31 --> Undefined property: App\Controllers\Gedung::$barang
#0 C:\xampp\htdocs\si_inventaris_ci4\app\Controllers\Gedung.php(35): CodeIgniter\Debug\Exceptions->errorHandler(2, 'Undefined prope...', 'C:\\xampp\\htdocs...', 35)
#1 C:\xampp\htdocs\si_inventaris_ci4\system\CodeIgniter.php(832): App\Controllers\Gedung->pdf()
#2 C:\xampp\htdocs\si_inventaris_ci4\system\CodeIgniter.php(419): CodeIgniter\CodeIgniter->runController(Object(App\Controllers\Gedung))
#3 C:\xampp\htdocs\si_inventaris_ci4\system\CodeIgniter.php(326): CodeIgniter\CodeIgniter->handleRequest(NULL, Object(Config\Cache), false)
#4 C:\xampp\htdocs\si_inventaris_ci4\public\index.php(37): CodeIgniter\CodeIgniter->run()
#5 C:\xampp\htdocs\si_inventaris_ci4\system\Commands\Server\rewrite.php(43): require_once('C:\\xampp\\htdocs...')
#6 {main}
ERROR - 2022-06-14 15:34:57 --> Unknown column 'nama_gedung' in 'order clause'
CRITICAL - 2022-06-14 15:34:57 --> Unknown column 'nama_gedung' in 'order clause'
#0 C:\xampp\htdocs\si_inventaris_ci4\system\Database\MySQLi\Connection.php(292): mysqli->query('SELECT *\nFROM `...', 0)
#1 C:\xampp\htdocs\si_inventaris_ci4\system\Database\BaseConnection.php(670): CodeIgniter\Database\MySQLi\Connection->execute('SELECT *\nFROM `...')
#2 C:\xampp\htdocs\si_inventaris_ci4\system\Database\BaseConnection.php(598): CodeIgniter\Database\BaseConnection->simpleQuery('SELECT *\nFROM `...')
#3 C:\xampp\htdocs\si_inventaris_ci4\system\Database\BaseBuilder.php(1455): CodeIgniter\Database\BaseConnection->query('SELECT *\nFROM `...', Array, false)
#4 C:\xampp\htdocs\si_inventaris_ci4\system\Model.php(728): CodeIgniter\Database\BaseBuilder->get()
#5 C:\xampp\htdocs\si_inventaris_ci4\app\Controllers\Gedung.php(35): CodeIgniter\Model->__call('get', Array)
#6 C:\xampp\htdocs\si_inventaris_ci4\system\CodeIgniter.php(832): App\Controllers\Gedung->pdf()
#7 C:\xampp\htdocs\si_inventaris_ci4\system\CodeIgniter.php(419): CodeIgniter\CodeIgniter->runController(Object(App\Controllers\Gedung))
#8 C:\xampp\htdocs\si_inventaris_ci4\system\CodeIgniter.php(326): CodeIgniter\CodeIgniter->handleRequest(NULL, Object(Config\Cache), false)
#9 C:\xampp\htdocs\si_inventaris_ci4\public\index.php(37): CodeIgniter\CodeIgniter->run()
#10 C:\xampp\htdocs\si_inventaris_ci4\system\Commands\Server\rewrite.php(43): require_once('C:\\xampp\\htdocs...')
#11 {main}
CRITICAL - 2022-06-14 15:39:50 --> Call to undefined function get_controller()
#0 C:\xampp\htdocs\si_inventaris_ci4\system\View\View.php(210): include()
#1 C:\xampp\htdocs\si_inventaris_ci4\system\View\View.php(213): CodeIgniter\View\View->CodeIgniter\View\{closure}()
#2 C:\xampp\htdocs\si_inventaris_ci4\system\View\View.php(226): CodeIgniter\View\View->render('header', Array, true)
#3 C:\xampp\htdocs\si_inventaris_ci4\system\Common.php(1089): CodeIgniter\View\View->render('ruangan/ruangan', Array, true)
#4 C:\xampp\htdocs\si_inventaris_ci4\app\Controllers\Ruangan.php(38): view('ruangan/ruangan', Array)
#5 C:\xampp\htdocs\si_inventaris_ci4\system\CodeIgniter.php(832): App\Controllers\Ruangan->index()
#6 C:\xampp\htdocs\si_inventaris_ci4\system\CodeIgniter.php(419): CodeIgniter\CodeIgniter->runController(Object(App\Controllers\Ruangan))
#7 C:\xampp\htdocs\si_inventaris_ci4\system\CodeIgniter.php(326): CodeIgniter\CodeIgniter->handleRequest(NULL, Object(Config\Cache), false)
#8 C:\xampp\htdocs\si_inventaris_ci4\public\index.php(37): CodeIgniter\CodeIgniter->run()
#9 C:\xampp\htdocs\si_inventaris_ci4\system\Commands\Server\rewrite.php(43): require_once('C:\\xampp\\htdocs...')
#10 {main}
CRITICAL - 2022-06-14 15:50:58 --> Undefined property: stdClass::$nama_gedung
#0 C:\xampp\htdocs\si_inventaris_ci4\app\Views\ruangan\pdf.php(196): CodeIgniter\Debug\Exceptions->errorHandler(2, 'Undefined prope...', 'C:\\xampp\\htdocs...', 196)
#1 C:\xampp\htdocs\si_inventaris_ci4\system\View\View.php(210): include('C:\\xampp\\htdocs...')
#2 C:\xampp\htdocs\si_inventaris_ci4\system\View\View.php(213): CodeIgniter\View\View->CodeIgniter\View\{closure}()
#3 C:\xampp\htdocs\si_inventaris_ci4\system\Common.php(1089): CodeIgniter\View\View->render('ruangan/pdf', Array, true)
#4 C:\xampp\htdocs\si_inventaris_ci4\app\Controllers\Ruangan.php(37): view('ruangan/pdf', Array)
#5 C:\xampp\htdocs\si_inventaris_ci4\system\CodeIgniter.php(832): App\Controllers\Ruangan->pdf()
#6 C:\xampp\htdocs\si_inventaris_ci4\system\CodeIgniter.php(419): CodeIgniter\CodeIgniter->runController(Object(App\Controllers\Ruangan))
#7 C:\xampp\htdocs\si_inventaris_ci4\system\CodeIgniter.php(326): CodeIgniter\CodeIgniter->handleRequest(NULL, Object(Config\Cache), false)
#8 C:\xampp\htdocs\si_inventaris_ci4\public\index.php(37): CodeIgniter\CodeIgniter->run()
#9 C:\xampp\htdocs\si_inventaris_ci4\system\Commands\Server\rewrite.php(43): require_once('C:\\xampp\\htdocs...')
#10 {main}
CRITICAL - 2022-06-14 16:00:37 --> Undefined variable $penyimpanan
#0 C:\xampp\htdocs\si_inventaris_ci4\app\Views\menyimpan\pdf.php(201): CodeIgniter\Debug\Exceptions->errorHandler(2, 'Undefined varia...', 'C:\\xampp\\htdocs...', 201)
#1 C:\xampp\htdocs\si_inventaris_ci4\system\View\View.php(210): include('C:\\xampp\\htdocs...')
#2 C:\xampp\htdocs\si_inventaris_ci4\system\View\View.php(213): CodeIgniter\View\View->CodeIgniter\View\{closure}()
#3 C:\xampp\htdocs\si_inventaris_ci4\system\Common.php(1089): CodeIgniter\View\View->render('menyimpan/pdf', Array, true)
#4 C:\xampp\htdocs\si_inventaris_ci4\app\Controllers\Penyimpanan.php(39): view('menyimpan/pdf', Array)
#5 C:\xampp\htdocs\si_inventaris_ci4\system\CodeIgniter.php(832): App\Controllers\Penyimpanan->pdf()
#6 C:\xampp\htdocs\si_inventaris_ci4\system\CodeIgniter.php(419): CodeIgniter\CodeIgniter->runController(Object(App\Controllers\Penyimpanan))
#7 C:\xampp\htdocs\si_inventaris_ci4\system\CodeIgniter.php(326): CodeIgniter\CodeIgniter->handleRequest(NULL, Object(Config\Cache), false)
#8 C:\xampp\htdocs\si_inventaris_ci4\public\index.php(37): CodeIgniter\CodeIgniter->run()
#9 C:\xampp\htdocs\si_inventaris_ci4\system\Commands\Server\rewrite.php(43): require_once('C:\\xampp\\htdocs...')
#10 {main}
CRITICAL - 2022-06-14 17:58:58 --> Undefined variable $ruangan
#0 C:\xampp\htdocs\si_inventaris_ci4\app\Views\barang\qrcode.php(61): CodeIgniter\Debug\Exceptions->errorHandler(2, 'Undefined varia...', 'C:\\xampp\\htdocs...', 61)
#1 C:\xampp\htdocs\si_inventaris_ci4\system\View\View.php(210): include('C:\\xampp\\htdocs...')
#2 C:\xampp\htdocs\si_inventaris_ci4\system\View\View.php(213): CodeIgniter\View\View->CodeIgniter\View\{closure}()
#3 C:\xampp\htdocs\si_inventaris_ci4\system\Common.php(1089): CodeIgniter\View\View->render('barang/qrcode', Array, true)
#4 C:\xampp\htdocs\si_inventaris_ci4\app\Controllers\Barang.php(339): view('barang/qrcode', Array)
#5 C:\xampp\htdocs\si_inventaris_ci4\system\CodeIgniter.php(832): App\Controllers\Barang->qrcode('3')
#6 C:\xampp\htdocs\si_inventaris_ci4\system\CodeIgniter.php(419): CodeIgniter\CodeIgniter->runController(Object(App\Controllers\Barang))
#7 C:\xampp\htdocs\si_inventaris_ci4\system\CodeIgniter.php(326): CodeIgniter\CodeIgniter->handleRequest(NULL, Object(Config\Cache), false)
#8 C:\xampp\htdocs\si_inventaris_ci4\public\index.php(37): CodeIgniter\CodeIgniter->run()
#9 C:\xampp\htdocs\si_inventaris_ci4\system\Commands\Server\rewrite.php(43): require_once('C:\\xampp\\htdocs...')
#10 {main}
CRITICAL - 2022-06-14 18:04:56 --> Undefined variable $barangs
#0 C:\xampp\htdocs\si_inventaris_ci4\app\Views\barang\view.php(81): CodeIgniter\Debug\Exceptions->errorHandler(2, 'Undefined varia...', 'C:\\xampp\\htdocs...', 81)
#1 C:\xampp\htdocs\si_inventaris_ci4\system\View\View.php(210): include('C:\\xampp\\htdocs...')
#2 C:\xampp\htdocs\si_inventaris_ci4\system\View\View.php(213): CodeIgniter\View\View->CodeIgniter\View\{closure}()
#3 C:\xampp\htdocs\si_inventaris_ci4\system\Common.php(1089): CodeIgniter\View\View->render('barang/view', Array, true)
#4 C:\xampp\htdocs\si_inventaris_ci4\app\Controllers\Barang.php(323): view('barang/view', Array)
#5 C:\xampp\htdocs\si_inventaris_ci4\system\CodeIgniter.php(832): App\Controllers\Barang->view('3')
#6 C:\xampp\htdocs\si_inventaris_ci4\system\CodeIgniter.php(419): CodeIgniter\CodeIgniter->runController(Object(App\Controllers\Barang))
#7 C:\xampp\htdocs\si_inventaris_ci4\system\CodeIgniter.php(326): CodeIgniter\CodeIgniter->handleRequest(NULL, Object(Config\Cache), false)
#8 C:\xampp\htdocs\si_inventaris_ci4\public\index.php(37): CodeIgniter\CodeIgniter->run()
#9 C:\xampp\htdocs\si_inventaris_ci4\system\Commands\Server\rewrite.php(43): require_once('C:\\xampp\\htdocs...')
#10 {main}
CRITICAL - 2022-06-14 18:28:58 --> Undefined variable $barang
#0 C:\xampp\htdocs\si_inventaris_ci4\app\Views\qrcode\qrcode_scan.php(10): CodeIgniter\Debug\Exceptions->errorHandler(2, 'Undefined varia...', 'C:\\xampp\\htdocs...', 10)
#1 C:\xampp\htdocs\si_inventaris_ci4\system\View\View.php(210): include('C:\\xampp\\htdocs...')
#2 C:\xampp\htdocs\si_inventaris_ci4\system\View\View.php(213): CodeIgniter\View\View->CodeIgniter\View\{closure}()
#3 C:\xampp\htdocs\si_inventaris_ci4\system\Common.php(1089): CodeIgniter\View\View->render('qrcode/qrcode_s...', Array, true)
#4 C:\xampp\htdocs\si_inventaris_ci4\app\Controllers\Scan.php(11): view('qrcode/qrcode_s...')
#5 C:\xampp\htdocs\si_inventaris_ci4\system\CodeIgniter.php(832): App\Controllers\Scan->index()
#6 C:\xampp\htdocs\si_inventaris_ci4\system\CodeIgniter.php(419): CodeIgniter\CodeIgniter->runController(Object(App\Controllers\Scan))
#7 C:\xampp\htdocs\si_inventaris_ci4\system\CodeIgniter.php(326): CodeIgniter\CodeIgniter->handleRequest(NULL, Object(Config\Cache), false)
#8 C:\xampp\htdocs\si_inventaris_ci4\public\index.php(37): CodeIgniter\CodeIgniter->run()
#9 C:\xampp\htdocs\si_inventaris_ci4\system\Commands\Server\rewrite.php(43): require_once('C:\\xampp\\htdocs...')
#10 {main}
CRITICAL - 2022-06-14 18:29:39 --> Undefined variable $barang
#0 C:\xampp\htdocs\si_inventaris_ci4\app\Views\qrcode\qrcode_scan.php(65): CodeIgniter\Debug\Exceptions->errorHandler(2, 'Undefined varia...', 'C:\\xampp\\htdocs...', 65)
#1 C:\xampp\htdocs\si_inventaris_ci4\system\View\View.php(210): include('C:\\xampp\\htdocs...')
#2 C:\xampp\htdocs\si_inventaris_ci4\system\View\View.php(213): CodeIgniter\View\View->CodeIgniter\View\{closure}()
#3 C:\xampp\htdocs\si_inventaris_ci4\system\Common.php(1089): CodeIgniter\View\View->render('qrcode/qrcode_s...', Array, true)
#4 C:\xampp\htdocs\si_inventaris_ci4\app\Controllers\Scan.php(11): view('qrcode/qrcode_s...')
#5 C:\xampp\htdocs\si_inventaris_ci4\system\CodeIgniter.php(832): App\Controllers\Scan->index()
#6 C:\xampp\htdocs\si_inventaris_ci4\system\CodeIgniter.php(419): CodeIgniter\CodeIgniter->runController(Object(App\Controllers\Scan))
#7 C:\xampp\htdocs\si_inventaris_ci4\system\CodeIgniter.php(326): CodeIgniter\CodeIgniter->handleRequest(NULL, Object(Config\Cache), false)
#8 C:\xampp\htdocs\si_inventaris_ci4\public\index.php(37): CodeIgniter\CodeIgniter->run()
#9 C:\xampp\htdocs\si_inventaris_ci4\system\Commands\Server\rewrite.php(43): require_once('C:\\xampp\\htdocs...')
#10 {main}
CRITICAL - 2022-06-14 18:30:59 --> Undefined variable $barang
#0 C:\xampp\htdocs\si_inventaris_ci4\app\Views\qrcode\qrcode_scan.php(84): CodeIgniter\Debug\Exceptions->errorHandler(2, 'Undefined varia...', 'C:\\xampp\\htdocs...', 84)
#1 C:\xampp\htdocs\si_inventaris_ci4\system\View\View.php(210): include('C:\\xampp\\htdocs...')
#2 C:\xampp\htdocs\si_inventaris_ci4\system\View\View.php(213): CodeIgniter\View\View->CodeIgniter\View\{closure}()
#3 C:\xampp\htdocs\si_inventaris_ci4\system\Common.php(1089): CodeIgniter\View\View->render('qrcode/qrcode_s...', Array, true)
#4 C:\xampp\htdocs\si_inventaris_ci4\app\Controllers\Scan.php(11): view('qrcode/qrcode_s...')
#5 C:\xampp\htdocs\si_inventaris_ci4\system\CodeIgniter.php(832): App\Controllers\Scan->index()
#6 C:\xampp\htdocs\si_inventaris_ci4\system\CodeIgniter.php(419): CodeIgniter\CodeIgniter->runController(Object(App\Controllers\Scan))
#7 C:\xampp\htdocs\si_inventaris_ci4\system\CodeIgniter.php(326): CodeIgniter\CodeIgniter->handleRequest(NULL, Object(Config\Cache), false)
#8 C:\xampp\htdocs\si_inventaris_ci4\public\index.php(37): CodeIgniter\CodeIgniter->run()
#9 C:\xampp\htdocs\si_inventaris_ci4\system\Commands\Server\rewrite.php(43): require_once('C:\\xampp\\htdocs...')
#10 {main}
CRITICAL - 2022-06-14 18:31:03 --> Undefined variable $barang
#0 C:\xampp\htdocs\si_inventaris_ci4\app\Views\qrcode\qrcode_scan.php(84): CodeIgniter\Debug\Exceptions->errorHandler(2, 'Undefined varia...', 'C:\\xampp\\htdocs...', 84)
#1 C:\xampp\htdocs\si_inventaris_ci4\system\View\View.php(210): include('C:\\xampp\\htdocs...')
#2 C:\xampp\htdocs\si_inventaris_ci4\system\View\View.php(213): CodeIgniter\View\View->CodeIgniter\View\{closure}()
#3 C:\xampp\htdocs\si_inventaris_ci4\system\Common.php(1089): CodeIgniter\View\View->render('qrcode/qrcode_s...', Array, true)
#4 C:\xampp\htdocs\si_inventaris_ci4\app\Controllers\Scan.php(11): view('qrcode/qrcode_s...')
#5 C:\xampp\htdocs\si_inventaris_ci4\system\CodeIgniter.php(832): App\Controllers\Scan->index()
#6 C:\xampp\htdocs\si_inventaris_ci4\system\CodeIgniter.php(419): CodeIgniter\CodeIgniter->runController(Object(App\Controllers\Scan))
#7 C:\xampp\htdocs\si_inventaris_ci4\system\CodeIgniter.php(326): CodeIgniter\CodeIgniter->handleRequest(NULL, Object(Config\Cache), false)
#8 C:\xampp\htdocs\si_inventaris_ci4\public\index.php(37): CodeIgniter\CodeIgniter->run()
#9 C:\xampp\htdocs\si_inventaris_ci4\system\Commands\Server\rewrite.php(43): require_once('C:\\xampp\\htdocs...')
#10 {main}
CRITICAL - 2022-06-14 18:31:16 --> Undefined variable $title
#0 C:\xampp\htdocs\si_inventaris_ci4\app\Views\header.php(12): CodeIgniter\Debug\Exceptions->errorHandler(2, 'Undefined varia...', 'C:\\xampp\\htdocs...', 12)
#1 C:\xampp\htdocs\si_inventaris_ci4\system\View\View.php(210): include('C:\\xampp\\htdocs...')
#2 C:\xampp\htdocs\si_inventaris_ci4\system\View\View.php(213): CodeIgniter\View\View->CodeIgniter\View\{closure}()
#3 C:\xampp\htdocs\si_inventaris_ci4\system\View\View.php(226): CodeIgniter\View\View->render('header', Array, true)
#4 C:\xampp\htdocs\si_inventaris_ci4\system\Common.php(1089): CodeIgniter\View\View->render('qrcode/qrcode_s...', Array, true)
#5 C:\xampp\htdocs\si_inventaris_ci4\app\Controllers\Scan.php(11): view('qrcode/qrcode_s...')
#6 C:\xampp\htdocs\si_inventaris_ci4\system\CodeIgniter.php(832): App\Controllers\Scan->index()
#7 C:\xampp\htdocs\si_inventaris_ci4\system\CodeIgniter.php(419): CodeIgniter\CodeIgniter->runController(Object(App\Controllers\Scan))
#8 C:\xampp\htdocs\si_inventaris_ci4\system\CodeIgniter.php(326): CodeIgniter\CodeIgniter->handleRequest(NULL, Object(Config\Cache), false)
#9 C:\xampp\htdocs\si_inventaris_ci4\public\index.php(37): CodeIgniter\CodeIgniter->run()
#10 C:\xampp\htdocs\si_inventaris_ci4\system\Commands\Server\rewrite.php(43): require_once('C:\\xampp\\htdocs...')
#11 {main}
CRITICAL - 2022-06-14 19:13:31 --> Undefined variable $barang
#0 C:\xampp\htdocs\si_inventaris_ci4\app\Views\qrcode\pdf.php(183): CodeIgniter\Debug\Exceptions->errorHandler(2, 'Undefined varia...', 'C:\\xampp\\htdocs...', 183)
#1 C:\xampp\htdocs\si_inventaris_ci4\system\View\View.php(210): include('C:\\xampp\\htdocs...')
#2 C:\xampp\htdocs\si_inventaris_ci4\system\View\View.php(213): CodeIgniter\View\View->CodeIgniter\View\{closure}()
#3 C:\xampp\htdocs\si_inventaris_ci4\system\Common.php(1089): CodeIgniter\View\View->render('qrcode/pdf', Array, true)
#4 C:\xampp\htdocs\si_inventaris_ci4\app\Controllers\Scan.php(37): view('qrcode/pdf', Array)
#5 C:\xampp\htdocs\si_inventaris_ci4\system\CodeIgniter.php(832): App\Controllers\Scan->pdf('3')
#6 C:\xampp\htdocs\si_inventaris_ci4\system\CodeIgniter.php(419): CodeIgniter\CodeIgniter->runController(Object(App\Controllers\Scan))
#7 C:\xampp\htdocs\si_inventaris_ci4\system\CodeIgniter.php(326): CodeIgniter\CodeIgniter->handleRequest(NULL, Object(Config\Cache), false)
#8 C:\xampp\htdocs\si_inventaris_ci4\public\index.php(37): CodeIgniter\CodeIgniter->run()
#9 C:\xampp\htdocs\si_inventaris_ci4\system\Commands\Server\rewrite.php(43): require_once('C:\\xampp\\htdocs...')
#10 {main}
CRITICAL - 2022-06-14 19:13:52 --> Undefined property: App\Controllers\Scan::$dompdf
#0 C:\xampp\htdocs\si_inventaris_ci4\app\Controllers\Scan.php(39): CodeIgniter\Debug\Exceptions->errorHandler(2, 'Undefined prope...', 'C:\\xampp\\htdocs...', 39)
#1 C:\xampp\htdocs\si_inventaris_ci4\system\CodeIgniter.php(832): App\Controllers\Scan->pdf('3')
#2 C:\xampp\htdocs\si_inventaris_ci4\system\CodeIgniter.php(419): CodeIgniter\CodeIgniter->runController(Object(App\Controllers\Scan))
#3 C:\xampp\htdocs\si_inventaris_ci4\system\CodeIgniter.php(326): CodeIgniter\CodeIgniter->handleRequest(NULL, Object(Config\Cache), false)
#4 C:\xampp\htdocs\si_inventaris_ci4\public\index.php(37): CodeIgniter\CodeIgniter->run()
#5 C:\xampp\htdocs\si_inventaris_ci4\system\Commands\Server\rewrite.php(43): require_once('C:\\xampp\\htdocs...')
#6 {main}
CRITICAL - 2022-06-14 19:44:33 --> Attempt to read property "id_barang" on null
#0 C:\xampp\htdocs\si_inventaris_ci4\app\Views\qrcode\pdf.php(183): CodeIgniter\Debug\Exceptions->errorHandler(2, 'Attempt to read...', 'C:\\xampp\\htdocs...', 183)
#1 C:\xampp\htdocs\si_inventaris_ci4\system\View\View.php(210): include('C:\\xampp\\htdocs...')
#2 C:\xampp\htdocs\si_inventaris_ci4\system\View\View.php(213): CodeIgniter\View\View->CodeIgniter\View\{closure}()
#3 C:\xampp\htdocs\si_inventaris_ci4\system\Common.php(1089): CodeIgniter\View\View->render('qrcode/pdf', Array, true)
#4 C:\xampp\htdocs\si_inventaris_ci4\app\Controllers\Scan.php(40): view('qrcode/pdf', Array)
#5 C:\xampp\htdocs\si_inventaris_ci4\system\CodeIgniter.php(832): App\Controllers\Scan->pdf('dimension.png')
#6 C:\xampp\htdocs\si_inventaris_ci4\system\CodeIgniter.php(419): CodeIgniter\CodeIgniter->runController(Object(App\Controllers\Scan))
#7 C:\xampp\htdocs\si_inventaris_ci4\system\CodeIgniter.php(326): CodeIgniter\CodeIgniter->handleRequest(NULL, Object(Config\Cache), false)
#8 C:\xampp\htdocs\si_inventaris_ci4\public\index.php(37): CodeIgniter\CodeIgniter->run()
#9 C:\xampp\htdocs\si_inventaris_ci4\system\Commands\Server\rewrite.php(43): require_once('C:\\xampp\\htdocs...')
#10 {main}
CRITICAL - 2022-06-14 19:45:03 --> Attempt to read property "id_barang" on null
#0 C:\xampp\htdocs\si_inventaris_ci4\app\Views\qrcode\pdf.php(183): CodeIgniter\Debug\Exceptions->errorHandler(2, 'Attempt to read...', 'C:\\xampp\\htdocs...', 183)
#1 C:\xampp\htdocs\si_inventaris_ci4\system\View\View.php(210): include('C:\\xampp\\htdocs...')
#2 C:\xampp\htdocs\si_inventaris_ci4\system\View\View.php(213): CodeIgniter\View\View->CodeIgniter\View\{closure}()
#3 C:\xampp\htdocs\si_inventaris_ci4\system\Common.php(1089): CodeIgniter\View\View->render('qrcode/pdf', Array, true)
#4 C:\xampp\htdocs\si_inventaris_ci4\app\Controllers\Scan.php(40): view('qrcode/pdf', Array)
#5 C:\xampp\htdocs\si_inventaris_ci4\system\CodeIgniter.php(832): App\Controllers\Scan->pdf('dimension.png')
#6 C:\xampp\htdocs\si_inventaris_ci4\system\CodeIgniter.php(419): CodeIgniter\CodeIgniter->runController(Object(App\Controllers\Scan))
#7 C:\xampp\htdocs\si_inventaris_ci4\system\CodeIgniter.php(326): CodeIgniter\CodeIgniter->handleRequest(NULL, Object(Config\Cache), false)
#8 C:\xampp\htdocs\si_inventaris_ci4\public\index.php(37): CodeIgniter\CodeIgniter->run()
#9 C:\xampp\htdocs\si_inventaris_ci4\system\Commands\Server\rewrite.php(43): require_once('C:\\xampp\\htdocs...')
#10 {main}
